2022-05-03 16:38:07,916 INFO [restartedMain] c.e.c.CommunityApplication [StartupInfoLogger.java:55] Starting CommunityApplication using Java 1.8.0_311 on LAPTOP-IS7H869C with PID 14496 (D:\DevelopmentCode\community\target\classes started by Xuuuuuuuu in D:\DevelopmentCode\community)
2022-05-03 16:38:07,920 INFO [restartedMain] c.e.c.CommunityApplication [SpringApplication.java:640] No active profile set, falling back to 1 default profile: "default"
2022-05-03 16:38:07,977 INFO [restartedMain] o.s.b.d.e.DevToolsPropertyDefaultsPostProcessor [DeferredLog.java:255] Devtools property defaults active! Set 'spring.devtools.add-properties' to 'false' to disable
2022-05-03 16:38:07,977 INFO [restartedMain] o.s.b.d.e.DevToolsPropertyDefaultsPostProcessor [DeferredLog.java:255] For additional web related logging consider setting the 'logging.level.web' property to 'DEBUG'
2022-05-03 16:38:09,036 INFO [restartedMain] o.s.d.r.c.RepositoryConfigurationDelegate [RepositoryConfigurationDelegate.java:262] Multiple Spring Data modules found, entering strict repository configuration mode!
2022-05-03 16:38:09,039 INFO [restartedMain] o.s.d.r.c.RepositoryConfigurationDelegate [RepositoryConfigurationDelegate.java:132] Bootstrapping Spring Data Redis repositories in DEFAULT mode.
2022-05-03 16:38:09,064 INFO [restartedMain] o.s.d.r.c.RepositoryConfigurationDelegate [RepositoryConfigurationDelegate.java:201] Finished Spring Data repository scanning in 9 ms. Found 0 Redis repository interfaces.
2022-05-03 16:38:09,893 INFO [restartedMain] o.s.b.w.e.t.TomcatWebServer [TomcatWebServer.java:108] Tomcat initialized with port(s): 8080 (http)
2022-05-03 16:38:09,901 INFO [restartedMain] o.a.c.h.Http11NioProtocol [DirectJDKLog.java:173] Initializing ProtocolHandler ["http-nio-8080"]
2022-05-03 16:38:09,902 INFO [restartedMain] o.a.c.c.StandardService [DirectJDKLog.java:173] Starting service [Tomcat]
2022-05-03 16:38:09,902 INFO [restartedMain] o.a.c.c.StandardEngine [DirectJDKLog.java:173] Starting Servlet engine: [Apache Tomcat/9.0.60]
2022-05-03 16:38:09,988 INFO [restartedMain] o.a.c.c.C.[.[.[/community] [DirectJDKLog.java:173] Initializing Spring embedded WebApplicationContext
2022-05-03 16:38:09,988 INFO [restartedMain] o.s.b.w.s.c.ServletWebServerApplicationContext [ServletWebServerApplicationContext.java:290] Root WebApplicationContext: initialization completed in 2010 ms
2022-05-03 16:38:11,178 INFO [restartedMain] o.s.b.a.w.s.WelcomePageHandlerMapping [WelcomePageHandlerMapping.java:57] Adding welcome page template: index
2022-05-03 16:38:11,501 INFO [restartedMain] o.s.b.d.a.OptionalLiveReloadServer [OptionalLiveReloadServer.java:58] LiveReload server is running on port 35729
2022-05-03 16:38:11,580 INFO [restartedMain] o.a.k.c.c.ConsumerConfig [AbstractConfig.java:376] ConsumerConfig values: 
	allow.auto.create.topics = true
	auto.commit.interval.ms = 3000
	auto.offset.reset = latest
	bootstrap.servers = [192.168.200.130:9092]
	check.crcs = true
	client.dns.lookup = use_all_dns_ips
	client.id = consumer-test-consumer-group-1
	client.rack = 
	connections.max.idle.ms = 540000
	default.api.timeout.ms = 60000
	enable.auto.commit = true
	exclude.internal.topics = true
	fetch.max.bytes = 52428800
	fetch.max.wait.ms = 500
	fetch.min.bytes = 1
	group.id = test-consumer-group
	group.instance.id = null
	heartbeat.interval.ms = 3000
	interceptor.classes = []
	internal.leave.group.on.close = true
	internal.throw.on.fetch.stable.offset.unsupported = false
	isolation.level = read_uncommitted
	key.deserializer = class org.apache.kafka.common.serialization.StringDeserializer
	max.partition.fetch.bytes = 1048576
	max.poll.interval.ms = 300000
	max.poll.records = 500
	metadata.max.age.ms = 300000
	metric.reporters = []
	metrics.num.samples = 2
	metrics.recording.level = INFO
	metrics.sample.window.ms = 30000
	partition.assignment.strategy = [class org.apache.kafka.clients.consumer.RangeAssignor, class org.apache.kafka.clients.consumer.CooperativeStickyAssignor]
	receive.buffer.bytes = 65536
	reconnect.backoff.max.ms = 1000
	reconnect.backoff.ms = 50
	request.timeout.ms = 30000
	retry.backoff.ms = 100
	sasl.client.callback.handler.class = null
	sasl.jaas.config = null
	sasl.kerberos.kinit.cmd = /usr/bin/kinit
	sasl.kerberos.min.time.before.relogin = 60000
	sasl.kerberos.service.name = null
	sasl.kerberos.ticket.renew.jitter = 0.05
	sasl.kerberos.ticket.renew.window.factor = 0.8
	sasl.login.callback.handler.class = null
	sasl.login.class = null
	sasl.login.refresh.buffer.seconds = 300
	sasl.login.refresh.min.period.seconds = 60
	sasl.login.refresh.window.factor = 0.8
	sasl.login.refresh.window.jitter = 0.05
	sasl.mechanism = GSSAPI
	security.protocol = PLAINTEXT
	security.providers = null
	send.buffer.bytes = 131072
	session.timeout.ms = 45000
	socket.connection.setup.timeout.max.ms = 30000
	socket.connection.setup.timeout.ms = 10000
	ssl.cipher.suites = null
	ssl.enabled.protocols = [TLSv1.2]
	ssl.endpoint.identification.algorithm = https
	ssl.engine.factory.class = null
	ssl.key.password = null
	ssl.keymanager.algorithm = SunX509
	ssl.keystore.certificate.chain = null
	ssl.keystore.key = null
	ssl.keystore.location = null
	ssl.keystore.password = null
	ssl.keystore.type = JKS
	ssl.protocol = TLSv1.2
	ssl.provider = null
	ssl.secure.random.implementation = null
	ssl.trustmanager.algorithm = PKIX
	ssl.truststore.certificates = null
	ssl.truststore.location = null
	ssl.truststore.password = null
	ssl.truststore.type = JKS
	value.deserializer = class org.apache.kafka.common.serialization.StringDeserializer

2022-05-03 16:38:11,664 INFO [restartedMain] o.a.k.c.u.AppInfoParser [AppInfoParser.java:119] Kafka version: 3.0.1
2022-05-03 16:38:11,665 INFO [restartedMain] o.a.k.c.u.AppInfoParser [AppInfoParser.java:120] Kafka commitId: 8e30984f43e64d8b
2022-05-03 16:38:11,665 INFO [restartedMain] o.a.k.c.u.AppInfoParser [AppInfoParser.java:121] Kafka startTimeMs: 1651567091662
2022-05-03 16:38:11,669 INFO [restartedMain] o.a.k.c.c.KafkaConsumer [KafkaConsumer.java:966] [Consumer clientId=consumer-test-consumer-group-1, groupId=test-consumer-group] Subscribed to topic(s): comment, follow, like
2022-05-03 16:38:11,682 INFO [restartedMain] o.a.c.h.Http11NioProtocol [DirectJDKLog.java:173] Starting ProtocolHandler ["http-nio-8080"]
2022-05-03 16:38:11,697 INFO [restartedMain] o.s.b.w.e.t.TomcatWebServer [TomcatWebServer.java:220] Tomcat started on port(s): 8080 (http) with context path '/community'
2022-05-03 16:38:11,708 INFO [restartedMain] c.e.c.CommunityApplication [StartupInfoLogger.java:61] Started CommunityApplication in 4.311 seconds (JVM running for 7.007)
2022-05-03 16:38:12,148 INFO [org.springframework.kafka.KafkaListenerEndpointContainer#0-0-C-1] o.a.k.c.Metadata [Metadata.java:401] [Consumer clientId=consumer-test-consumer-group-1, groupId=test-consumer-group] Resetting the last seen epoch of partition like-0 to 0 since the associated topicId changed from null to zeXvlklvQcmyGaJW7jjf8Q
2022-05-03 16:38:12,149 INFO [org.springframework.kafka.KafkaListenerEndpointContainer#0-0-C-1] o.a.k.c.Metadata [Metadata.java:401] [Consumer clientId=consumer-test-consumer-group-1, groupId=test-consumer-group] Resetting the last seen epoch of partition comment-0 to 0 since the associated topicId changed from null to mpT5LaOiR-WnuoWoCBRkGg
2022-05-03 16:38:12,149 INFO [org.springframework.kafka.KafkaListenerEndpointContainer#0-0-C-1] o.a.k.c.Metadata [Metadata.java:401] [Consumer clientId=consumer-test-consumer-group-1, groupId=test-consumer-group] Resetting the last seen epoch of partition follow-0 to 0 since the associated topicId changed from null to KTbdI91TRICsd_64wNj3ZQ
2022-05-03 16:38:12,151 INFO [org.springframework.kafka.KafkaListenerEndpointContainer#0-0-C-1] o.a.k.c.Metadata [Metadata.java:287] [Consumer clientId=consumer-test-consumer-group-1, groupId=test-consumer-group] Cluster ID: B1ydMZq1ReSZomaOoSuT4A
2022-05-03 16:38:12,153 INFO [org.springframework.kafka.KafkaListenerEndpointContainer#0-0-C-1] o.a.k.c.c.i.ConsumerCoordinator [AbstractCoordinator.java:849] [Consumer clientId=consumer-test-consumer-group-1, groupId=test-consumer-group] Discovered group coordinator 192.168.200.130:9092 (id: 2147483647 rack: null)
2022-05-03 16:38:12,157 INFO [org.springframework.kafka.KafkaListenerEndpointContainer#0-0-C-1] o.a.k.c.c.i.ConsumerCoordinator [AbstractCoordinator.java:535] [Consumer clientId=consumer-test-consumer-group-1, groupId=test-consumer-group] (Re-)joining group
2022-05-03 16:38:12,174 INFO [org.springframework.kafka.KafkaListenerEndpointContainer#0-0-C-1] o.a.k.c.c.i.ConsumerCoordinator [AbstractCoordinator.java:988] [Consumer clientId=consumer-test-consumer-group-1, groupId=test-consumer-group] Request joining group due to: need to re-join with the given member-id
2022-05-03 16:38:12,174 INFO [org.springframework.kafka.KafkaListenerEndpointContainer#0-0-C-1] o.a.k.c.c.i.ConsumerCoordinator [AbstractCoordinator.java:535] [Consumer clientId=consumer-test-consumer-group-1, groupId=test-consumer-group] (Re-)joining group
2022-05-03 16:38:12,178 INFO [org.springframework.kafka.KafkaListenerEndpointContainer#0-0-C-1] o.a.k.c.c.i.ConsumerCoordinator [AbstractCoordinator.java:591] [Consumer clientId=consumer-test-consumer-group-1, groupId=test-consumer-group] Successfully joined group with generation Generation{generationId=36, memberId='consumer-test-consumer-group-1-e54bdf28-bebb-4c2c-87ff-be34f3511ac1', protocol='range'}
2022-05-03 16:38:12,181 INFO [org.springframework.kafka.KafkaListenerEndpointContainer#0-0-C-1] o.a.k.c.c.i.ConsumerCoordinator [ConsumerCoordinator.java:652] [Consumer clientId=consumer-test-consumer-group-1, groupId=test-consumer-group] Finished assignment for group at generation 36: {consumer-test-consumer-group-1-e54bdf28-bebb-4c2c-87ff-be34f3511ac1=Assignment(partitions=[like-0, comment-0, follow-0])}
2022-05-03 16:38:12,191 INFO [org.springframework.kafka.KafkaListenerEndpointContainer#0-0-C-1] o.a.k.c.c.i.ConsumerCoordinator [AbstractCoordinator.java:757] [Consumer clientId=consumer-test-consumer-group-1, groupId=test-consumer-group] Successfully synced group in generation Generation{generationId=36, memberId='consumer-test-consumer-group-1-e54bdf28-bebb-4c2c-87ff-be34f3511ac1', protocol='range'}
2022-05-03 16:38:12,192 INFO [org.springframework.kafka.KafkaListenerEndpointContainer#0-0-C-1] o.a.k.c.c.i.ConsumerCoordinator [ConsumerCoordinator.java:279] [Consumer clientId=consumer-test-consumer-group-1, groupId=test-consumer-group] Notifying assignor about the new Assignment(partitions=[like-0, comment-0, follow-0])
2022-05-03 16:38:12,197 INFO [org.springframework.kafka.KafkaListenerEndpointContainer#0-0-C-1] o.a.k.c.c.i.ConsumerCoordinator [ConsumerCoordinator.java:291] [Consumer clientId=consumer-test-consumer-group-1, groupId=test-consumer-group] Adding newly assigned partitions: comment-0, like-0, follow-0
2022-05-03 16:38:12,212 INFO [org.springframework.kafka.KafkaListenerEndpointContainer#0-0-C-1] o.a.k.c.c.i.ConsumerCoordinator [ConsumerCoordinator.java:844] [Consumer clientId=consumer-test-consumer-group-1, groupId=test-consumer-group] Setting offset for partition comment-0 to the committed offset FetchPosition{offset=2, offsetEpoch=Optional[0], currentLeader=LeaderAndEpoch{leader=Optional[192.168.200.130:9092 (id: 0 rack: null)], epoch=0}}
2022-05-03 16:38:12,212 INFO [org.springframework.kafka.KafkaListenerEndpointContainer#0-0-C-1] o.a.k.c.c.i.ConsumerCoordinator [ConsumerCoordinator.java:844] [Consumer clientId=consumer-test-consumer-group-1, groupId=test-consumer-group] Setting offset for partition like-0 to the committed offset FetchPosition{offset=2, offsetEpoch=Optional[0], currentLeader=LeaderAndEpoch{leader=Optional[192.168.200.130:9092 (id: 0 rack: null)], epoch=0}}
2022-05-03 16:38:12,213 INFO [org.springframework.kafka.KafkaListenerEndpointContainer#0-0-C-1] o.a.k.c.c.i.ConsumerCoordinator [ConsumerCoordinator.java:844] [Consumer clientId=consumer-test-consumer-group-1, groupId=test-consumer-group] Setting offset for partition follow-0 to the committed offset FetchPosition{offset=1, offsetEpoch=Optional[0], currentLeader=LeaderAndEpoch{leader=Optional[192.168.200.130:9092 (id: 0 rack: null)], epoch=0}}
2022-05-03 16:38:12,227 INFO [org.springframework.kafka.KafkaListenerEndpointContainer#0-0-C-1] o.s.k.l.KafkaMessageListenerContainer [LogAccessor.java:292] test-consumer-group: partitions assigned: [comment-0, like-0, follow-0]
2022-05-03 16:38:17,423 INFO [http-nio-8080-exec-2] o.a.c.c.C.[.[.[/community] [DirectJDKLog.java:173] Initializing Spring DispatcherServlet 'dispatcherServlet'
2022-05-03 16:38:17,423 INFO [http-nio-8080-exec-2] o.s.w.s.DispatcherServlet [FrameworkServlet.java:525] Initializing Servlet 'dispatcherServlet'
2022-05-03 16:38:17,424 INFO [http-nio-8080-exec-2] o.s.w.s.DispatcherServlet [FrameworkServlet.java:547] Completed initialization in 0 ms
2022-05-03 16:38:17,469 INFO [http-nio-8080-exec-2] c.e.c.a.ServiceLogAspect [ServiceLogAspect.java:38] 用户[0:0:0:0:0:0:0:1]，在[2022-05-03 16:38:17]，访问了[com.example.community.service.DiscussPostService.findDiscussPostRows]。
2022-05-03 16:38:17,499 INFO [http-nio-8080-exec-2] c.z.h.HikariDataSource [HikariDataSource.java:110] HikariPool-1 - Starting...
2022-05-03 16:38:17,770 INFO [http-nio-8080-exec-2] c.z.h.HikariDataSource [HikariDataSource.java:123] HikariPool-1 - Start completed.
2022-05-03 16:38:17,850 INFO [http-nio-8080-exec-2] c.e.c.a.ServiceLogAspect [ServiceLogAspect.java:38] 用户[0:0:0:0:0:0:0:1]，在[2022-05-03 16:38:17]，访问了[com.example.community.service.DiscussPostService.findDiscussPosts]。
2022-05-03 16:38:17,862 INFO [http-nio-8080-exec-2] c.e.c.a.ServiceLogAspect [ServiceLogAspect.java:38] 用户[0:0:0:0:0:0:0:1]，在[2022-05-03 16:38:17]，访问了[com.example.community.service.UserService.findUserById]。
2022-05-03 16:38:18,978 INFO [http-nio-8080-exec-2] c.e.c.a.ServiceLogAspect [ServiceLogAspect.java:38] 用户[0:0:0:0:0:0:0:1]，在[2022-05-03 16:38:18]，访问了[com.example.community.service.LikeService.findEntityLikeCount]。
2022-05-03 16:38:18,985 INFO [http-nio-8080-exec-2] c.e.c.a.ServiceLogAspect [ServiceLogAspect.java:38] 用户[0:0:0:0:0:0:0:1]，在[2022-05-03 16:38:18]，访问了[com.example.community.service.UserService.findUserById]。
2022-05-03 16:38:18,993 INFO [http-nio-8080-exec-2] c.e.c.a.ServiceLogAspect [ServiceLogAspect.java:38] 用户[0:0:0:0:0:0:0:1]，在[2022-05-03 16:38:18]，访问了[com.example.community.service.LikeService.findEntityLikeCount]。
2022-05-03 16:38:18,997 INFO [http-nio-8080-exec-2] c.e.c.a.ServiceLogAspect [ServiceLogAspect.java:38] 用户[0:0:0:0:0:0:0:1]，在[2022-05-03 16:38:18]，访问了[com.example.community.service.UserService.findUserById]。
2022-05-03 16:38:19,003 INFO [http-nio-8080-exec-2] c.e.c.a.ServiceLogAspect [ServiceLogAspect.java:38] 用户[0:0:0:0:0:0:0:1]，在[2022-05-03 16:38:19]，访问了[com.example.community.service.LikeService.findEntityLikeCount]。
2022-05-03 16:38:19,005 INFO [http-nio-8080-exec-2] c.e.c.a.ServiceLogAspect [ServiceLogAspect.java:38] 用户[0:0:0:0:0:0:0:1]，在[2022-05-03 16:38:19]，访问了[com.example.community.service.UserService.findUserById]。
2022-05-03 16:38:19,010 INFO [http-nio-8080-exec-2] c.e.c.a.ServiceLogAspect [ServiceLogAspect.java:38] 用户[0:0:0:0:0:0:0:1]，在[2022-05-03 16:38:19]，访问了[com.example.community.service.LikeService.findEntityLikeCount]。
2022-05-03 16:38:19,012 INFO [http-nio-8080-exec-2] c.e.c.a.ServiceLogAspect [ServiceLogAspect.java:38] 用户[0:0:0:0:0:0:0:1]，在[2022-05-03 16:38:19]，访问了[com.example.community.service.UserService.findUserById]。
2022-05-03 16:38:19,056 INFO [http-nio-8080-exec-2] c.e.c.a.ServiceLogAspect [ServiceLogAspect.java:38] 用户[0:0:0:0:0:0:0:1]，在[2022-05-03 16:38:19]，访问了[com.example.community.service.LikeService.findEntityLikeCount]。
2022-05-03 16:38:19,058 INFO [http-nio-8080-exec-2] c.e.c.a.ServiceLogAspect [ServiceLogAspect.java:38] 用户[0:0:0:0:0:0:0:1]，在[2022-05-03 16:38:19]，访问了[com.example.community.service.UserService.findUserById]。
2022-05-03 16:38:19,060 INFO [http-nio-8080-exec-2] c.e.c.a.ServiceLogAspect [ServiceLogAspect.java:38] 用户[0:0:0:0:0:0:0:1]，在[2022-05-03 16:38:19]，访问了[com.example.community.service.LikeService.findEntityLikeCount]。
2022-05-03 16:38:19,062 INFO [http-nio-8080-exec-2] c.e.c.a.ServiceLogAspect [ServiceLogAspect.java:38] 用户[0:0:0:0:0:0:0:1]，在[2022-05-03 16:38:19]，访问了[com.example.community.service.UserService.findUserById]。
2022-05-03 16:38:19,068 INFO [http-nio-8080-exec-2] c.e.c.a.ServiceLogAspect [ServiceLogAspect.java:38] 用户[0:0:0:0:0:0:0:1]，在[2022-05-03 16:38:19]，访问了[com.example.community.service.LikeService.findEntityLikeCount]。
2022-05-03 16:38:19,070 INFO [http-nio-8080-exec-2] c.e.c.a.ServiceLogAspect [ServiceLogAspect.java:38] 用户[0:0:0:0:0:0:0:1]，在[2022-05-03 16:38:19]，访问了[com.example.community.service.UserService.findUserById]。
2022-05-03 16:38:19,076 INFO [http-nio-8080-exec-2] c.e.c.a.ServiceLogAspect [ServiceLogAspect.java:38] 用户[0:0:0:0:0:0:0:1]，在[2022-05-03 16:38:19]，访问了[com.example.community.service.LikeService.findEntityLikeCount]。
2022-05-03 16:38:19,077 INFO [http-nio-8080-exec-2] c.e.c.a.ServiceLogAspect [ServiceLogAspect.java:38] 用户[0:0:0:0:0:0:0:1]，在[2022-05-03 16:38:19]，访问了[com.example.community.service.UserService.findUserById]。
2022-05-03 16:38:19,083 INFO [http-nio-8080-exec-2] c.e.c.a.ServiceLogAspect [ServiceLogAspect.java:38] 用户[0:0:0:0:0:0:0:1]，在[2022-05-03 16:38:19]，访问了[com.example.community.service.LikeService.findEntityLikeCount]。
2022-05-03 16:38:19,084 INFO [http-nio-8080-exec-2] c.e.c.a.ServiceLogAspect [ServiceLogAspect.java:38] 用户[0:0:0:0:0:0:0:1]，在[2022-05-03 16:38:19]，访问了[com.example.community.service.UserService.findUserById]。
2022-05-03 16:38:19,086 INFO [http-nio-8080-exec-2] c.e.c.a.ServiceLogAspect [ServiceLogAspect.java:38] 用户[0:0:0:0:0:0:0:1]，在[2022-05-03 16:38:19]，访问了[com.example.community.service.LikeService.findEntityLikeCount]。
2022-05-03 17:41:18,927 INFO [org.springframework.kafka.KafkaListenerEndpointContainer#0-0-C-1] o.a.k.c.c.i.ConsumerCoordinator [ConsumerCoordinator.java:310] [Consumer clientId=consumer-test-consumer-group-1, groupId=test-consumer-group] Revoke previously assigned partitions comment-0, like-0, follow-0
2022-05-03 17:41:18,929 INFO [org.springframework.kafka.KafkaListenerEndpointContainer#0-0-C-1] o.s.k.l.KafkaMessageListenerContainer [LogAccessor.java:292] test-consumer-group: partitions revoked: [comment-0, like-0, follow-0]
2022-05-03 17:41:18,930 INFO [org.springframework.kafka.KafkaListenerEndpointContainer#0-0-C-1] o.a.k.c.c.i.ConsumerCoordinator [AbstractCoordinator.java:1048] [Consumer clientId=consumer-test-consumer-group-1, groupId=test-consumer-group] Member consumer-test-consumer-group-1-e54bdf28-bebb-4c2c-87ff-be34f3511ac1 sending LeaveGroup request to coordinator 192.168.200.130:9092 (id: 2147483647 rack: null) due to the consumer unsubscribed from all topics
2022-05-03 17:41:18,934 INFO [org.springframework.kafka.KafkaListenerEndpointContainer#0-0-C-1] o.a.k.c.c.i.ConsumerCoordinator [AbstractCoordinator.java:966] [Consumer clientId=consumer-test-consumer-group-1, groupId=test-consumer-group] Resetting generation due to: consumer pro-actively leaving the group
2022-05-03 17:41:18,935 INFO [org.springframework.kafka.KafkaListenerEndpointContainer#0-0-C-1] o.a.k.c.c.i.ConsumerCoordinator [AbstractCoordinator.java:988] [Consumer clientId=consumer-test-consumer-group-1, groupId=test-consumer-group] Request joining group due to: consumer pro-actively leaving the group
2022-05-03 17:41:18,935 INFO [org.springframework.kafka.KafkaListenerEndpointContainer#0-0-C-1] o.a.k.c.c.KafkaConsumer [KafkaConsumer.java:1075] [Consumer clientId=consumer-test-consumer-group-1, groupId=test-consumer-group] Unsubscribed all topics or patterns and assigned partitions
2022-05-03 17:41:18,936 INFO [org.springframework.kafka.KafkaListenerEndpointContainer#0-0-C-1] o.a.k.c.c.i.ConsumerCoordinator [AbstractCoordinator.java:966] [Consumer clientId=consumer-test-consumer-group-1, groupId=test-consumer-group] Resetting generation due to: consumer pro-actively leaving the group
2022-05-03 17:41:18,936 INFO [org.springframework.kafka.KafkaListenerEndpointContainer#0-0-C-1] o.a.k.c.c.i.ConsumerCoordinator [AbstractCoordinator.java:988] [Consumer clientId=consumer-test-consumer-group-1, groupId=test-consumer-group] Request joining group due to: consumer pro-actively leaving the group
2022-05-03 17:41:37,574 INFO [org.springframework.kafka.KafkaListenerEndpointContainer#0-0-C-1] o.a.k.c.c.i.ConsumerCoordinator [AbstractCoordinator.java:912] [Consumer clientId=consumer-test-consumer-group-1, groupId=test-consumer-group] Group coordinator 192.168.200.130:9092 (id: 2147483647 rack: null) is unavailable or invalid due to cause: null.isDisconnected: true. Rediscovery will be attempted.
2022-05-03 17:41:37,577 INFO [org.springframework.kafka.KafkaListenerEndpointContainer#0-0-C-1] o.a.k.c.m.Metrics [Metrics.java:659] Metrics scheduler closed
2022-05-03 17:41:37,577 INFO [org.springframework.kafka.KafkaListenerEndpointContainer#0-0-C-1] o.a.k.c.m.Metrics [Metrics.java:663] Closing reporter org.apache.kafka.common.metrics.JmxReporter
2022-05-03 17:41:37,578 INFO [org.springframework.kafka.KafkaListenerEndpointContainer#0-0-C-1] o.a.k.c.m.Metrics [Metrics.java:669] Metrics reporters closed
2022-05-03 17:41:37,582 INFO [org.springframework.kafka.KafkaListenerEndpointContainer#0-0-C-1] o.a.k.c.u.AppInfoParser [AppInfoParser.java:83] App info kafka.consumer for consumer-test-consumer-group-1 unregistered
2022-05-03 17:41:37,583 INFO [org.springframework.kafka.KafkaListenerEndpointContainer#0-0-C-1] o.s.k.l.KafkaMessageListenerContainer [LogAccessor.java:292] test-consumer-group: Consumer stopped
2022-05-03 17:41:37,747 INFO [SpringApplicationShutdownHook] c.z.h.HikariDataSource [HikariDataSource.java:350] HikariPool-1 - Shutdown initiated...
2022-05-03 17:41:37,751 INFO [SpringApplicationShutdownHook] c.z.h.HikariDataSource [HikariDataSource.java:352] HikariPool-1 - Shutdown completed.
2022-05-03 18:49:26,389 INFO [restartedMain] c.e.c.CommunityApplication [StartupInfoLogger.java:55] Starting CommunityApplication using Java 1.8.0_311 on LAPTOP-IS7H869C with PID 10536 (D:\DevelopmentCode\community\target\classes started by Xuuuuuuuu in D:\DevelopmentCode\community)
2022-05-03 18:49:26,392 INFO [restartedMain] c.e.c.CommunityApplication [SpringApplication.java:640] No active profile set, falling back to 1 default profile: "default"
2022-05-03 18:49:26,495 INFO [restartedMain] o.s.b.d.e.DevToolsPropertyDefaultsPostProcessor [DeferredLog.java:255] Devtools property defaults active! Set 'spring.devtools.add-properties' to 'false' to disable
2022-05-03 18:49:26,496 INFO [restartedMain] o.s.b.d.e.DevToolsPropertyDefaultsPostProcessor [DeferredLog.java:255] For additional web related logging consider setting the 'logging.level.web' property to 'DEBUG'
2022-05-03 18:49:27,626 INFO [restartedMain] o.s.d.r.c.RepositoryConfigurationDelegate [RepositoryConfigurationDelegate.java:262] Multiple Spring Data modules found, entering strict repository configuration mode!
2022-05-03 18:49:27,629 INFO [restartedMain] o.s.d.r.c.RepositoryConfigurationDelegate [RepositoryConfigurationDelegate.java:132] Bootstrapping Spring Data Redis repositories in DEFAULT mode.
2022-05-03 18:49:27,669 INFO [restartedMain] o.s.d.r.c.RepositoryConfigurationDelegate [RepositoryConfigurationDelegate.java:201] Finished Spring Data repository scanning in 14 ms. Found 0 Redis repository interfaces.
2022-05-03 18:49:28,519 INFO [restartedMain] o.s.b.w.e.t.TomcatWebServer [TomcatWebServer.java:108] Tomcat initialized with port(s): 8080 (http)
2022-05-03 18:49:28,528 INFO [restartedMain] o.a.c.h.Http11NioProtocol [DirectJDKLog.java:173] Initializing ProtocolHandler ["http-nio-8080"]
2022-05-03 18:49:28,530 INFO [restartedMain] o.a.c.c.StandardService [DirectJDKLog.java:173] Starting service [Tomcat]
2022-05-03 18:49:28,530 INFO [restartedMain] o.a.c.c.StandardEngine [DirectJDKLog.java:173] Starting Servlet engine: [Apache Tomcat/9.0.60]
2022-05-03 18:49:28,631 INFO [restartedMain] o.a.c.c.C.[.[.[/community] [DirectJDKLog.java:173] Initializing Spring embedded WebApplicationContext
2022-05-03 18:49:28,633 INFO [restartedMain] o.s.b.w.s.c.ServletWebServerApplicationContext [ServletWebServerApplicationContext.java:290] Root WebApplicationContext: initialization completed in 2135 ms
2022-05-03 18:49:30,119 INFO [restartedMain] o.s.b.a.w.s.WelcomePageHandlerMapping [WelcomePageHandlerMapping.java:57] Adding welcome page template: index
2022-05-03 18:49:30,473 INFO [restartedMain] o.s.b.d.a.OptionalLiveReloadServer [OptionalLiveReloadServer.java:58] LiveReload server is running on port 35729
2022-05-03 18:49:30,568 INFO [restartedMain] o.a.k.c.c.ConsumerConfig [AbstractConfig.java:376] ConsumerConfig values: 
	allow.auto.create.topics = true
	auto.commit.interval.ms = 3000
	auto.offset.reset = latest
	bootstrap.servers = [192.168.200.130:9092]
	check.crcs = true
	client.dns.lookup = use_all_dns_ips
	client.id = consumer-test-consumer-group-1
	client.rack = 
	connections.max.idle.ms = 540000
	default.api.timeout.ms = 60000
	enable.auto.commit = true
	exclude.internal.topics = true
	fetch.max.bytes = 52428800
	fetch.max.wait.ms = 500
	fetch.min.bytes = 1
	group.id = test-consumer-group
	group.instance.id = null
	heartbeat.interval.ms = 3000
	interceptor.classes = []
	internal.leave.group.on.close = true
	internal.throw.on.fetch.stable.offset.unsupported = false
	isolation.level = read_uncommitted
	key.deserializer = class org.apache.kafka.common.serialization.StringDeserializer
	max.partition.fetch.bytes = 1048576
	max.poll.interval.ms = 300000
	max.poll.records = 500
	metadata.max.age.ms = 300000
	metric.reporters = []
	metrics.num.samples = 2
	metrics.recording.level = INFO
	metrics.sample.window.ms = 30000
	partition.assignment.strategy = [class org.apache.kafka.clients.consumer.RangeAssignor, class org.apache.kafka.clients.consumer.CooperativeStickyAssignor]
	receive.buffer.bytes = 65536
	reconnect.backoff.max.ms = 1000
	reconnect.backoff.ms = 50
	request.timeout.ms = 30000
	retry.backoff.ms = 100
	sasl.client.callback.handler.class = null
	sasl.jaas.config = null
	sasl.kerberos.kinit.cmd = /usr/bin/kinit
	sasl.kerberos.min.time.before.relogin = 60000
	sasl.kerberos.service.name = null
	sasl.kerberos.ticket.renew.jitter = 0.05
	sasl.kerberos.ticket.renew.window.factor = 0.8
	sasl.login.callback.handler.class = null
	sasl.login.class = null
	sasl.login.refresh.buffer.seconds = 300
	sasl.login.refresh.min.period.seconds = 60
	sasl.login.refresh.window.factor = 0.8
	sasl.login.refresh.window.jitter = 0.05
	sasl.mechanism = GSSAPI
	security.protocol = PLAINTEXT
	security.providers = null
	send.buffer.bytes = 131072
	session.timeout.ms = 45000
	socket.connection.setup.timeout.max.ms = 30000
	socket.connection.setup.timeout.ms = 10000
	ssl.cipher.suites = null
	ssl.enabled.protocols = [TLSv1.2]
	ssl.endpoint.identification.algorithm = https
	ssl.engine.factory.class = null
	ssl.key.password = null
	ssl.keymanager.algorithm = SunX509
	ssl.keystore.certificate.chain = null
	ssl.keystore.key = null
	ssl.keystore.location = null
	ssl.keystore.password = null
	ssl.keystore.type = JKS
	ssl.protocol = TLSv1.2
	ssl.provider = null
	ssl.secure.random.implementation = null
	ssl.trustmanager.algorithm = PKIX
	ssl.truststore.certificates = null
	ssl.truststore.location = null
	ssl.truststore.password = null
	ssl.truststore.type = JKS
	value.deserializer = class org.apache.kafka.common.serialization.StringDeserializer

2022-05-03 18:49:30,665 INFO [restartedMain] o.a.k.c.u.AppInfoParser [AppInfoParser.java:119] Kafka version: 3.0.1
2022-05-03 18:49:30,666 INFO [restartedMain] o.a.k.c.u.AppInfoParser [AppInfoParser.java:120] Kafka commitId: 8e30984f43e64d8b
2022-05-03 18:49:30,666 INFO [restartedMain] o.a.k.c.u.AppInfoParser [AppInfoParser.java:121] Kafka startTimeMs: 1651574970663
2022-05-03 18:49:30,669 INFO [restartedMain] o.a.k.c.c.KafkaConsumer [KafkaConsumer.java:966] [Consumer clientId=consumer-test-consumer-group-1, groupId=test-consumer-group] Subscribed to topic(s): comment, follow, like
2022-05-03 18:49:30,708 INFO [restartedMain] o.a.c.h.Http11NioProtocol [DirectJDKLog.java:173] Starting ProtocolHandler ["http-nio-8080"]
2022-05-03 18:49:30,727 INFO [restartedMain] o.s.b.w.e.t.TomcatWebServer [TomcatWebServer.java:220] Tomcat started on port(s): 8080 (http) with context path '/community'
2022-05-03 18:49:30,740 INFO [restartedMain] c.e.c.CommunityApplication [StartupInfoLogger.java:61] Started CommunityApplication in 5.137 seconds (JVM running for 7.463)
2022-05-03 18:49:31,260 INFO [org.springframework.kafka.KafkaListenerEndpointContainer#0-0-C-1] o.a.k.c.Metadata [Metadata.java:401] [Consumer clientId=consumer-test-consumer-group-1, groupId=test-consumer-group] Resetting the last seen epoch of partition like-0 to 0 since the associated topicId changed from null to zeXvlklvQcmyGaJW7jjf8Q
2022-05-03 18:49:31,260 INFO [org.springframework.kafka.KafkaListenerEndpointContainer#0-0-C-1] o.a.k.c.Metadata [Metadata.java:401] [Consumer clientId=consumer-test-consumer-group-1, groupId=test-consumer-group] Resetting the last seen epoch of partition comment-0 to 0 since the associated topicId changed from null to mpT5LaOiR-WnuoWoCBRkGg
2022-05-03 18:49:31,261 INFO [org.springframework.kafka.KafkaListenerEndpointContainer#0-0-C-1] o.a.k.c.Metadata [Metadata.java:401] [Consumer clientId=consumer-test-consumer-group-1, groupId=test-consumer-group] Resetting the last seen epoch of partition follow-0 to 0 since the associated topicId changed from null to KTbdI91TRICsd_64wNj3ZQ
2022-05-03 18:49:31,269 INFO [org.springframework.kafka.KafkaListenerEndpointContainer#0-0-C-1] o.a.k.c.Metadata [Metadata.java:287] [Consumer clientId=consumer-test-consumer-group-1, groupId=test-consumer-group] Cluster ID: B1ydMZq1ReSZomaOoSuT4A
2022-05-03 18:49:31,272 INFO [org.springframework.kafka.KafkaListenerEndpointContainer#0-0-C-1] o.a.k.c.c.i.ConsumerCoordinator [AbstractCoordinator.java:849] [Consumer clientId=consumer-test-consumer-group-1, groupId=test-consumer-group] Discovered group coordinator 192.168.200.130:9092 (id: 2147483647 rack: null)
2022-05-03 18:49:31,277 INFO [org.springframework.kafka.KafkaListenerEndpointContainer#0-0-C-1] o.a.k.c.c.i.ConsumerCoordinator [AbstractCoordinator.java:535] [Consumer clientId=consumer-test-consumer-group-1, groupId=test-consumer-group] (Re-)joining group
2022-05-03 18:49:31,302 INFO [org.springframework.kafka.KafkaListenerEndpointContainer#0-0-C-1] o.a.k.c.c.i.ConsumerCoordinator [AbstractCoordinator.java:988] [Consumer clientId=consumer-test-consumer-group-1, groupId=test-consumer-group] Request joining group due to: need to re-join with the given member-id
2022-05-03 18:49:31,303 INFO [org.springframework.kafka.KafkaListenerEndpointContainer#0-0-C-1] o.a.k.c.c.i.ConsumerCoordinator [AbstractCoordinator.java:535] [Consumer clientId=consumer-test-consumer-group-1, groupId=test-consumer-group] (Re-)joining group
2022-05-03 18:49:31,308 INFO [org.springframework.kafka.KafkaListenerEndpointContainer#0-0-C-1] o.a.k.c.c.i.ConsumerCoordinator [AbstractCoordinator.java:591] [Consumer clientId=consumer-test-consumer-group-1, groupId=test-consumer-group] Successfully joined group with generation Generation{generationId=38, memberId='consumer-test-consumer-group-1-9711c3c8-afc7-4788-a095-5f0f5cf41eea', protocol='range'}
2022-05-03 18:49:31,311 INFO [org.springframework.kafka.KafkaListenerEndpointContainer#0-0-C-1] o.a.k.c.c.i.ConsumerCoordinator [ConsumerCoordinator.java:652] [Consumer clientId=consumer-test-consumer-group-1, groupId=test-consumer-group] Finished assignment for group at generation 38: {consumer-test-consumer-group-1-9711c3c8-afc7-4788-a095-5f0f5cf41eea=Assignment(partitions=[like-0, comment-0, follow-0])}
2022-05-03 18:49:31,325 INFO [org.springframework.kafka.KafkaListenerEndpointContainer#0-0-C-1] o.a.k.c.c.i.ConsumerCoordinator [AbstractCoordinator.java:757] [Consumer clientId=consumer-test-consumer-group-1, groupId=test-consumer-group] Successfully synced group in generation Generation{generationId=38, memberId='consumer-test-consumer-group-1-9711c3c8-afc7-4788-a095-5f0f5cf41eea', protocol='range'}
2022-05-03 18:49:31,326 INFO [org.springframework.kafka.KafkaListenerEndpointContainer#0-0-C-1] o.a.k.c.c.i.ConsumerCoordinator [ConsumerCoordinator.java:279] [Consumer clientId=consumer-test-consumer-group-1, groupId=test-consumer-group] Notifying assignor about the new Assignment(partitions=[like-0, comment-0, follow-0])
2022-05-03 18:49:31,328 INFO [org.springframework.kafka.KafkaListenerEndpointContainer#0-0-C-1] o.a.k.c.c.i.ConsumerCoordinator [ConsumerCoordinator.java:291] [Consumer clientId=consumer-test-consumer-group-1, groupId=test-consumer-group] Adding newly assigned partitions: comment-0, like-0, follow-0
2022-05-03 18:49:31,344 INFO [org.springframework.kafka.KafkaListenerEndpointContainer#0-0-C-1] o.a.k.c.c.i.ConsumerCoordinator [ConsumerCoordinator.java:844] [Consumer clientId=consumer-test-consumer-group-1, groupId=test-consumer-group] Setting offset for partition comment-0 to the committed offset FetchPosition{offset=2, offsetEpoch=Optional[0], currentLeader=LeaderAndEpoch{leader=Optional[192.168.200.130:9092 (id: 0 rack: null)], epoch=0}}
2022-05-03 18:49:31,345 INFO [org.springframework.kafka.KafkaListenerEndpointContainer#0-0-C-1] o.a.k.c.c.i.ConsumerCoordinator [ConsumerCoordinator.java:844] [Consumer clientId=consumer-test-consumer-group-1, groupId=test-consumer-group] Setting offset for partition like-0 to the committed offset FetchPosition{offset=2, offsetEpoch=Optional[0], currentLeader=LeaderAndEpoch{leader=Optional[192.168.200.130:9092 (id: 0 rack: null)], epoch=0}}
2022-05-03 18:49:31,345 INFO [org.springframework.kafka.KafkaListenerEndpointContainer#0-0-C-1] o.a.k.c.c.i.ConsumerCoordinator [ConsumerCoordinator.java:844] [Consumer clientId=consumer-test-consumer-group-1, groupId=test-consumer-group] Setting offset for partition follow-0 to the committed offset FetchPosition{offset=1, offsetEpoch=Optional[0], currentLeader=LeaderAndEpoch{leader=Optional[192.168.200.130:9092 (id: 0 rack: null)], epoch=0}}
2022-05-03 18:49:31,377 INFO [org.springframework.kafka.KafkaListenerEndpointContainer#0-0-C-1] o.s.k.l.KafkaMessageListenerContainer [LogAccessor.java:292] test-consumer-group: partitions assigned: [comment-0, like-0, follow-0]
2022-05-03 18:50:29,930 INFO [http-nio-8080-exec-1] o.a.c.c.C.[.[.[/community] [DirectJDKLog.java:173] Initializing Spring DispatcherServlet 'dispatcherServlet'
2022-05-03 18:50:29,931 INFO [http-nio-8080-exec-1] o.s.w.s.DispatcherServlet [FrameworkServlet.java:525] Initializing Servlet 'dispatcherServlet'
2022-05-03 18:50:29,936 INFO [http-nio-8080-exec-1] o.s.w.s.DispatcherServlet [FrameworkServlet.java:547] Completed initialization in 4 ms
2022-05-03 18:50:30,088 INFO [http-nio-8080-exec-1] c.e.c.a.ServiceLogAspect [ServiceLogAspect.java:38] 用户[0:0:0:0:0:0:0:1]，在[2022-05-03 18:50:30]，访问了[com.example.community.service.DiscussPostService.findDiscussPostRows]。
2022-05-03 18:50:30,170 INFO [http-nio-8080-exec-1] c.z.h.HikariDataSource [HikariDataSource.java:110] HikariPool-1 - Starting...
2022-05-03 18:50:30,842 INFO [http-nio-8080-exec-1] c.z.h.HikariDataSource [HikariDataSource.java:123] HikariPool-1 - Start completed.
2022-05-03 18:50:31,037 INFO [http-nio-8080-exec-1] c.e.c.a.ServiceLogAspect [ServiceLogAspect.java:38] 用户[0:0:0:0:0:0:0:1]，在[2022-05-03 18:50:31]，访问了[com.example.community.service.DiscussPostService.findDiscussPosts]。
2022-05-03 18:50:31,079 INFO [http-nio-8080-exec-1] c.e.c.a.ServiceLogAspect [ServiceLogAspect.java:38] 用户[0:0:0:0:0:0:0:1]，在[2022-05-03 18:50:31]，访问了[com.example.community.service.UserService.findUserById]。
2022-05-03 18:50:34,101 INFO [http-nio-8080-exec-1] c.e.c.a.ServiceLogAspect [ServiceLogAspect.java:38] 用户[0:0:0:0:0:0:0:1]，在[2022-05-03 18:50:34]，访问了[com.example.community.service.LikeService.findEntityLikeCount]。
2022-05-03 18:50:34,129 INFO [http-nio-8080-exec-1] c.e.c.a.ServiceLogAspect [ServiceLogAspect.java:38] 用户[0:0:0:0:0:0:0:1]，在[2022-05-03 18:50:34]，访问了[com.example.community.service.UserService.findUserById]。
2022-05-03 18:50:34,153 INFO [http-nio-8080-exec-1] c.e.c.a.ServiceLogAspect [ServiceLogAspect.java:38] 用户[0:0:0:0:0:0:0:1]，在[2022-05-03 18:50:34]，访问了[com.example.community.service.LikeService.findEntityLikeCount]。
2022-05-03 18:50:34,163 INFO [http-nio-8080-exec-1] c.e.c.a.ServiceLogAspect [ServiceLogAspect.java:38] 用户[0:0:0:0:0:0:0:1]，在[2022-05-03 18:50:34]，访问了[com.example.community.service.UserService.findUserById]。
2022-05-03 18:50:34,193 INFO [http-nio-8080-exec-1] c.e.c.a.ServiceLogAspect [ServiceLogAspect.java:38] 用户[0:0:0:0:0:0:0:1]，在[2022-05-03 18:50:34]，访问了[com.example.community.service.LikeService.findEntityLikeCount]。
2022-05-03 18:50:34,207 INFO [http-nio-8080-exec-1] c.e.c.a.ServiceLogAspect [ServiceLogAspect.java:38] 用户[0:0:0:0:0:0:0:1]，在[2022-05-03 18:50:34]，访问了[com.example.community.service.UserService.findUserById]。
2022-05-03 18:50:34,226 INFO [http-nio-8080-exec-1] c.e.c.a.ServiceLogAspect [ServiceLogAspect.java:38] 用户[0:0:0:0:0:0:0:1]，在[2022-05-03 18:50:34]，访问了[com.example.community.service.LikeService.findEntityLikeCount]。
2022-05-03 18:50:34,231 INFO [http-nio-8080-exec-1] c.e.c.a.ServiceLogAspect [ServiceLogAspect.java:38] 用户[0:0:0:0:0:0:0:1]，在[2022-05-03 18:50:34]，访问了[com.example.community.service.UserService.findUserById]。
2022-05-03 18:50:34,352 INFO [http-nio-8080-exec-1] c.e.c.a.ServiceLogAspect [ServiceLogAspect.java:38] 用户[0:0:0:0:0:0:0:1]，在[2022-05-03 18:50:34]，访问了[com.example.community.service.LikeService.findEntityLikeCount]。
2022-05-03 18:50:34,358 INFO [http-nio-8080-exec-1] c.e.c.a.ServiceLogAspect [ServiceLogAspect.java:38] 用户[0:0:0:0:0:0:0:1]，在[2022-05-03 18:50:34]，访问了[com.example.community.service.UserService.findUserById]。
2022-05-03 18:50:34,363 INFO [http-nio-8080-exec-1] c.e.c.a.ServiceLogAspect [ServiceLogAspect.java:38] 用户[0:0:0:0:0:0:0:1]，在[2022-05-03 18:50:34]，访问了[com.example.community.service.LikeService.findEntityLikeCount]。
2022-05-03 18:50:34,368 INFO [http-nio-8080-exec-1] c.e.c.a.ServiceLogAspect [ServiceLogAspect.java:38] 用户[0:0:0:0:0:0:0:1]，在[2022-05-03 18:50:34]，访问了[com.example.community.service.UserService.findUserById]。
2022-05-03 18:50:34,394 INFO [http-nio-8080-exec-1] c.e.c.a.ServiceLogAspect [ServiceLogAspect.java:38] 用户[0:0:0:0:0:0:0:1]，在[2022-05-03 18:50:34]，访问了[com.example.community.service.LikeService.findEntityLikeCount]。
2022-05-03 18:50:34,400 INFO [http-nio-8080-exec-1] c.e.c.a.ServiceLogAspect [ServiceLogAspect.java:38] 用户[0:0:0:0:0:0:0:1]，在[2022-05-03 18:50:34]，访问了[com.example.community.service.UserService.findUserById]。
2022-05-03 18:50:34,418 INFO [http-nio-8080-exec-1] c.e.c.a.ServiceLogAspect [ServiceLogAspect.java:38] 用户[0:0:0:0:0:0:0:1]，在[2022-05-03 18:50:34]，访问了[com.example.community.service.LikeService.findEntityLikeCount]。
2022-05-03 18:50:34,429 INFO [http-nio-8080-exec-1] c.e.c.a.ServiceLogAspect [ServiceLogAspect.java:38] 用户[0:0:0:0:0:0:0:1]，在[2022-05-03 18:50:34]，访问了[com.example.community.service.UserService.findUserById]。
2022-05-03 18:50:34,444 INFO [http-nio-8080-exec-1] c.e.c.a.ServiceLogAspect [ServiceLogAspect.java:38] 用户[0:0:0:0:0:0:0:1]，在[2022-05-03 18:50:34]，访问了[com.example.community.service.LikeService.findEntityLikeCount]。
2022-05-03 18:50:34,448 INFO [http-nio-8080-exec-1] c.e.c.a.ServiceLogAspect [ServiceLogAspect.java:38] 用户[0:0:0:0:0:0:0:1]，在[2022-05-03 18:50:34]，访问了[com.example.community.service.UserService.findUserById]。
2022-05-03 18:50:34,453 INFO [http-nio-8080-exec-1] c.e.c.a.ServiceLogAspect [ServiceLogAspect.java:38] 用户[0:0:0:0:0:0:0:1]，在[2022-05-03 18:50:34]，访问了[com.example.community.service.LikeService.findEntityLikeCount]。
2022-05-03 18:50:47,832 INFO [http-nio-8080-exec-3] c.e.c.a.ServiceLogAspect [ServiceLogAspect.java:38] 用户[0:0:0:0:0:0:0:1]，在[2022-05-03 18:50:47]，访问了[com.example.community.service.UserService.login]。
2022-05-03 18:50:47,902 INFO [http-nio-8080-exec-4] c.e.c.a.ServiceLogAspect [ServiceLogAspect.java:38] 用户[0:0:0:0:0:0:0:1]，在[2022-05-03 18:50:47]，访问了[com.example.community.service.UserService.findLoginTicket]。
2022-05-03 18:50:47,908 INFO [http-nio-8080-exec-4] c.e.c.a.ServiceLogAspect [ServiceLogAspect.java:38] 用户[0:0:0:0:0:0:0:1]，在[2022-05-03 18:50:47]，访问了[com.example.community.service.UserService.findUserById]。
2022-05-03 18:50:47,912 INFO [http-nio-8080-exec-4] c.e.c.a.ServiceLogAspect [ServiceLogAspect.java:38] 用户[0:0:0:0:0:0:0:1]，在[2022-05-03 18:50:47]，访问了[com.example.community.service.DiscussPostService.findDiscussPostRows]。
2022-05-03 18:50:47,917 INFO [http-nio-8080-exec-4] c.e.c.a.ServiceLogAspect [ServiceLogAspect.java:38] 用户[0:0:0:0:0:0:0:1]，在[2022-05-03 18:50:47]，访问了[com.example.community.service.DiscussPostService.findDiscussPosts]。
2022-05-03 18:50:47,938 INFO [http-nio-8080-exec-4] c.e.c.a.ServiceLogAspect [ServiceLogAspect.java:38] 用户[0:0:0:0:0:0:0:1]，在[2022-05-03 18:50:47]，访问了[com.example.community.service.UserService.findUserById]。
2022-05-03 18:50:47,941 INFO [http-nio-8080-exec-4] c.e.c.a.ServiceLogAspect [ServiceLogAspect.java:38] 用户[0:0:0:0:0:0:0:1]，在[2022-05-03 18:50:47]，访问了[com.example.community.service.LikeService.findEntityLikeCount]。
2022-05-03 18:50:47,945 INFO [http-nio-8080-exec-4] c.e.c.a.ServiceLogAspect [ServiceLogAspect.java:38] 用户[0:0:0:0:0:0:0:1]，在[2022-05-03 18:50:47]，访问了[com.example.community.service.UserService.findUserById]。
2022-05-03 18:50:47,948 INFO [http-nio-8080-exec-4] c.e.c.a.ServiceLogAspect [ServiceLogAspect.java:38] 用户[0:0:0:0:0:0:0:1]，在[2022-05-03 18:50:47]，访问了[com.example.community.service.LikeService.findEntityLikeCount]。
2022-05-03 18:50:47,951 INFO [http-nio-8080-exec-4] c.e.c.a.ServiceLogAspect [ServiceLogAspect.java:38] 用户[0:0:0:0:0:0:0:1]，在[2022-05-03 18:50:47]，访问了[com.example.community.service.UserService.findUserById]。
2022-05-03 18:50:47,955 INFO [http-nio-8080-exec-4] c.e.c.a.ServiceLogAspect [ServiceLogAspect.java:38] 用户[0:0:0:0:0:0:0:1]，在[2022-05-03 18:50:47]，访问了[com.example.community.service.LikeService.findEntityLikeCount]。
2022-05-03 18:50:47,958 INFO [http-nio-8080-exec-4] c.e.c.a.ServiceLogAspect [ServiceLogAspect.java:38] 用户[0:0:0:0:0:0:0:1]，在[2022-05-03 18:50:47]，访问了[com.example.community.service.UserService.findUserById]。
2022-05-03 18:50:47,964 INFO [http-nio-8080-exec-4] c.e.c.a.ServiceLogAspect [ServiceLogAspect.java:38] 用户[0:0:0:0:0:0:0:1]，在[2022-05-03 18:50:47]，访问了[com.example.community.service.LikeService.findEntityLikeCount]。
2022-05-03 18:50:47,966 INFO [http-nio-8080-exec-4] c.e.c.a.ServiceLogAspect [ServiceLogAspect.java:38] 用户[0:0:0:0:0:0:0:1]，在[2022-05-03 18:50:47]，访问了[com.example.community.service.UserService.findUserById]。
2022-05-03 18:50:47,968 INFO [http-nio-8080-exec-4] c.e.c.a.ServiceLogAspect [ServiceLogAspect.java:38] 用户[0:0:0:0:0:0:0:1]，在[2022-05-03 18:50:47]，访问了[com.example.community.service.LikeService.findEntityLikeCount]。
2022-05-03 18:50:47,971 INFO [http-nio-8080-exec-4] c.e.c.a.ServiceLogAspect [ServiceLogAspect.java:38] 用户[0:0:0:0:0:0:0:1]，在[2022-05-03 18:50:47]，访问了[com.example.community.service.UserService.findUserById]。
2022-05-03 18:50:47,974 INFO [http-nio-8080-exec-4] c.e.c.a.ServiceLogAspect [ServiceLogAspect.java:38] 用户[0:0:0:0:0:0:0:1]，在[2022-05-03 18:50:47]，访问了[com.example.community.service.LikeService.findEntityLikeCount]。
2022-05-03 18:50:47,976 INFO [http-nio-8080-exec-4] c.e.c.a.ServiceLogAspect [ServiceLogAspect.java:38] 用户[0:0:0:0:0:0:0:1]，在[2022-05-03 18:50:47]，访问了[com.example.community.service.UserService.findUserById]。
2022-05-03 18:50:47,980 INFO [http-nio-8080-exec-4] c.e.c.a.ServiceLogAspect [ServiceLogAspect.java:38] 用户[0:0:0:0:0:0:0:1]，在[2022-05-03 18:50:47]，访问了[com.example.community.service.LikeService.findEntityLikeCount]。
2022-05-03 18:50:47,982 INFO [http-nio-8080-exec-4] c.e.c.a.ServiceLogAspect [ServiceLogAspect.java:38] 用户[0:0:0:0:0:0:0:1]，在[2022-05-03 18:50:47]，访问了[com.example.community.service.UserService.findUserById]。
2022-05-03 18:50:47,986 INFO [http-nio-8080-exec-4] c.e.c.a.ServiceLogAspect [ServiceLogAspect.java:38] 用户[0:0:0:0:0:0:0:1]，在[2022-05-03 18:50:47]，访问了[com.example.community.service.LikeService.findEntityLikeCount]。
2022-05-03 18:50:47,988 INFO [http-nio-8080-exec-4] c.e.c.a.ServiceLogAspect [ServiceLogAspect.java:38] 用户[0:0:0:0:0:0:0:1]，在[2022-05-03 18:50:47]，访问了[com.example.community.service.UserService.findUserById]。
2022-05-03 18:50:47,992 INFO [http-nio-8080-exec-4] c.e.c.a.ServiceLogAspect [ServiceLogAspect.java:38] 用户[0:0:0:0:0:0:0:1]，在[2022-05-03 18:50:47]，访问了[com.example.community.service.LikeService.findEntityLikeCount]。
2022-05-03 18:50:47,994 INFO [http-nio-8080-exec-4] c.e.c.a.ServiceLogAspect [ServiceLogAspect.java:38] 用户[0:0:0:0:0:0:0:1]，在[2022-05-03 18:50:47]，访问了[com.example.community.service.UserService.findUserById]。
2022-05-03 18:50:47,997 INFO [http-nio-8080-exec-4] c.e.c.a.ServiceLogAspect [ServiceLogAspect.java:38] 用户[0:0:0:0:0:0:0:1]，在[2022-05-03 18:50:47]，访问了[com.example.community.service.LikeService.findEntityLikeCount]。
2022-05-03 18:50:47,999 INFO [http-nio-8080-exec-4] c.e.c.a.ServiceLogAspect [ServiceLogAspect.java:38] 用户[0:0:0:0:0:0:0:1]，在[2022-05-03 18:50:47]，访问了[com.example.community.service.MessageService.findLetterUnreadCount]。
2022-05-03 18:50:48,111 INFO [http-nio-8080-exec-4] c.e.c.a.ServiceLogAspect [ServiceLogAspect.java:38] 用户[0:0:0:0:0:0:0:1]，在[2022-05-03 18:50:48]，访问了[com.example.community.service.MessageService.findNoticeUnreadCount]。
2022-05-03 18:50:50,202 INFO [http-nio-8080-exec-10] c.e.c.a.ServiceLogAspect [ServiceLogAspect.java:38] 用户[0:0:0:0:0:0:0:1]，在[2022-05-03 18:50:50]，访问了[com.example.community.service.UserService.findLoginTicket]。
2022-05-03 18:50:50,204 INFO [http-nio-8080-exec-10] c.e.c.a.ServiceLogAspect [ServiceLogAspect.java:38] 用户[0:0:0:0:0:0:0:1]，在[2022-05-03 18:50:50]，访问了[com.example.community.service.UserService.findUserById]。
2022-05-03 18:50:50,211 INFO [http-nio-8080-exec-10] c.e.c.a.ServiceLogAspect [ServiceLogAspect.java:38] 用户[0:0:0:0:0:0:0:1]，在[2022-05-03 18:50:50]，访问了[com.example.community.service.DiscussPostService.findDiscussPostById]。
2022-05-03 18:50:50,218 INFO [http-nio-8080-exec-10] c.e.c.a.ServiceLogAspect [ServiceLogAspect.java:38] 用户[0:0:0:0:0:0:0:1]，在[2022-05-03 18:50:50]，访问了[com.example.community.service.UserService.findUserById]。
2022-05-03 18:50:50,220 INFO [http-nio-8080-exec-10] c.e.c.a.ServiceLogAspect [ServiceLogAspect.java:38] 用户[0:0:0:0:0:0:0:1]，在[2022-05-03 18:50:50]，访问了[com.example.community.service.LikeService.findEntityLikeCount]。
2022-05-03 18:50:50,221 INFO [http-nio-8080-exec-10] c.e.c.a.ServiceLogAspect [ServiceLogAspect.java:38] 用户[0:0:0:0:0:0:0:1]，在[2022-05-03 18:50:50]，访问了[com.example.community.service.LikeService.findEntityLikeStatus]。
2022-05-03 18:50:50,224 INFO [http-nio-8080-exec-10] c.e.c.a.ServiceLogAspect [ServiceLogAspect.java:38] 用户[0:0:0:0:0:0:0:1]，在[2022-05-03 18:50:50]，访问了[com.example.community.service.CommentService.findCommentsByEntity]。
2022-05-03 18:50:50,258 INFO [http-nio-8080-exec-10] c.e.c.a.ServiceLogAspect [ServiceLogAspect.java:38] 用户[0:0:0:0:0:0:0:1]，在[2022-05-03 18:50:50]，访问了[com.example.community.service.UserService.findUserById]。
2022-05-03 18:50:50,260 INFO [http-nio-8080-exec-10] c.e.c.a.ServiceLogAspect [ServiceLogAspect.java:38] 用户[0:0:0:0:0:0:0:1]，在[2022-05-03 18:50:50]，访问了[com.example.community.service.LikeService.findEntityLikeCount]。
2022-05-03 18:50:50,263 INFO [http-nio-8080-exec-10] c.e.c.a.ServiceLogAspect [ServiceLogAspect.java:38] 用户[0:0:0:0:0:0:0:1]，在[2022-05-03 18:50:50]，访问了[com.example.community.service.LikeService.findEntityLikeStatus]。
2022-05-03 18:50:50,264 INFO [http-nio-8080-exec-10] c.e.c.a.ServiceLogAspect [ServiceLogAspect.java:38] 用户[0:0:0:0:0:0:0:1]，在[2022-05-03 18:50:50]，访问了[com.example.community.service.CommentService.findCommentsByEntity]。
2022-05-03 18:50:50,267 INFO [http-nio-8080-exec-10] c.e.c.a.ServiceLogAspect [ServiceLogAspect.java:38] 用户[0:0:0:0:0:0:0:1]，在[2022-05-03 18:50:50]，访问了[com.example.community.service.CommentService.findCommentCount]。
2022-05-03 18:50:50,270 INFO [http-nio-8080-exec-10] c.e.c.a.ServiceLogAspect [ServiceLogAspect.java:38] 用户[0:0:0:0:0:0:0:1]，在[2022-05-03 18:50:50]，访问了[com.example.community.service.UserService.findUserById]。
2022-05-03 18:50:50,272 INFO [http-nio-8080-exec-10] c.e.c.a.ServiceLogAspect [ServiceLogAspect.java:38] 用户[0:0:0:0:0:0:0:1]，在[2022-05-03 18:50:50]，访问了[com.example.community.service.LikeService.findEntityLikeCount]。
2022-05-03 18:50:50,274 INFO [http-nio-8080-exec-10] c.e.c.a.ServiceLogAspect [ServiceLogAspect.java:38] 用户[0:0:0:0:0:0:0:1]，在[2022-05-03 18:50:50]，访问了[com.example.community.service.LikeService.findEntityLikeStatus]。
2022-05-03 18:50:50,275 INFO [http-nio-8080-exec-10] c.e.c.a.ServiceLogAspect [ServiceLogAspect.java:38] 用户[0:0:0:0:0:0:0:1]，在[2022-05-03 18:50:50]，访问了[com.example.community.service.CommentService.findCommentsByEntity]。
2022-05-03 18:50:50,278 INFO [http-nio-8080-exec-10] c.e.c.a.ServiceLogAspect [ServiceLogAspect.java:38] 用户[0:0:0:0:0:0:0:1]，在[2022-05-03 18:50:50]，访问了[com.example.community.service.CommentService.findCommentCount]。
2022-05-03 18:50:50,281 INFO [http-nio-8080-exec-10] c.e.c.a.ServiceLogAspect [ServiceLogAspect.java:38] 用户[0:0:0:0:0:0:0:1]，在[2022-05-03 18:50:50]，访问了[com.example.community.service.UserService.findUserById]。
2022-05-03 18:50:50,282 INFO [http-nio-8080-exec-10] c.e.c.a.ServiceLogAspect [ServiceLogAspect.java:38] 用户[0:0:0:0:0:0:0:1]，在[2022-05-03 18:50:50]，访问了[com.example.community.service.LikeService.findEntityLikeCount]。
2022-05-03 18:50:50,284 INFO [http-nio-8080-exec-10] c.e.c.a.ServiceLogAspect [ServiceLogAspect.java:38] 用户[0:0:0:0:0:0:0:1]，在[2022-05-03 18:50:50]，访问了[com.example.community.service.LikeService.findEntityLikeStatus]。
2022-05-03 18:50:50,285 INFO [http-nio-8080-exec-10] c.e.c.a.ServiceLogAspect [ServiceLogAspect.java:38] 用户[0:0:0:0:0:0:0:1]，在[2022-05-03 18:50:50]，访问了[com.example.community.service.CommentService.findCommentsByEntity]。
2022-05-03 18:50:50,287 INFO [http-nio-8080-exec-10] c.e.c.a.ServiceLogAspect [ServiceLogAspect.java:38] 用户[0:0:0:0:0:0:0:1]，在[2022-05-03 18:50:50]，访问了[com.example.community.service.CommentService.findCommentCount]。
2022-05-03 18:50:50,290 INFO [http-nio-8080-exec-10] c.e.c.a.ServiceLogAspect [ServiceLogAspect.java:38] 用户[0:0:0:0:0:0:0:1]，在[2022-05-03 18:50:50]，访问了[com.example.community.service.UserService.findUserById]。
2022-05-03 18:50:50,291 INFO [http-nio-8080-exec-10] c.e.c.a.ServiceLogAspect [ServiceLogAspect.java:38] 用户[0:0:0:0:0:0:0:1]，在[2022-05-03 18:50:50]，访问了[com.example.community.service.LikeService.findEntityLikeCount]。
2022-05-03 18:50:50,293 INFO [http-nio-8080-exec-10] c.e.c.a.ServiceLogAspect [ServiceLogAspect.java:38] 用户[0:0:0:0:0:0:0:1]，在[2022-05-03 18:50:50]，访问了[com.example.community.service.LikeService.findEntityLikeStatus]。
2022-05-03 18:50:50,295 INFO [http-nio-8080-exec-10] c.e.c.a.ServiceLogAspect [ServiceLogAspect.java:38] 用户[0:0:0:0:0:0:0:1]，在[2022-05-03 18:50:50]，访问了[com.example.community.service.CommentService.findCommentsByEntity]。
2022-05-03 18:50:50,297 INFO [http-nio-8080-exec-10] c.e.c.a.ServiceLogAspect [ServiceLogAspect.java:38] 用户[0:0:0:0:0:0:0:1]，在[2022-05-03 18:50:50]，访问了[com.example.community.service.CommentService.findCommentCount]。
2022-05-03 18:50:50,299 INFO [http-nio-8080-exec-10] c.e.c.a.ServiceLogAspect [ServiceLogAspect.java:38] 用户[0:0:0:0:0:0:0:1]，在[2022-05-03 18:50:50]，访问了[com.example.community.service.UserService.findUserById]。
2022-05-03 18:50:50,303 INFO [http-nio-8080-exec-10] c.e.c.a.ServiceLogAspect [ServiceLogAspect.java:38] 用户[0:0:0:0:0:0:0:1]，在[2022-05-03 18:50:50]，访问了[com.example.community.service.LikeService.findEntityLikeCount]。
2022-05-03 18:50:50,305 INFO [http-nio-8080-exec-10] c.e.c.a.ServiceLogAspect [ServiceLogAspect.java:38] 用户[0:0:0:0:0:0:0:1]，在[2022-05-03 18:50:50]，访问了[com.example.community.service.LikeService.findEntityLikeStatus]。
2022-05-03 18:50:50,306 INFO [http-nio-8080-exec-10] c.e.c.a.ServiceLogAspect [ServiceLogAspect.java:38] 用户[0:0:0:0:0:0:0:1]，在[2022-05-03 18:50:50]，访问了[com.example.community.service.CommentService.findCommentsByEntity]。
2022-05-03 18:50:50,308 INFO [http-nio-8080-exec-10] c.e.c.a.ServiceLogAspect [ServiceLogAspect.java:38] 用户[0:0:0:0:0:0:0:1]，在[2022-05-03 18:50:50]，访问了[com.example.community.service.CommentService.findCommentCount]。
2022-05-03 18:50:50,311 INFO [http-nio-8080-exec-10] c.e.c.a.ServiceLogAspect [ServiceLogAspect.java:38] 用户[0:0:0:0:0:0:0:1]，在[2022-05-03 18:50:50]，访问了[com.example.community.service.MessageService.findLetterUnreadCount]。
2022-05-03 18:50:50,313 INFO [http-nio-8080-exec-10] c.e.c.a.ServiceLogAspect [ServiceLogAspect.java:38] 用户[0:0:0:0:0:0:0:1]，在[2022-05-03 18:50:50]，访问了[com.example.community.service.MessageService.findNoticeUnreadCount]。
2022-05-03 18:50:54,935 INFO [http-nio-8080-exec-7] c.e.c.a.ServiceLogAspect [ServiceLogAspect.java:38] 用户[0:0:0:0:0:0:0:1]，在[2022-05-03 18:50:54]，访问了[com.example.community.service.UserService.findLoginTicket]。
2022-05-03 18:50:54,937 INFO [http-nio-8080-exec-7] c.e.c.a.ServiceLogAspect [ServiceLogAspect.java:38] 用户[0:0:0:0:0:0:0:1]，在[2022-05-03 18:50:54]，访问了[com.example.community.service.UserService.findUserById]。
2022-05-03 18:50:54,939 INFO [http-nio-8080-exec-7] c.e.c.a.ServiceLogAspect [ServiceLogAspect.java:38] 用户[0:0:0:0:0:0:0:1]，在[2022-05-03 18:50:54]，访问了[com.example.community.service.LikeService.like]。
2022-05-03 18:50:55,021 INFO [http-nio-8080-exec-7] c.e.c.a.ServiceLogAspect [ServiceLogAspect.java:38] 用户[0:0:0:0:0:0:0:1]，在[2022-05-03 18:50:55]，访问了[com.example.community.service.LikeService.findEntityLikeCount]。
2022-05-03 18:50:55,023 INFO [http-nio-8080-exec-7] c.e.c.a.ServiceLogAspect [ServiceLogAspect.java:38] 用户[0:0:0:0:0:0:0:1]，在[2022-05-03 18:50:55]，访问了[com.example.community.service.LikeService.findEntityLikeStatus]。
2022-05-03 18:50:55,115 INFO [http-nio-8080-exec-7] o.a.k.c.p.ProducerConfig [AbstractConfig.java:376] ProducerConfig values: 
	acks = -1
	batch.size = 16384
	bootstrap.servers = [192.168.200.130:9092]
	buffer.memory = 33554432
	client.dns.lookup = use_all_dns_ips
	client.id = producer-1
	compression.type = none
	connections.max.idle.ms = 540000
	delivery.timeout.ms = 120000
	enable.idempotence = true
	interceptor.classes = []
	key.serializer = class org.apache.kafka.common.serialization.StringSerializer
	linger.ms = 0
	max.block.ms = 60000
	max.in.flight.requests.per.connection = 5
	max.request.size = 1048576
	metadata.max.age.ms = 300000
	metadata.max.idle.ms = 300000
	metric.reporters = []
	metrics.num.samples = 2
	metrics.recording.level = INFO
	metrics.sample.window.ms = 30000
	partitioner.class = class org.apache.kafka.clients.producer.internals.DefaultPartitioner
	receive.buffer.bytes = 32768
	reconnect.backoff.max.ms = 1000
	reconnect.backoff.ms = 50
	request.timeout.ms = 30000
	retries = 2147483647
	retry.backoff.ms = 100
	sasl.client.callback.handler.class = null
	sasl.jaas.config = null
	sasl.kerberos.kinit.cmd = /usr/bin/kinit
	sasl.kerberos.min.time.before.relogin = 60000
	sasl.kerberos.service.name = null
	sasl.kerberos.ticket.renew.jitter = 0.05
	sasl.kerberos.ticket.renew.window.factor = 0.8
	sasl.login.callback.handler.class = null
	sasl.login.class = null
	sasl.login.refresh.buffer.seconds = 300
	sasl.login.refresh.min.period.seconds = 60
	sasl.login.refresh.window.factor = 0.8
	sasl.login.refresh.window.jitter = 0.05
	sasl.mechanism = GSSAPI
	security.protocol = PLAINTEXT
	security.providers = null
	send.buffer.bytes = 131072
	socket.connection.setup.timeout.max.ms = 30000
	socket.connection.setup.timeout.ms = 10000
	ssl.cipher.suites = null
	ssl.enabled.protocols = [TLSv1.2]
	ssl.endpoint.identification.algorithm = https
	ssl.engine.factory.class = null
	ssl.key.password = null
	ssl.keymanager.algorithm = SunX509
	ssl.keystore.certificate.chain = null
	ssl.keystore.key = null
	ssl.keystore.location = null
	ssl.keystore.password = null
	ssl.keystore.type = JKS
	ssl.protocol = TLSv1.2
	ssl.provider = null
	ssl.secure.random.implementation = null
	ssl.trustmanager.algorithm = PKIX
	ssl.truststore.certificates = null
	ssl.truststore.location = null
	ssl.truststore.password = null
	ssl.truststore.type = JKS
	transaction.timeout.ms = 60000
	transactional.id = null
	value.serializer = class org.apache.kafka.common.serialization.StringSerializer

2022-05-03 18:50:55,129 INFO [http-nio-8080-exec-7] o.a.k.c.p.KafkaProducer [KafkaProducer.java:532] [Producer clientId=producer-1] Instantiated an idempotent producer.
2022-05-03 18:50:55,141 INFO [http-nio-8080-exec-7] o.a.k.c.u.AppInfoParser [AppInfoParser.java:119] Kafka version: 3.0.1
2022-05-03 18:50:55,142 INFO [http-nio-8080-exec-7] o.a.k.c.u.AppInfoParser [AppInfoParser.java:120] Kafka commitId: 8e30984f43e64d8b
2022-05-03 18:50:55,142 INFO [http-nio-8080-exec-7] o.a.k.c.u.AppInfoParser [AppInfoParser.java:121] Kafka startTimeMs: 1651575055141
2022-05-03 18:50:55,159 INFO [kafka-producer-network-thread | producer-1] o.a.k.c.Metadata [Metadata.java:401] [Producer clientId=producer-1] Resetting the last seen epoch of partition like-0 to 0 since the associated topicId changed from null to zeXvlklvQcmyGaJW7jjf8Q
2022-05-03 18:50:55,159 INFO [kafka-producer-network-thread | producer-1] o.a.k.c.Metadata [Metadata.java:287] [Producer clientId=producer-1] Cluster ID: B1ydMZq1ReSZomaOoSuT4A
2022-05-03 18:50:55,172 INFO [kafka-producer-network-thread | producer-1] o.a.k.c.p.i.TransactionManager [TransactionManager.java:542] [Producer clientId=producer-1] ProducerId set to 1004 with epoch 0
2022-05-03 18:52:15,478 INFO [http-nio-8080-exec-9] c.e.c.a.ServiceLogAspect [ServiceLogAspect.java:38] 用户[0:0:0:0:0:0:0:1]，在[2022-05-03 18:52:15]，访问了[com.example.community.service.UserService.findLoginTicket]。
2022-05-03 18:52:15,483 INFO [http-nio-8080-exec-9] c.e.c.a.ServiceLogAspect [ServiceLogAspect.java:38] 用户[0:0:0:0:0:0:0:1]，在[2022-05-03 18:52:15]，访问了[com.example.community.service.UserService.findUserById]。
2022-05-03 18:52:15,487 INFO [http-nio-8080-exec-9] c.e.c.a.ServiceLogAspect [ServiceLogAspect.java:38] 用户[0:0:0:0:0:0:0:1]，在[2022-05-03 18:52:15]，访问了[com.example.community.service.DiscussPostService.findDiscussPostRows]。
2022-05-03 18:52:15,492 INFO [http-nio-8080-exec-9] c.e.c.a.ServiceLogAspect [ServiceLogAspect.java:38] 用户[0:0:0:0:0:0:0:1]，在[2022-05-03 18:52:15]，访问了[com.example.community.service.DiscussPostService.findDiscussPosts]。
2022-05-03 18:52:15,503 INFO [http-nio-8080-exec-9] c.e.c.a.ServiceLogAspect [ServiceLogAspect.java:38] 用户[0:0:0:0:0:0:0:1]，在[2022-05-03 18:52:15]，访问了[com.example.community.service.UserService.findUserById]。
2022-05-03 18:52:15,507 INFO [http-nio-8080-exec-9] c.e.c.a.ServiceLogAspect [ServiceLogAspect.java:38] 用户[0:0:0:0:0:0:0:1]，在[2022-05-03 18:52:15]，访问了[com.example.community.service.LikeService.findEntityLikeCount]。
2022-05-03 18:52:15,511 INFO [http-nio-8080-exec-9] c.e.c.a.ServiceLogAspect [ServiceLogAspect.java:38] 用户[0:0:0:0:0:0:0:1]，在[2022-05-03 18:52:15]，访问了[com.example.community.service.UserService.findUserById]。
2022-05-03 18:52:15,515 INFO [http-nio-8080-exec-9] c.e.c.a.ServiceLogAspect [ServiceLogAspect.java:38] 用户[0:0:0:0:0:0:0:1]，在[2022-05-03 18:52:15]，访问了[com.example.community.service.LikeService.findEntityLikeCount]。
2022-05-03 18:52:15,517 INFO [http-nio-8080-exec-9] c.e.c.a.ServiceLogAspect [ServiceLogAspect.java:38] 用户[0:0:0:0:0:0:0:1]，在[2022-05-03 18:52:15]，访问了[com.example.community.service.UserService.findUserById]。
2022-05-03 18:52:15,520 INFO [http-nio-8080-exec-9] c.e.c.a.ServiceLogAspect [ServiceLogAspect.java:38] 用户[0:0:0:0:0:0:0:1]，在[2022-05-03 18:52:15]，访问了[com.example.community.service.LikeService.findEntityLikeCount]。
2022-05-03 18:52:15,522 INFO [http-nio-8080-exec-9] c.e.c.a.ServiceLogAspect [ServiceLogAspect.java:38] 用户[0:0:0:0:0:0:0:1]，在[2022-05-03 18:52:15]，访问了[com.example.community.service.UserService.findUserById]。
2022-05-03 18:52:15,524 INFO [http-nio-8080-exec-9] c.e.c.a.ServiceLogAspect [ServiceLogAspect.java:38] 用户[0:0:0:0:0:0:0:1]，在[2022-05-03 18:52:15]，访问了[com.example.community.service.LikeService.findEntityLikeCount]。
2022-05-03 18:52:15,530 INFO [http-nio-8080-exec-9] c.e.c.a.ServiceLogAspect [ServiceLogAspect.java:38] 用户[0:0:0:0:0:0:0:1]，在[2022-05-03 18:52:15]，访问了[com.example.community.service.UserService.findUserById]。
2022-05-03 18:52:15,533 INFO [http-nio-8080-exec-9] c.e.c.a.ServiceLogAspect [ServiceLogAspect.java:38] 用户[0:0:0:0:0:0:0:1]，在[2022-05-03 18:52:15]，访问了[com.example.community.service.LikeService.findEntityLikeCount]。
2022-05-03 18:52:15,536 INFO [http-nio-8080-exec-9] c.e.c.a.ServiceLogAspect [ServiceLogAspect.java:38] 用户[0:0:0:0:0:0:0:1]，在[2022-05-03 18:52:15]，访问了[com.example.community.service.UserService.findUserById]。
2022-05-03 18:52:15,539 INFO [http-nio-8080-exec-9] c.e.c.a.ServiceLogAspect [ServiceLogAspect.java:38] 用户[0:0:0:0:0:0:0:1]，在[2022-05-03 18:52:15]，访问了[com.example.community.service.LikeService.findEntityLikeCount]。
2022-05-03 18:52:15,653 INFO [http-nio-8080-exec-9] c.e.c.a.ServiceLogAspect [ServiceLogAspect.java:38] 用户[0:0:0:0:0:0:0:1]，在[2022-05-03 18:52:15]，访问了[com.example.community.service.UserService.findUserById]。
2022-05-03 18:52:15,661 INFO [http-nio-8080-exec-9] c.e.c.a.ServiceLogAspect [ServiceLogAspect.java:38] 用户[0:0:0:0:0:0:0:1]，在[2022-05-03 18:52:15]，访问了[com.example.community.service.LikeService.findEntityLikeCount]。
2022-05-03 18:52:15,665 INFO [http-nio-8080-exec-9] c.e.c.a.ServiceLogAspect [ServiceLogAspect.java:38] 用户[0:0:0:0:0:0:0:1]，在[2022-05-03 18:52:15]，访问了[com.example.community.service.UserService.findUserById]。
2022-05-03 18:52:15,719 INFO [http-nio-8080-exec-9] c.e.c.a.ServiceLogAspect [ServiceLogAspect.java:38] 用户[0:0:0:0:0:0:0:1]，在[2022-05-03 18:52:15]，访问了[com.example.community.service.LikeService.findEntityLikeCount]。
2022-05-03 18:52:15,728 INFO [http-nio-8080-exec-9] c.e.c.a.ServiceLogAspect [ServiceLogAspect.java:38] 用户[0:0:0:0:0:0:0:1]，在[2022-05-03 18:52:15]，访问了[com.example.community.service.UserService.findUserById]。
2022-05-03 18:52:15,749 INFO [http-nio-8080-exec-9] c.e.c.a.ServiceLogAspect [ServiceLogAspect.java:38] 用户[0:0:0:0:0:0:0:1]，在[2022-05-03 18:52:15]，访问了[com.example.community.service.LikeService.findEntityLikeCount]。
2022-05-03 18:52:15,753 INFO [http-nio-8080-exec-9] c.e.c.a.ServiceLogAspect [ServiceLogAspect.java:38] 用户[0:0:0:0:0:0:0:1]，在[2022-05-03 18:52:15]，访问了[com.example.community.service.UserService.findUserById]。
2022-05-03 18:52:15,757 INFO [http-nio-8080-exec-9] c.e.c.a.ServiceLogAspect [ServiceLogAspect.java:38] 用户[0:0:0:0:0:0:0:1]，在[2022-05-03 18:52:15]，访问了[com.example.community.service.LikeService.findEntityLikeCount]。
2022-05-03 18:52:15,765 INFO [http-nio-8080-exec-9] c.e.c.a.ServiceLogAspect [ServiceLogAspect.java:38] 用户[0:0:0:0:0:0:0:1]，在[2022-05-03 18:52:15]，访问了[com.example.community.service.MessageService.findLetterUnreadCount]。
2022-05-03 18:52:15,771 INFO [http-nio-8080-exec-9] c.e.c.a.ServiceLogAspect [ServiceLogAspect.java:38] 用户[0:0:0:0:0:0:0:1]，在[2022-05-03 18:52:15]，访问了[com.example.community.service.MessageService.findNoticeUnreadCount]。
2022-05-03 19:32:48,479 INFO [org.springframework.kafka.KafkaListenerEndpointContainer#0-0-C-1] o.a.k.c.c.i.ConsumerCoordinator [ConsumerCoordinator.java:310] [Consumer clientId=consumer-test-consumer-group-1, groupId=test-consumer-group] Revoke previously assigned partitions comment-0, like-0, follow-0
2022-05-03 19:32:48,490 INFO [org.springframework.kafka.KafkaListenerEndpointContainer#0-0-C-1] o.s.k.l.KafkaMessageListenerContainer [LogAccessor.java:292] test-consumer-group: partitions revoked: [comment-0, like-0, follow-0]
2022-05-03 19:32:48,494 INFO [org.springframework.kafka.KafkaListenerEndpointContainer#0-0-C-1] o.a.k.c.c.i.ConsumerCoordinator [AbstractCoordinator.java:1048] [Consumer clientId=consumer-test-consumer-group-1, groupId=test-consumer-group] Member consumer-test-consumer-group-1-9711c3c8-afc7-4788-a095-5f0f5cf41eea sending LeaveGroup request to coordinator 192.168.200.130:9092 (id: 2147483647 rack: null) due to the consumer unsubscribed from all topics
2022-05-03 19:32:48,509 INFO [org.springframework.kafka.KafkaListenerEndpointContainer#0-0-C-1] o.a.k.c.c.i.ConsumerCoordinator [AbstractCoordinator.java:966] [Consumer clientId=consumer-test-consumer-group-1, groupId=test-consumer-group] Resetting generation due to: consumer pro-actively leaving the group
2022-05-03 19:32:48,510 INFO [org.springframework.kafka.KafkaListenerEndpointContainer#0-0-C-1] o.a.k.c.c.i.ConsumerCoordinator [AbstractCoordinator.java:988] [Consumer clientId=consumer-test-consumer-group-1, groupId=test-consumer-group] Request joining group due to: consumer pro-actively leaving the group
2022-05-03 19:32:48,510 INFO [org.springframework.kafka.KafkaListenerEndpointContainer#0-0-C-1] o.a.k.c.c.KafkaConsumer [KafkaConsumer.java:1075] [Consumer clientId=consumer-test-consumer-group-1, groupId=test-consumer-group] Unsubscribed all topics or patterns and assigned partitions
2022-05-03 19:32:48,519 INFO [org.springframework.kafka.KafkaListenerEndpointContainer#0-0-C-1] o.a.k.c.c.i.ConsumerCoordinator [AbstractCoordinator.java:966] [Consumer clientId=consumer-test-consumer-group-1, groupId=test-consumer-group] Resetting generation due to: consumer pro-actively leaving the group
2022-05-03 19:32:48,520 INFO [org.springframework.kafka.KafkaListenerEndpointContainer#0-0-C-1] o.a.k.c.c.i.ConsumerCoordinator [AbstractCoordinator.java:988] [Consumer clientId=consumer-test-consumer-group-1, groupId=test-consumer-group] Request joining group due to: consumer pro-actively leaving the group
2022-05-03 19:33:00,086 INFO [org.springframework.kafka.KafkaListenerEndpointContainer#0-0-C-1] o.a.k.c.c.i.ConsumerCoordinator [AbstractCoordinator.java:912] [Consumer clientId=consumer-test-consumer-group-1, groupId=test-consumer-group] Group coordinator 192.168.200.130:9092 (id: 2147483647 rack: null) is unavailable or invalid due to cause: null.isDisconnected: true. Rediscovery will be attempted.
2022-05-03 19:33:00,102 INFO [org.springframework.kafka.KafkaListenerEndpointContainer#0-0-C-1] o.a.k.c.m.Metrics [Metrics.java:659] Metrics scheduler closed
2022-05-03 19:33:00,102 INFO [org.springframework.kafka.KafkaListenerEndpointContainer#0-0-C-1] o.a.k.c.m.Metrics [Metrics.java:663] Closing reporter org.apache.kafka.common.metrics.JmxReporter
2022-05-03 19:33:00,102 INFO [org.springframework.kafka.KafkaListenerEndpointContainer#0-0-C-1] o.a.k.c.m.Metrics [Metrics.java:669] Metrics reporters closed
2022-05-03 19:33:00,110 INFO [org.springframework.kafka.KafkaListenerEndpointContainer#0-0-C-1] o.a.k.c.u.AppInfoParser [AppInfoParser.java:83] App info kafka.consumer for consumer-test-consumer-group-1 unregistered
2022-05-03 19:33:00,111 INFO [org.springframework.kafka.KafkaListenerEndpointContainer#0-0-C-1] o.s.k.l.KafkaMessageListenerContainer [LogAccessor.java:292] test-consumer-group: Consumer stopped
2022-05-03 19:33:00,157 INFO [SpringApplicationShutdownHook] o.a.k.c.p.KafkaProducer [KafkaProducer.java:1189] [Producer clientId=producer-1] Closing the Kafka producer with timeoutMillis = 30000 ms.
2022-05-03 19:33:00,160 INFO [SpringApplicationShutdownHook] o.a.k.c.m.Metrics [Metrics.java:659] Metrics scheduler closed
2022-05-03 19:33:00,160 INFO [SpringApplicationShutdownHook] o.a.k.c.m.Metrics [Metrics.java:663] Closing reporter org.apache.kafka.common.metrics.JmxReporter
2022-05-03 19:33:00,160 INFO [SpringApplicationShutdownHook] o.a.k.c.m.Metrics [Metrics.java:669] Metrics reporters closed
2022-05-03 19:33:00,161 INFO [SpringApplicationShutdownHook] o.a.k.c.u.AppInfoParser [AppInfoParser.java:83] App info kafka.producer for producer-1 unregistered
2022-05-03 19:33:00,331 INFO [SpringApplicationShutdownHook] c.z.h.HikariDataSource [HikariDataSource.java:350] HikariPool-1 - Shutdown initiated...
2022-05-03 19:33:00,335 INFO [SpringApplicationShutdownHook] c.z.h.HikariDataSource [HikariDataSource.java:352] HikariPool-1 - Shutdown completed.
