2022-05-06 20:30:45,613 INFO [restartedMain] c.e.c.CommunityApplication [StartupInfoLogger.java:55] Starting CommunityApplication using Java 1.8.0_311 on LAPTOP-IS7H869C with PID 8928 (D:\DevelopmentCode\community\target\classes started by Xuuuuuuuu in D:\DevelopmentCode\community)
2022-05-06 20:30:45,620 INFO [restartedMain] c.e.c.CommunityApplication [SpringApplication.java:640] No active profile set, falling back to 1 default profile: "default"
2022-05-06 20:30:45,692 INFO [restartedMain] o.s.b.d.e.DevToolsPropertyDefaultsPostProcessor [DeferredLog.java:255] Devtools property defaults active! Set 'spring.devtools.add-properties' to 'false' to disable
2022-05-06 20:30:45,693 INFO [restartedMain] o.s.b.d.e.DevToolsPropertyDefaultsPostProcessor [DeferredLog.java:255] For additional web related logging consider setting the 'logging.level.web' property to 'DEBUG'
2022-05-06 20:30:46,853 INFO [restartedMain] o.s.d.r.c.RepositoryConfigurationDelegate [RepositoryConfigurationDelegate.java:262] Multiple Spring Data modules found, entering strict repository configuration mode!
2022-05-06 20:30:46,856 INFO [restartedMain] o.s.d.r.c.RepositoryConfigurationDelegate [RepositoryConfigurationDelegate.java:132] Bootstrapping Spring Data Redis repositories in DEFAULT mode.
2022-05-06 20:30:46,882 INFO [restartedMain] o.s.d.r.c.RepositoryConfigurationDelegate [RepositoryConfigurationDelegate.java:201] Finished Spring Data repository scanning in 9 ms. Found 0 Redis repository interfaces.
2022-05-06 20:30:47,720 INFO [restartedMain] o.s.b.w.e.t.TomcatWebServer [TomcatWebServer.java:108] Tomcat initialized with port(s): 8080 (http)
2022-05-06 20:30:47,729 INFO [restartedMain] o.a.c.h.Http11NioProtocol [DirectJDKLog.java:173] Initializing ProtocolHandler ["http-nio-8080"]
2022-05-06 20:30:47,730 INFO [restartedMain] o.a.c.c.StandardService [DirectJDKLog.java:173] Starting service [Tomcat]
2022-05-06 20:30:47,730 INFO [restartedMain] o.a.c.c.StandardEngine [DirectJDKLog.java:173] Starting Servlet engine: [Apache Tomcat/9.0.60]
2022-05-06 20:30:47,816 INFO [restartedMain] o.a.c.c.C.[.[.[/community] [DirectJDKLog.java:173] Initializing Spring embedded WebApplicationContext
2022-05-06 20:30:47,816 INFO [restartedMain] o.s.b.w.s.c.ServletWebServerApplicationContext [ServletWebServerApplicationContext.java:290] Root WebApplicationContext: initialization completed in 2122 ms
2022-05-06 20:30:48,984 INFO [restartedMain] o.s.b.a.w.s.WelcomePageHandlerMapping [WelcomePageHandlerMapping.java:57] Adding welcome page template: index
2022-05-06 20:30:49,331 INFO [restartedMain] o.s.b.d.a.OptionalLiveReloadServer [OptionalLiveReloadServer.java:58] LiveReload server is running on port 35729
2022-05-06 20:30:49,415 INFO [restartedMain] o.a.k.c.c.ConsumerConfig [AbstractConfig.java:376] ConsumerConfig values: 
	allow.auto.create.topics = true
	auto.commit.interval.ms = 3000
	auto.offset.reset = latest
	bootstrap.servers = [192.168.200.130:9092]
	check.crcs = true
	client.dns.lookup = use_all_dns_ips
	client.id = consumer-test-consumer-group-1
	client.rack = 
	connections.max.idle.ms = 540000
	default.api.timeout.ms = 60000
	enable.auto.commit = true
	exclude.internal.topics = true
	fetch.max.bytes = 52428800
	fetch.max.wait.ms = 500
	fetch.min.bytes = 1
	group.id = test-consumer-group
	group.instance.id = null
	heartbeat.interval.ms = 3000
	interceptor.classes = []
	internal.leave.group.on.close = true
	internal.throw.on.fetch.stable.offset.unsupported = false
	isolation.level = read_uncommitted
	key.deserializer = class org.apache.kafka.common.serialization.StringDeserializer
	max.partition.fetch.bytes = 1048576
	max.poll.interval.ms = 300000
	max.poll.records = 500
	metadata.max.age.ms = 300000
	metric.reporters = []
	metrics.num.samples = 2
	metrics.recording.level = INFO
	metrics.sample.window.ms = 30000
	partition.assignment.strategy = [class org.apache.kafka.clients.consumer.RangeAssignor, class org.apache.kafka.clients.consumer.CooperativeStickyAssignor]
	receive.buffer.bytes = 65536
	reconnect.backoff.max.ms = 1000
	reconnect.backoff.ms = 50
	request.timeout.ms = 30000
	retry.backoff.ms = 100
	sasl.client.callback.handler.class = null
	sasl.jaas.config = null
	sasl.kerberos.kinit.cmd = /usr/bin/kinit
	sasl.kerberos.min.time.before.relogin = 60000
	sasl.kerberos.service.name = null
	sasl.kerberos.ticket.renew.jitter = 0.05
	sasl.kerberos.ticket.renew.window.factor = 0.8
	sasl.login.callback.handler.class = null
	sasl.login.class = null
	sasl.login.refresh.buffer.seconds = 300
	sasl.login.refresh.min.period.seconds = 60
	sasl.login.refresh.window.factor = 0.8
	sasl.login.refresh.window.jitter = 0.05
	sasl.mechanism = GSSAPI
	security.protocol = PLAINTEXT
	security.providers = null
	send.buffer.bytes = 131072
	session.timeout.ms = 45000
	socket.connection.setup.timeout.max.ms = 30000
	socket.connection.setup.timeout.ms = 10000
	ssl.cipher.suites = null
	ssl.enabled.protocols = [TLSv1.2]
	ssl.endpoint.identification.algorithm = https
	ssl.engine.factory.class = null
	ssl.key.password = null
	ssl.keymanager.algorithm = SunX509
	ssl.keystore.certificate.chain = null
	ssl.keystore.key = null
	ssl.keystore.location = null
	ssl.keystore.password = null
	ssl.keystore.type = JKS
	ssl.protocol = TLSv1.2
	ssl.provider = null
	ssl.secure.random.implementation = null
	ssl.trustmanager.algorithm = PKIX
	ssl.truststore.certificates = null
	ssl.truststore.location = null
	ssl.truststore.password = null
	ssl.truststore.type = JKS
	value.deserializer = class org.apache.kafka.common.serialization.StringDeserializer

2022-05-06 20:30:49,507 INFO [restartedMain] o.a.k.c.u.AppInfoParser [AppInfoParser.java:119] Kafka version: 3.0.1
2022-05-06 20:30:49,508 INFO [restartedMain] o.a.k.c.u.AppInfoParser [AppInfoParser.java:120] Kafka commitId: 8e30984f43e64d8b
2022-05-06 20:30:49,508 INFO [restartedMain] o.a.k.c.u.AppInfoParser [AppInfoParser.java:121] Kafka startTimeMs: 1651840249505
2022-05-06 20:30:49,512 INFO [restartedMain] o.a.k.c.c.KafkaConsumer [KafkaConsumer.java:966] [Consumer clientId=consumer-test-consumer-group-1, groupId=test-consumer-group] Subscribed to topic(s): comment, follow, like
2022-05-06 20:30:49,533 INFO [restartedMain] o.a.c.h.Http11NioProtocol [DirectJDKLog.java:173] Starting ProtocolHandler ["http-nio-8080"]
2022-05-06 20:30:49,574 INFO [restartedMain] o.s.b.w.e.t.TomcatWebServer [TomcatWebServer.java:220] Tomcat started on port(s): 8080 (http) with context path '/community'
2022-05-06 20:30:49,590 INFO [restartedMain] c.e.c.CommunityApplication [StartupInfoLogger.java:61] Started CommunityApplication in 4.606 seconds (JVM running for 6.38)
2022-05-06 20:31:01,052 INFO [http-nio-8080-exec-1] o.a.c.c.C.[.[.[/community] [DirectJDKLog.java:173] Initializing Spring DispatcherServlet 'dispatcherServlet'
2022-05-06 20:31:01,052 INFO [http-nio-8080-exec-1] o.s.w.s.DispatcherServlet [FrameworkServlet.java:525] Initializing Servlet 'dispatcherServlet'
2022-05-06 20:31:01,053 INFO [http-nio-8080-exec-1] o.s.w.s.DispatcherServlet [FrameworkServlet.java:547] Completed initialization in 1 ms
2022-05-06 20:31:01,110 INFO [http-nio-8080-exec-1] c.e.c.a.ServiceLogAspect [ServiceLogAspect.java:38] 用户[0:0:0:0:0:0:0:1]，在[2022-05-06 20:31:01]，访问了[com.example.community.service.DiscussPostService.findDiscussPostRows]。
2022-05-06 20:31:01,143 INFO [http-nio-8080-exec-1] c.z.h.HikariDataSource [HikariDataSource.java:110] HikariPool-1 - Starting...
2022-05-06 20:31:01,267 INFO [http-nio-8080-exec-1] c.z.h.HikariDataSource [HikariDataSource.java:123] HikariPool-1 - Start completed.
2022-05-06 20:31:01,345 INFO [http-nio-8080-exec-1] c.e.c.a.ServiceLogAspect [ServiceLogAspect.java:38] 用户[0:0:0:0:0:0:0:1]，在[2022-05-06 20:31:01]，访问了[com.example.community.service.DiscussPostService.findDiscussPosts]。
2022-05-06 20:31:01,355 INFO [http-nio-8080-exec-1] c.e.c.a.ServiceLogAspect [ServiceLogAspect.java:38] 用户[0:0:0:0:0:0:0:1]，在[2022-05-06 20:31:01]，访问了[com.example.community.service.UserService.findUserById]。
2022-05-06 20:31:37,018 INFO [org.springframework.kafka.KafkaListenerEndpointContainer#0-0-C-1] o.a.k.c.c.i.ConsumerCoordinator [AbstractCoordinator.java:966] [Consumer clientId=consumer-test-consumer-group-1, groupId=test-consumer-group] Resetting generation due to: consumer pro-actively leaving the group
2022-05-06 20:31:37,019 INFO [org.springframework.kafka.KafkaListenerEndpointContainer#0-0-C-1] o.a.k.c.c.i.ConsumerCoordinator [AbstractCoordinator.java:988] [Consumer clientId=consumer-test-consumer-group-1, groupId=test-consumer-group] Request joining group due to: consumer pro-actively leaving the group
2022-05-06 20:31:37,019 INFO [org.springframework.kafka.KafkaListenerEndpointContainer#0-0-C-1] o.a.k.c.c.KafkaConsumer [KafkaConsumer.java:1075] [Consumer clientId=consumer-test-consumer-group-1, groupId=test-consumer-group] Unsubscribed all topics or patterns and assigned partitions
2022-05-06 20:31:37,020 INFO [org.springframework.kafka.KafkaListenerEndpointContainer#0-0-C-1] o.a.k.c.c.i.ConsumerCoordinator [AbstractCoordinator.java:966] [Consumer clientId=consumer-test-consumer-group-1, groupId=test-consumer-group] Resetting generation due to: consumer pro-actively leaving the group
2022-05-06 20:31:37,020 INFO [org.springframework.kafka.KafkaListenerEndpointContainer#0-0-C-1] o.a.k.c.c.i.ConsumerCoordinator [AbstractCoordinator.java:988] [Consumer clientId=consumer-test-consumer-group-1, groupId=test-consumer-group] Request joining group due to: consumer pro-actively leaving the group
2022-05-06 20:31:37,021 INFO [org.springframework.kafka.KafkaListenerEndpointContainer#0-0-C-1] o.a.k.c.m.Metrics [Metrics.java:659] Metrics scheduler closed
2022-05-06 20:31:37,021 INFO [org.springframework.kafka.KafkaListenerEndpointContainer#0-0-C-1] o.a.k.c.m.Metrics [Metrics.java:663] Closing reporter org.apache.kafka.common.metrics.JmxReporter
2022-05-06 20:31:37,021 INFO [org.springframework.kafka.KafkaListenerEndpointContainer#0-0-C-1] o.a.k.c.m.Metrics [Metrics.java:669] Metrics reporters closed
2022-05-06 20:31:37,023 INFO [org.springframework.kafka.KafkaListenerEndpointContainer#0-0-C-1] o.a.k.c.u.AppInfoParser [AppInfoParser.java:83] App info kafka.consumer for consumer-test-consumer-group-1 unregistered
2022-05-06 20:31:37,024 INFO [org.springframework.kafka.KafkaListenerEndpointContainer#0-0-C-1] o.s.k.l.KafkaMessageListenerContainer [LogAccessor.java:292] test-consumer-group: Consumer stopped
2022-05-06 20:31:37,150 INFO [SpringApplicationShutdownHook] c.z.h.HikariDataSource [HikariDataSource.java:350] HikariPool-1 - Shutdown initiated...
2022-05-06 20:31:37,156 INFO [SpringApplicationShutdownHook] c.z.h.HikariDataSource [HikariDataSource.java:352] HikariPool-1 - Shutdown completed.
2022-05-06 20:31:41,845 INFO [restartedMain] c.e.c.CommunityApplication [StartupInfoLogger.java:55] Starting CommunityApplication using Java 1.8.0_311 on LAPTOP-IS7H869C with PID 16208 (D:\DevelopmentCode\community\target\classes started by Xuuuuuuuu in D:\DevelopmentCode\community)
2022-05-06 20:31:41,847 INFO [restartedMain] c.e.c.CommunityApplication [SpringApplication.java:640] No active profile set, falling back to 1 default profile: "default"
2022-05-06 20:31:41,893 INFO [restartedMain] o.s.b.d.e.DevToolsPropertyDefaultsPostProcessor [DeferredLog.java:255] Devtools property defaults active! Set 'spring.devtools.add-properties' to 'false' to disable
2022-05-06 20:31:41,893 INFO [restartedMain] o.s.b.d.e.DevToolsPropertyDefaultsPostProcessor [DeferredLog.java:255] For additional web related logging consider setting the 'logging.level.web' property to 'DEBUG'
2022-05-06 20:31:42,705 INFO [restartedMain] o.s.d.r.c.RepositoryConfigurationDelegate [RepositoryConfigurationDelegate.java:262] Multiple Spring Data modules found, entering strict repository configuration mode!
2022-05-06 20:31:42,708 INFO [restartedMain] o.s.d.r.c.RepositoryConfigurationDelegate [RepositoryConfigurationDelegate.java:132] Bootstrapping Spring Data Redis repositories in DEFAULT mode.
2022-05-06 20:31:42,731 INFO [restartedMain] o.s.d.r.c.RepositoryConfigurationDelegate [RepositoryConfigurationDelegate.java:201] Finished Spring Data repository scanning in 9 ms. Found 0 Redis repository interfaces.
2022-05-06 20:31:43,528 INFO [restartedMain] o.s.b.w.e.t.TomcatWebServer [TomcatWebServer.java:108] Tomcat initialized with port(s): 8080 (http)
2022-05-06 20:31:43,538 INFO [restartedMain] o.a.c.h.Http11NioProtocol [DirectJDKLog.java:173] Initializing ProtocolHandler ["http-nio-8080"]
2022-05-06 20:31:43,539 INFO [restartedMain] o.a.c.c.StandardService [DirectJDKLog.java:173] Starting service [Tomcat]
2022-05-06 20:31:43,540 INFO [restartedMain] o.a.c.c.StandardEngine [DirectJDKLog.java:173] Starting Servlet engine: [Apache Tomcat/9.0.60]
2022-05-06 20:31:43,624 INFO [restartedMain] o.a.c.c.C.[.[.[/community] [DirectJDKLog.java:173] Initializing Spring embedded WebApplicationContext
2022-05-06 20:31:43,624 INFO [restartedMain] o.s.b.w.s.c.ServletWebServerApplicationContext [ServletWebServerApplicationContext.java:290] Root WebApplicationContext: initialization completed in 1730 ms
2022-05-06 20:31:44,826 INFO [restartedMain] o.s.b.a.w.s.WelcomePageHandlerMapping [WelcomePageHandlerMapping.java:57] Adding welcome page template: index
2022-05-06 20:31:45,213 INFO [restartedMain] o.s.b.d.a.OptionalLiveReloadServer [OptionalLiveReloadServer.java:58] LiveReload server is running on port 35729
2022-05-06 20:31:45,318 INFO [restartedMain] o.a.k.c.c.ConsumerConfig [AbstractConfig.java:376] ConsumerConfig values: 
	allow.auto.create.topics = true
	auto.commit.interval.ms = 3000
	auto.offset.reset = latest
	bootstrap.servers = [192.168.200.133:9092]
	check.crcs = true
	client.dns.lookup = use_all_dns_ips
	client.id = consumer-test-consumer-group-1
	client.rack = 
	connections.max.idle.ms = 540000
	default.api.timeout.ms = 60000
	enable.auto.commit = true
	exclude.internal.topics = true
	fetch.max.bytes = 52428800
	fetch.max.wait.ms = 500
	fetch.min.bytes = 1
	group.id = test-consumer-group
	group.instance.id = null
	heartbeat.interval.ms = 3000
	interceptor.classes = []
	internal.leave.group.on.close = true
	internal.throw.on.fetch.stable.offset.unsupported = false
	isolation.level = read_uncommitted
	key.deserializer = class org.apache.kafka.common.serialization.StringDeserializer
	max.partition.fetch.bytes = 1048576
	max.poll.interval.ms = 300000
	max.poll.records = 500
	metadata.max.age.ms = 300000
	metric.reporters = []
	metrics.num.samples = 2
	metrics.recording.level = INFO
	metrics.sample.window.ms = 30000
	partition.assignment.strategy = [class org.apache.kafka.clients.consumer.RangeAssignor, class org.apache.kafka.clients.consumer.CooperativeStickyAssignor]
	receive.buffer.bytes = 65536
	reconnect.backoff.max.ms = 1000
	reconnect.backoff.ms = 50
	request.timeout.ms = 30000
	retry.backoff.ms = 100
	sasl.client.callback.handler.class = null
	sasl.jaas.config = null
	sasl.kerberos.kinit.cmd = /usr/bin/kinit
	sasl.kerberos.min.time.before.relogin = 60000
	sasl.kerberos.service.name = null
	sasl.kerberos.ticket.renew.jitter = 0.05
	sasl.kerberos.ticket.renew.window.factor = 0.8
	sasl.login.callback.handler.class = null
	sasl.login.class = null
	sasl.login.refresh.buffer.seconds = 300
	sasl.login.refresh.min.period.seconds = 60
	sasl.login.refresh.window.factor = 0.8
	sasl.login.refresh.window.jitter = 0.05
	sasl.mechanism = GSSAPI
	security.protocol = PLAINTEXT
	security.providers = null
	send.buffer.bytes = 131072
	session.timeout.ms = 45000
	socket.connection.setup.timeout.max.ms = 30000
	socket.connection.setup.timeout.ms = 10000
	ssl.cipher.suites = null
	ssl.enabled.protocols = [TLSv1.2]
	ssl.endpoint.identification.algorithm = https
	ssl.engine.factory.class = null
	ssl.key.password = null
	ssl.keymanager.algorithm = SunX509
	ssl.keystore.certificate.chain = null
	ssl.keystore.key = null
	ssl.keystore.location = null
	ssl.keystore.password = null
	ssl.keystore.type = JKS
	ssl.protocol = TLSv1.2
	ssl.provider = null
	ssl.secure.random.implementation = null
	ssl.trustmanager.algorithm = PKIX
	ssl.truststore.certificates = null
	ssl.truststore.location = null
	ssl.truststore.password = null
	ssl.truststore.type = JKS
	value.deserializer = class org.apache.kafka.common.serialization.StringDeserializer

2022-05-06 20:31:45,431 INFO [restartedMain] o.a.k.c.u.AppInfoParser [AppInfoParser.java:119] Kafka version: 3.0.1
2022-05-06 20:31:45,433 INFO [restartedMain] o.a.k.c.u.AppInfoParser [AppInfoParser.java:120] Kafka commitId: 8e30984f43e64d8b
2022-05-06 20:31:45,434 INFO [restartedMain] o.a.k.c.u.AppInfoParser [AppInfoParser.java:121] Kafka startTimeMs: 1651840305428
2022-05-06 20:31:45,439 INFO [restartedMain] o.a.k.c.c.KafkaConsumer [KafkaConsumer.java:966] [Consumer clientId=consumer-test-consumer-group-1, groupId=test-consumer-group] Subscribed to topic(s): comment, follow, like
2022-05-06 20:31:45,460 INFO [restartedMain] o.a.c.h.Http11NioProtocol [DirectJDKLog.java:173] Starting ProtocolHandler ["http-nio-8080"]
2022-05-06 20:31:45,500 INFO [restartedMain] o.s.b.w.e.t.TomcatWebServer [TomcatWebServer.java:220] Tomcat started on port(s): 8080 (http) with context path '/community'
2022-05-06 20:31:45,515 INFO [restartedMain] c.e.c.CommunityApplication [StartupInfoLogger.java:61] Started CommunityApplication in 4.238 seconds (JVM running for 5.473)
2022-05-06 20:31:46,183 INFO [org.springframework.kafka.KafkaListenerEndpointContainer#0-0-C-1] o.a.k.c.Metadata [Metadata.java:287] [Consumer clientId=consumer-test-consumer-group-1, groupId=test-consumer-group] Cluster ID: ah9qno30SwCWf0Owmdml-w
2022-05-06 20:31:50,299 INFO [http-nio-8080-exec-1] o.a.c.c.C.[.[.[/community] [DirectJDKLog.java:173] Initializing Spring DispatcherServlet 'dispatcherServlet'
2022-05-06 20:31:50,299 INFO [http-nio-8080-exec-1] o.s.w.s.DispatcherServlet [FrameworkServlet.java:525] Initializing Servlet 'dispatcherServlet'
2022-05-06 20:31:50,301 INFO [http-nio-8080-exec-1] o.s.w.s.DispatcherServlet [FrameworkServlet.java:547] Completed initialization in 2 ms
2022-05-06 20:31:50,334 INFO [http-nio-8080-exec-1] c.e.c.a.ServiceLogAspect [ServiceLogAspect.java:38] 用户[0:0:0:0:0:0:0:1]，在[2022-05-06 20:31:50]，访问了[com.example.community.service.DiscussPostService.findDiscussPostRows]。
2022-05-06 20:31:50,362 INFO [http-nio-8080-exec-1] c.z.h.HikariDataSource [HikariDataSource.java:110] HikariPool-1 - Starting...
2022-05-06 20:31:50,457 INFO [http-nio-8080-exec-1] c.z.h.HikariDataSource [HikariDataSource.java:123] HikariPool-1 - Start completed.
2022-05-06 20:31:50,675 INFO [http-nio-8080-exec-1] c.e.c.a.ServiceLogAspect [ServiceLogAspect.java:38] 用户[0:0:0:0:0:0:0:1]，在[2022-05-06 20:31:50]，访问了[com.example.community.service.DiscussPostService.findDiscussPosts]。
2022-05-06 20:31:50,684 INFO [http-nio-8080-exec-1] c.e.c.a.ServiceLogAspect [ServiceLogAspect.java:38] 用户[0:0:0:0:0:0:0:1]，在[2022-05-06 20:31:50]，访问了[com.example.community.service.UserService.findUserById]。
2022-05-06 20:31:51,788 INFO [http-nio-8080-exec-1] c.e.c.a.ServiceLogAspect [ServiceLogAspect.java:38] 用户[0:0:0:0:0:0:0:1]，在[2022-05-06 20:31:51]，访问了[com.example.community.service.LikeService.findEntityLikeCount]。
2022-05-06 20:31:51,793 INFO [http-nio-8080-exec-1] c.e.c.a.ServiceLogAspect [ServiceLogAspect.java:38] 用户[0:0:0:0:0:0:0:1]，在[2022-05-06 20:31:51]，访问了[com.example.community.service.UserService.findUserById]。
2022-05-06 20:31:51,800 INFO [http-nio-8080-exec-1] c.e.c.a.ServiceLogAspect [ServiceLogAspect.java:38] 用户[0:0:0:0:0:0:0:1]，在[2022-05-06 20:31:51]，访问了[com.example.community.service.LikeService.findEntityLikeCount]。
2022-05-06 20:31:51,802 INFO [http-nio-8080-exec-1] c.e.c.a.ServiceLogAspect [ServiceLogAspect.java:38] 用户[0:0:0:0:0:0:0:1]，在[2022-05-06 20:31:51]，访问了[com.example.community.service.UserService.findUserById]。
2022-05-06 20:31:51,808 INFO [http-nio-8080-exec-1] c.e.c.a.ServiceLogAspect [ServiceLogAspect.java:38] 用户[0:0:0:0:0:0:0:1]，在[2022-05-06 20:31:51]，访问了[com.example.community.service.LikeService.findEntityLikeCount]。
2022-05-06 20:31:51,810 INFO [http-nio-8080-exec-1] c.e.c.a.ServiceLogAspect [ServiceLogAspect.java:38] 用户[0:0:0:0:0:0:0:1]，在[2022-05-06 20:31:51]，访问了[com.example.community.service.UserService.findUserById]。
2022-05-06 20:31:51,815 INFO [http-nio-8080-exec-1] c.e.c.a.ServiceLogAspect [ServiceLogAspect.java:38] 用户[0:0:0:0:0:0:0:1]，在[2022-05-06 20:31:51]，访问了[com.example.community.service.LikeService.findEntityLikeCount]。
2022-05-06 20:31:51,816 INFO [http-nio-8080-exec-1] c.e.c.a.ServiceLogAspect [ServiceLogAspect.java:38] 用户[0:0:0:0:0:0:0:1]，在[2022-05-06 20:31:51]，访问了[com.example.community.service.UserService.findUserById]。
2022-05-06 20:31:51,854 INFO [http-nio-8080-exec-1] c.e.c.a.ServiceLogAspect [ServiceLogAspect.java:38] 用户[0:0:0:0:0:0:0:1]，在[2022-05-06 20:31:51]，访问了[com.example.community.service.LikeService.findEntityLikeCount]。
2022-05-06 20:31:51,855 INFO [http-nio-8080-exec-1] c.e.c.a.ServiceLogAspect [ServiceLogAspect.java:38] 用户[0:0:0:0:0:0:0:1]，在[2022-05-06 20:31:51]，访问了[com.example.community.service.UserService.findUserById]。
2022-05-06 20:31:51,857 INFO [http-nio-8080-exec-1] c.e.c.a.ServiceLogAspect [ServiceLogAspect.java:38] 用户[0:0:0:0:0:0:0:1]，在[2022-05-06 20:31:51]，访问了[com.example.community.service.LikeService.findEntityLikeCount]。
2022-05-06 20:31:51,859 INFO [http-nio-8080-exec-1] c.e.c.a.ServiceLogAspect [ServiceLogAspect.java:38] 用户[0:0:0:0:0:0:0:1]，在[2022-05-06 20:31:51]，访问了[com.example.community.service.UserService.findUserById]。
2022-05-06 20:31:51,866 INFO [http-nio-8080-exec-1] c.e.c.a.ServiceLogAspect [ServiceLogAspect.java:38] 用户[0:0:0:0:0:0:0:1]，在[2022-05-06 20:31:51]，访问了[com.example.community.service.LikeService.findEntityLikeCount]。
2022-05-06 20:31:51,867 INFO [http-nio-8080-exec-1] c.e.c.a.ServiceLogAspect [ServiceLogAspect.java:38] 用户[0:0:0:0:0:0:0:1]，在[2022-05-06 20:31:51]，访问了[com.example.community.service.UserService.findUserById]。
2022-05-06 20:31:51,874 INFO [http-nio-8080-exec-1] c.e.c.a.ServiceLogAspect [ServiceLogAspect.java:38] 用户[0:0:0:0:0:0:0:1]，在[2022-05-06 20:31:51]，访问了[com.example.community.service.LikeService.findEntityLikeCount]。
2022-05-06 20:31:51,875 INFO [http-nio-8080-exec-1] c.e.c.a.ServiceLogAspect [ServiceLogAspect.java:38] 用户[0:0:0:0:0:0:0:1]，在[2022-05-06 20:31:51]，访问了[com.example.community.service.UserService.findUserById]。
2022-05-06 20:31:51,881 INFO [http-nio-8080-exec-1] c.e.c.a.ServiceLogAspect [ServiceLogAspect.java:38] 用户[0:0:0:0:0:0:0:1]，在[2022-05-06 20:31:51]，访问了[com.example.community.service.LikeService.findEntityLikeCount]。
2022-05-06 20:31:51,883 INFO [http-nio-8080-exec-1] c.e.c.a.ServiceLogAspect [ServiceLogAspect.java:38] 用户[0:0:0:0:0:0:0:1]，在[2022-05-06 20:31:51]，访问了[com.example.community.service.UserService.findUserById]。
2022-05-06 20:31:51,885 INFO [http-nio-8080-exec-1] c.e.c.a.ServiceLogAspect [ServiceLogAspect.java:38] 用户[0:0:0:0:0:0:0:1]，在[2022-05-06 20:31:51]，访问了[com.example.community.service.LikeService.findEntityLikeCount]。
2022-05-06 20:32:04,293 INFO [http-nio-8080-exec-3] c.e.c.a.ServiceLogAspect [ServiceLogAspect.java:38] 用户[0:0:0:0:0:0:0:1]，在[2022-05-06 20:32:04]，访问了[com.example.community.service.UserService.login]。
2022-05-06 20:32:04,321 INFO [http-nio-8080-exec-4] c.e.c.a.ServiceLogAspect [ServiceLogAspect.java:38] 用户[0:0:0:0:0:0:0:1]，在[2022-05-06 20:32:04]，访问了[com.example.community.service.UserService.findLoginTicket]。
2022-05-06 20:32:04,324 INFO [http-nio-8080-exec-4] c.e.c.a.ServiceLogAspect [ServiceLogAspect.java:38] 用户[0:0:0:0:0:0:0:1]，在[2022-05-06 20:32:04]，访问了[com.example.community.service.UserService.findUserById]。
2022-05-06 20:32:04,326 INFO [http-nio-8080-exec-4] c.e.c.a.ServiceLogAspect [ServiceLogAspect.java:38] 用户[0:0:0:0:0:0:0:1]，在[2022-05-06 20:32:04]，访问了[com.example.community.service.DiscussPostService.findDiscussPostRows]。
2022-05-06 20:32:04,329 INFO [http-nio-8080-exec-4] c.e.c.a.ServiceLogAspect [ServiceLogAspect.java:38] 用户[0:0:0:0:0:0:0:1]，在[2022-05-06 20:32:04]，访问了[com.example.community.service.DiscussPostService.findDiscussPosts]。
2022-05-06 20:32:04,337 INFO [http-nio-8080-exec-4] c.e.c.a.ServiceLogAspect [ServiceLogAspect.java:38] 用户[0:0:0:0:0:0:0:1]，在[2022-05-06 20:32:04]，访问了[com.example.community.service.UserService.findUserById]。
2022-05-06 20:32:04,339 INFO [http-nio-8080-exec-4] c.e.c.a.ServiceLogAspect [ServiceLogAspect.java:38] 用户[0:0:0:0:0:0:0:1]，在[2022-05-06 20:32:04]，访问了[com.example.community.service.LikeService.findEntityLikeCount]。
2022-05-06 20:32:04,341 INFO [http-nio-8080-exec-4] c.e.c.a.ServiceLogAspect [ServiceLogAspect.java:38] 用户[0:0:0:0:0:0:0:1]，在[2022-05-06 20:32:04]，访问了[com.example.community.service.UserService.findUserById]。
2022-05-06 20:32:04,343 INFO [http-nio-8080-exec-4] c.e.c.a.ServiceLogAspect [ServiceLogAspect.java:38] 用户[0:0:0:0:0:0:0:1]，在[2022-05-06 20:32:04]，访问了[com.example.community.service.LikeService.findEntityLikeCount]。
2022-05-06 20:32:04,345 INFO [http-nio-8080-exec-4] c.e.c.a.ServiceLogAspect [ServiceLogAspect.java:38] 用户[0:0:0:0:0:0:0:1]，在[2022-05-06 20:32:04]，访问了[com.example.community.service.UserService.findUserById]。
2022-05-06 20:32:04,348 INFO [http-nio-8080-exec-4] c.e.c.a.ServiceLogAspect [ServiceLogAspect.java:38] 用户[0:0:0:0:0:0:0:1]，在[2022-05-06 20:32:04]，访问了[com.example.community.service.LikeService.findEntityLikeCount]。
2022-05-06 20:32:04,351 INFO [http-nio-8080-exec-4] c.e.c.a.ServiceLogAspect [ServiceLogAspect.java:38] 用户[0:0:0:0:0:0:0:1]，在[2022-05-06 20:32:04]，访问了[com.example.community.service.UserService.findUserById]。
2022-05-06 20:32:04,354 INFO [http-nio-8080-exec-4] c.e.c.a.ServiceLogAspect [ServiceLogAspect.java:38] 用户[0:0:0:0:0:0:0:1]，在[2022-05-06 20:32:04]，访问了[com.example.community.service.LikeService.findEntityLikeCount]。
2022-05-06 20:32:04,355 INFO [http-nio-8080-exec-4] c.e.c.a.ServiceLogAspect [ServiceLogAspect.java:38] 用户[0:0:0:0:0:0:0:1]，在[2022-05-06 20:32:04]，访问了[com.example.community.service.UserService.findUserById]。
2022-05-06 20:32:04,357 INFO [http-nio-8080-exec-4] c.e.c.a.ServiceLogAspect [ServiceLogAspect.java:38] 用户[0:0:0:0:0:0:0:1]，在[2022-05-06 20:32:04]，访问了[com.example.community.service.LikeService.findEntityLikeCount]。
2022-05-06 20:32:04,359 INFO [http-nio-8080-exec-4] c.e.c.a.ServiceLogAspect [ServiceLogAspect.java:38] 用户[0:0:0:0:0:0:0:1]，在[2022-05-06 20:32:04]，访问了[com.example.community.service.UserService.findUserById]。
2022-05-06 20:32:04,361 INFO [http-nio-8080-exec-4] c.e.c.a.ServiceLogAspect [ServiceLogAspect.java:38] 用户[0:0:0:0:0:0:0:1]，在[2022-05-06 20:32:04]，访问了[com.example.community.service.LikeService.findEntityLikeCount]。
2022-05-06 20:32:04,362 INFO [http-nio-8080-exec-4] c.e.c.a.ServiceLogAspect [ServiceLogAspect.java:38] 用户[0:0:0:0:0:0:0:1]，在[2022-05-06 20:32:04]，访问了[com.example.community.service.UserService.findUserById]。
2022-05-06 20:32:04,363 INFO [http-nio-8080-exec-4] c.e.c.a.ServiceLogAspect [ServiceLogAspect.java:38] 用户[0:0:0:0:0:0:0:1]，在[2022-05-06 20:32:04]，访问了[com.example.community.service.LikeService.findEntityLikeCount]。
2022-05-06 20:32:04,365 INFO [http-nio-8080-exec-4] c.e.c.a.ServiceLogAspect [ServiceLogAspect.java:38] 用户[0:0:0:0:0:0:0:1]，在[2022-05-06 20:32:04]，访问了[com.example.community.service.UserService.findUserById]。
2022-05-06 20:32:04,366 INFO [http-nio-8080-exec-4] c.e.c.a.ServiceLogAspect [ServiceLogAspect.java:38] 用户[0:0:0:0:0:0:0:1]，在[2022-05-06 20:32:04]，访问了[com.example.community.service.LikeService.findEntityLikeCount]。
2022-05-06 20:32:04,367 INFO [http-nio-8080-exec-4] c.e.c.a.ServiceLogAspect [ServiceLogAspect.java:38] 用户[0:0:0:0:0:0:0:1]，在[2022-05-06 20:32:04]，访问了[com.example.community.service.UserService.findUserById]。
2022-05-06 20:32:04,368 INFO [http-nio-8080-exec-4] c.e.c.a.ServiceLogAspect [ServiceLogAspect.java:38] 用户[0:0:0:0:0:0:0:1]，在[2022-05-06 20:32:04]，访问了[com.example.community.service.LikeService.findEntityLikeCount]。
2022-05-06 20:32:04,370 INFO [http-nio-8080-exec-4] c.e.c.a.ServiceLogAspect [ServiceLogAspect.java:38] 用户[0:0:0:0:0:0:0:1]，在[2022-05-06 20:32:04]，访问了[com.example.community.service.UserService.findUserById]。
2022-05-06 20:32:04,371 INFO [http-nio-8080-exec-4] c.e.c.a.ServiceLogAspect [ServiceLogAspect.java:38] 用户[0:0:0:0:0:0:0:1]，在[2022-05-06 20:32:04]，访问了[com.example.community.service.LikeService.findEntityLikeCount]。
2022-05-06 20:32:04,372 INFO [http-nio-8080-exec-4] c.e.c.a.ServiceLogAspect [ServiceLogAspect.java:38] 用户[0:0:0:0:0:0:0:1]，在[2022-05-06 20:32:04]，访问了[com.example.community.service.MessageService.findLetterUnreadCount]。
2022-05-06 20:32:04,390 INFO [http-nio-8080-exec-4] c.e.c.a.ServiceLogAspect [ServiceLogAspect.java:38] 用户[0:0:0:0:0:0:0:1]，在[2022-05-06 20:32:04]，访问了[com.example.community.service.MessageService.findNoticeUnreadCount]。
2022-05-06 20:32:07,155 INFO [http-nio-8080-exec-9] c.e.c.a.ServiceLogAspect [ServiceLogAspect.java:38] 用户[0:0:0:0:0:0:0:1]，在[2022-05-06 20:32:07]，访问了[com.example.community.service.UserService.findLoginTicket]。
2022-05-06 20:32:07,157 INFO [http-nio-8080-exec-9] c.e.c.a.ServiceLogAspect [ServiceLogAspect.java:38] 用户[0:0:0:0:0:0:0:1]，在[2022-05-06 20:32:07]，访问了[com.example.community.service.UserService.findUserById]。
2022-05-06 20:32:07,159 INFO [http-nio-8080-exec-9] c.e.c.a.ServiceLogAspect [ServiceLogAspect.java:38] 用户[0:0:0:0:0:0:0:1]，在[2022-05-06 20:32:07]，访问了[com.example.community.service.UserService.findUserById]。
2022-05-06 20:32:07,161 INFO [http-nio-8080-exec-9] c.e.c.a.ServiceLogAspect [ServiceLogAspect.java:38] 用户[0:0:0:0:0:0:0:1]，在[2022-05-06 20:32:07]，访问了[com.example.community.service.LikeService.findUserLikeCount]。
2022-05-06 20:32:07,163 INFO [http-nio-8080-exec-9] c.e.c.a.ServiceLogAspect [ServiceLogAspect.java:38] 用户[0:0:0:0:0:0:0:1]，在[2022-05-06 20:32:07]，访问了[com.example.community.service.FollowService.findFolloweeCount]。
2022-05-06 20:32:07,170 INFO [http-nio-8080-exec-9] c.e.c.a.ServiceLogAspect [ServiceLogAspect.java:38] 用户[0:0:0:0:0:0:0:1]，在[2022-05-06 20:32:07]，访问了[com.example.community.service.FollowService.findFollowerCount]。
2022-05-06 20:32:07,171 INFO [http-nio-8080-exec-9] c.e.c.a.ServiceLogAspect [ServiceLogAspect.java:38] 用户[0:0:0:0:0:0:0:1]，在[2022-05-06 20:32:07]，访问了[com.example.community.service.FollowService.hasFollowed]。
2022-05-06 20:32:07,173 INFO [http-nio-8080-exec-9] c.e.c.a.ServiceLogAspect [ServiceLogAspect.java:38] 用户[0:0:0:0:0:0:0:1]，在[2022-05-06 20:32:07]，访问了[com.example.community.service.MessageService.findLetterUnreadCount]。
2022-05-06 20:32:07,177 INFO [http-nio-8080-exec-9] c.e.c.a.ServiceLogAspect [ServiceLogAspect.java:38] 用户[0:0:0:0:0:0:0:1]，在[2022-05-06 20:32:07]，访问了[com.example.community.service.MessageService.findNoticeUnreadCount]。
2022-05-06 20:32:08,233 INFO [http-nio-8080-exec-6] c.e.c.a.ServiceLogAspect [ServiceLogAspect.java:38] 用户[0:0:0:0:0:0:0:1]，在[2022-05-06 20:32:08]，访问了[com.example.community.service.UserService.findLoginTicket]。
2022-05-06 20:32:08,235 INFO [http-nio-8080-exec-6] c.e.c.a.ServiceLogAspect [ServiceLogAspect.java:38] 用户[0:0:0:0:0:0:0:1]，在[2022-05-06 20:32:08]，访问了[com.example.community.service.UserService.findUserById]。
2022-05-06 20:32:08,237 INFO [http-nio-8080-exec-6] c.e.c.a.ServiceLogAspect [ServiceLogAspect.java:38] 用户[0:0:0:0:0:0:0:1]，在[2022-05-06 20:32:08]，访问了[com.example.community.service.FollowService.follow]。
2022-05-06 20:32:08,397 INFO [http-nio-8080-exec-6] o.a.k.c.p.ProducerConfig [AbstractConfig.java:376] ProducerConfig values: 
	acks = -1
	batch.size = 16384
	bootstrap.servers = [192.168.200.133:9092]
	buffer.memory = 33554432
	client.dns.lookup = use_all_dns_ips
	client.id = producer-1
	compression.type = none
	connections.max.idle.ms = 540000
	delivery.timeout.ms = 120000
	enable.idempotence = true
	interceptor.classes = []
	key.serializer = class org.apache.kafka.common.serialization.StringSerializer
	linger.ms = 0
	max.block.ms = 60000
	max.in.flight.requests.per.connection = 5
	max.request.size = 1048576
	metadata.max.age.ms = 300000
	metadata.max.idle.ms = 300000
	metric.reporters = []
	metrics.num.samples = 2
	metrics.recording.level = INFO
	metrics.sample.window.ms = 30000
	partitioner.class = class org.apache.kafka.clients.producer.internals.DefaultPartitioner
	receive.buffer.bytes = 32768
	reconnect.backoff.max.ms = 1000
	reconnect.backoff.ms = 50
	request.timeout.ms = 30000
	retries = 2147483647
	retry.backoff.ms = 100
	sasl.client.callback.handler.class = null
	sasl.jaas.config = null
	sasl.kerberos.kinit.cmd = /usr/bin/kinit
	sasl.kerberos.min.time.before.relogin = 60000
	sasl.kerberos.service.name = null
	sasl.kerberos.ticket.renew.jitter = 0.05
	sasl.kerberos.ticket.renew.window.factor = 0.8
	sasl.login.callback.handler.class = null
	sasl.login.class = null
	sasl.login.refresh.buffer.seconds = 300
	sasl.login.refresh.min.period.seconds = 60
	sasl.login.refresh.window.factor = 0.8
	sasl.login.refresh.window.jitter = 0.05
	sasl.mechanism = GSSAPI
	security.protocol = PLAINTEXT
	security.providers = null
	send.buffer.bytes = 131072
	socket.connection.setup.timeout.max.ms = 30000
	socket.connection.setup.timeout.ms = 10000
	ssl.cipher.suites = null
	ssl.enabled.protocols = [TLSv1.2]
	ssl.endpoint.identification.algorithm = https
	ssl.engine.factory.class = null
	ssl.key.password = null
	ssl.keymanager.algorithm = SunX509
	ssl.keystore.certificate.chain = null
	ssl.keystore.key = null
	ssl.keystore.location = null
	ssl.keystore.password = null
	ssl.keystore.type = JKS
	ssl.protocol = TLSv1.2
	ssl.provider = null
	ssl.secure.random.implementation = null
	ssl.trustmanager.algorithm = PKIX
	ssl.truststore.certificates = null
	ssl.truststore.location = null
	ssl.truststore.password = null
	ssl.truststore.type = JKS
	transaction.timeout.ms = 60000
	transactional.id = null
	value.serializer = class org.apache.kafka.common.serialization.StringSerializer

2022-05-06 20:32:08,405 INFO [http-nio-8080-exec-6] o.a.k.c.p.KafkaProducer [KafkaProducer.java:532] [Producer clientId=producer-1] Instantiated an idempotent producer.
2022-05-06 20:32:08,417 INFO [http-nio-8080-exec-6] o.a.k.c.u.AppInfoParser [AppInfoParser.java:119] Kafka version: 3.0.1
2022-05-06 20:32:08,418 INFO [http-nio-8080-exec-6] o.a.k.c.u.AppInfoParser [AppInfoParser.java:120] Kafka commitId: 8e30984f43e64d8b
2022-05-06 20:32:08,418 INFO [http-nio-8080-exec-6] o.a.k.c.u.AppInfoParser [AppInfoParser.java:121] Kafka startTimeMs: 1651840328417
2022-05-06 20:32:08,430 INFO [kafka-producer-network-thread | producer-1] o.a.k.c.Metadata [Metadata.java:401] [Producer clientId=producer-1] Resetting the last seen epoch of partition follow-0 to 0 since the associated topicId changed from null to KWDBh0dQTkSHcg3rf5ryCA
2022-05-06 20:32:08,431 INFO [kafka-producer-network-thread | producer-1] o.a.k.c.Metadata [Metadata.java:287] [Producer clientId=producer-1] Cluster ID: ah9qno30SwCWf0Owmdml-w
2022-05-06 20:32:08,454 INFO [http-nio-8080-exec-6] c.e.c.a.ServiceLogAspect [ServiceLogAspect.java:38] 用户[0:0:0:0:0:0:0:1]，在[2022-05-06 20:32:08]，访问了[com.example.community.service.MessageService.findLetterUnreadCount]。
2022-05-06 20:32:08,459 INFO [http-nio-8080-exec-6] c.e.c.a.ServiceLogAspect [ServiceLogAspect.java:38] 用户[0:0:0:0:0:0:0:1]，在[2022-05-06 20:32:08]，访问了[com.example.community.service.MessageService.findNoticeUnreadCount]。
2022-05-06 20:32:08,478 INFO [http-nio-8080-exec-6] c.e.c.a.ServiceLogAspect [ServiceLogAspect.java:38] 用户[0:0:0:0:0:0:0:1]，在[2022-05-06 20:32:08]，访问了[com.example.community.service.UserService.findLoginTicket]。
2022-05-06 20:32:08,480 INFO [http-nio-8080-exec-6] c.e.c.a.ServiceLogAspect [ServiceLogAspect.java:38] 用户[0:0:0:0:0:0:0:1]，在[2022-05-06 20:32:08]，访问了[com.example.community.service.UserService.findUserById]。
2022-05-06 20:32:08,480 INFO [kafka-producer-network-thread | producer-1] o.a.k.c.p.i.TransactionManager [TransactionManager.java:542] [Producer clientId=producer-1] ProducerId set to 0 with epoch 0
2022-05-06 20:32:10,337 INFO [http-nio-8080-exec-8] c.e.c.a.ServiceLogAspect [ServiceLogAspect.java:38] 用户[0:0:0:0:0:0:0:1]，在[2022-05-06 20:32:10]，访问了[com.example.community.service.UserService.findLoginTicket]。
2022-05-06 20:32:10,343 INFO [http-nio-8080-exec-8] c.e.c.a.ServiceLogAspect [ServiceLogAspect.java:38] 用户[0:0:0:0:0:0:0:1]，在[2022-05-06 20:32:10]，访问了[com.example.community.service.UserService.findUserById]。
2022-05-06 20:32:10,345 INFO [http-nio-8080-exec-8] c.e.c.a.ServiceLogAspect [ServiceLogAspect.java:38] 用户[0:0:0:0:0:0:0:1]，在[2022-05-06 20:32:10]，访问了[com.example.community.service.UserService.findUserById]。
2022-05-06 20:32:10,346 INFO [http-nio-8080-exec-8] c.e.c.a.ServiceLogAspect [ServiceLogAspect.java:38] 用户[0:0:0:0:0:0:0:1]，在[2022-05-06 20:32:10]，访问了[com.example.community.service.LikeService.findUserLikeCount]。
2022-05-06 20:32:10,348 INFO [http-nio-8080-exec-8] c.e.c.a.ServiceLogAspect [ServiceLogAspect.java:38] 用户[0:0:0:0:0:0:0:1]，在[2022-05-06 20:32:10]，访问了[com.example.community.service.FollowService.findFolloweeCount]。
2022-05-06 20:32:10,349 INFO [http-nio-8080-exec-8] c.e.c.a.ServiceLogAspect [ServiceLogAspect.java:38] 用户[0:0:0:0:0:0:0:1]，在[2022-05-06 20:32:10]，访问了[com.example.community.service.FollowService.findFollowerCount]。
2022-05-06 20:32:10,351 INFO [http-nio-8080-exec-8] c.e.c.a.ServiceLogAspect [ServiceLogAspect.java:38] 用户[0:0:0:0:0:0:0:1]，在[2022-05-06 20:32:10]，访问了[com.example.community.service.FollowService.hasFollowed]。
2022-05-06 20:32:10,352 INFO [http-nio-8080-exec-8] c.e.c.a.ServiceLogAspect [ServiceLogAspect.java:38] 用户[0:0:0:0:0:0:0:1]，在[2022-05-06 20:32:10]，访问了[com.example.community.service.MessageService.findLetterUnreadCount]。
2022-05-06 20:32:10,354 INFO [http-nio-8080-exec-8] c.e.c.a.ServiceLogAspect [ServiceLogAspect.java:38] 用户[0:0:0:0:0:0:0:1]，在[2022-05-06 20:32:10]，访问了[com.example.community.service.MessageService.findNoticeUnreadCount]。
2022-05-06 20:32:11,967 INFO [http-nio-8080-exec-3] c.e.c.a.ServiceLogAspect [ServiceLogAspect.java:38] 用户[0:0:0:0:0:0:0:1]，在[2022-05-06 20:32:11]，访问了[com.example.community.service.UserService.findLoginTicket]。
2022-05-06 20:32:11,969 INFO [http-nio-8080-exec-3] c.e.c.a.ServiceLogAspect [ServiceLogAspect.java:38] 用户[0:0:0:0:0:0:0:1]，在[2022-05-06 20:32:11]，访问了[com.example.community.service.UserService.findUserById]。
2022-05-06 20:32:11,973 INFO [http-nio-8080-exec-3] c.e.c.a.ServiceLogAspect [ServiceLogAspect.java:38] 用户[0:0:0:0:0:0:0:1]，在[2022-05-06 20:32:11]，访问了[com.example.community.service.UserService.findUserById]。
2022-05-06 20:32:11,975 INFO [http-nio-8080-exec-3] c.e.c.a.ServiceLogAspect [ServiceLogAspect.java:38] 用户[0:0:0:0:0:0:0:1]，在[2022-05-06 20:32:11]，访问了[com.example.community.service.FollowService.findFollowerCount]。
2022-05-06 20:32:11,977 INFO [http-nio-8080-exec-3] c.e.c.a.ServiceLogAspect [ServiceLogAspect.java:38] 用户[0:0:0:0:0:0:0:1]，在[2022-05-06 20:32:11]，访问了[com.example.community.service.FollowService.findFollowers]。
2022-05-06 20:32:11,982 INFO [http-nio-8080-exec-3] c.e.c.a.ServiceLogAspect [ServiceLogAspect.java:38] 用户[0:0:0:0:0:0:0:1]，在[2022-05-06 20:32:11]，访问了[com.example.community.service.UserService.findUserById]。
2022-05-06 20:32:11,985 INFO [http-nio-8080-exec-3] c.e.c.a.ServiceLogAspect [ServiceLogAspect.java:38] 用户[0:0:0:0:0:0:0:1]，在[2022-05-06 20:32:11]，访问了[com.example.community.service.FollowService.hasFollowed]。
2022-05-06 20:32:11,986 INFO [http-nio-8080-exec-3] c.e.c.a.ServiceLogAspect [ServiceLogAspect.java:38] 用户[0:0:0:0:0:0:0:1]，在[2022-05-06 20:32:11]，访问了[com.example.community.service.MessageService.findLetterUnreadCount]。
2022-05-06 20:32:11,989 INFO [http-nio-8080-exec-3] c.e.c.a.ServiceLogAspect [ServiceLogAspect.java:38] 用户[0:0:0:0:0:0:0:1]，在[2022-05-06 20:32:11]，访问了[com.example.community.service.MessageService.findNoticeUnreadCount]。
2022-05-06 20:32:14,114 INFO [http-nio-8080-exec-8] c.e.c.a.ServiceLogAspect [ServiceLogAspect.java:38] 用户[0:0:0:0:0:0:0:1]，在[2022-05-06 20:32:14]，访问了[com.example.community.service.UserService.findLoginTicket]。
2022-05-06 20:32:14,115 INFO [http-nio-8080-exec-8] c.e.c.a.ServiceLogAspect [ServiceLogAspect.java:38] 用户[0:0:0:0:0:0:0:1]，在[2022-05-06 20:32:14]，访问了[com.example.community.service.UserService.findUserById]。
2022-05-06 20:32:14,117 INFO [http-nio-8080-exec-8] c.e.c.a.ServiceLogAspect [ServiceLogAspect.java:38] 用户[0:0:0:0:0:0:0:1]，在[2022-05-06 20:32:14]，访问了[com.example.community.service.UserService.findUserById]。
2022-05-06 20:32:14,118 INFO [http-nio-8080-exec-8] c.e.c.a.ServiceLogAspect [ServiceLogAspect.java:38] 用户[0:0:0:0:0:0:0:1]，在[2022-05-06 20:32:14]，访问了[com.example.community.service.LikeService.findUserLikeCount]。
2022-05-06 20:32:14,120 INFO [http-nio-8080-exec-8] c.e.c.a.ServiceLogAspect [ServiceLogAspect.java:38] 用户[0:0:0:0:0:0:0:1]，在[2022-05-06 20:32:14]，访问了[com.example.community.service.FollowService.findFolloweeCount]。
2022-05-06 20:32:14,121 INFO [http-nio-8080-exec-8] c.e.c.a.ServiceLogAspect [ServiceLogAspect.java:38] 用户[0:0:0:0:0:0:0:1]，在[2022-05-06 20:32:14]，访问了[com.example.community.service.FollowService.findFollowerCount]。
2022-05-06 20:32:14,121 INFO [http-nio-8080-exec-8] c.e.c.a.ServiceLogAspect [ServiceLogAspect.java:38] 用户[0:0:0:0:0:0:0:1]，在[2022-05-06 20:32:14]，访问了[com.example.community.service.FollowService.hasFollowed]。
2022-05-06 20:32:14,123 INFO [http-nio-8080-exec-8] c.e.c.a.ServiceLogAspect [ServiceLogAspect.java:38] 用户[0:0:0:0:0:0:0:1]，在[2022-05-06 20:32:14]，访问了[com.example.community.service.MessageService.findLetterUnreadCount]。
2022-05-06 20:32:14,125 INFO [http-nio-8080-exec-8] c.e.c.a.ServiceLogAspect [ServiceLogAspect.java:38] 用户[0:0:0:0:0:0:0:1]，在[2022-05-06 20:32:14]，访问了[com.example.community.service.MessageService.findNoticeUnreadCount]。
2022-05-06 20:32:17,238 INFO [http-nio-8080-exec-5] c.e.c.a.ServiceLogAspect [ServiceLogAspect.java:38] 用户[0:0:0:0:0:0:0:1]，在[2022-05-06 20:32:17]，访问了[com.example.community.service.UserService.findLoginTicket]。
2022-05-06 20:32:17,241 INFO [http-nio-8080-exec-5] c.e.c.a.ServiceLogAspect [ServiceLogAspect.java:38] 用户[0:0:0:0:0:0:0:1]，在[2022-05-06 20:32:17]，访问了[com.example.community.service.UserService.findUserById]。
2022-05-06 20:32:17,243 INFO [http-nio-8080-exec-5] c.e.c.a.ServiceLogAspect [ServiceLogAspect.java:38] 用户[0:0:0:0:0:0:0:1]，在[2022-05-06 20:32:17]，访问了[com.example.community.service.UserService.findUserById]。
2022-05-06 20:32:17,245 INFO [http-nio-8080-exec-5] c.e.c.a.ServiceLogAspect [ServiceLogAspect.java:38] 用户[0:0:0:0:0:0:0:1]，在[2022-05-06 20:32:17]，访问了[com.example.community.service.FollowService.findFolloweeCount]。
2022-05-06 20:32:17,246 INFO [http-nio-8080-exec-5] c.e.c.a.ServiceLogAspect [ServiceLogAspect.java:38] 用户[0:0:0:0:0:0:0:1]，在[2022-05-06 20:32:17]，访问了[com.example.community.service.FollowService.findFollowees]。
2022-05-06 20:32:17,248 INFO [http-nio-8080-exec-5] c.e.c.a.ServiceLogAspect [ServiceLogAspect.java:38] 用户[0:0:0:0:0:0:0:1]，在[2022-05-06 20:32:17]，访问了[com.example.community.service.UserService.findUserById]。
2022-05-06 20:32:17,250 INFO [http-nio-8080-exec-5] c.e.c.a.ServiceLogAspect [ServiceLogAspect.java:38] 用户[0:0:0:0:0:0:0:1]，在[2022-05-06 20:32:17]，访问了[com.example.community.service.FollowService.hasFollowed]。
2022-05-06 20:32:17,252 INFO [http-nio-8080-exec-5] c.e.c.a.ServiceLogAspect [ServiceLogAspect.java:38] 用户[0:0:0:0:0:0:0:1]，在[2022-05-06 20:32:17]，访问了[com.example.community.service.MessageService.findLetterUnreadCount]。
2022-05-06 20:32:17,255 INFO [http-nio-8080-exec-5] c.e.c.a.ServiceLogAspect [ServiceLogAspect.java:38] 用户[0:0:0:0:0:0:0:1]，在[2022-05-06 20:32:17]，访问了[com.example.community.service.MessageService.findNoticeUnreadCount]。
2022-05-06 20:32:17,970 INFO [http-nio-8080-exec-10] c.e.c.a.ServiceLogAspect [ServiceLogAspect.java:38] 用户[0:0:0:0:0:0:0:1]，在[2022-05-06 20:32:17]，访问了[com.example.community.service.UserService.findLoginTicket]。
2022-05-06 20:32:17,972 INFO [http-nio-8080-exec-10] c.e.c.a.ServiceLogAspect [ServiceLogAspect.java:38] 用户[0:0:0:0:0:0:0:1]，在[2022-05-06 20:32:17]，访问了[com.example.community.service.UserService.findUserById]。
2022-05-06 20:32:17,973 INFO [http-nio-8080-exec-10] c.e.c.a.ServiceLogAspect [ServiceLogAspect.java:38] 用户[0:0:0:0:0:0:0:1]，在[2022-05-06 20:32:17]，访问了[com.example.community.service.UserService.findUserById]。
2022-05-06 20:32:17,975 INFO [http-nio-8080-exec-10] c.e.c.a.ServiceLogAspect [ServiceLogAspect.java:38] 用户[0:0:0:0:0:0:0:1]，在[2022-05-06 20:32:17]，访问了[com.example.community.service.LikeService.findUserLikeCount]。
2022-05-06 20:32:17,976 INFO [http-nio-8080-exec-10] c.e.c.a.ServiceLogAspect [ServiceLogAspect.java:38] 用户[0:0:0:0:0:0:0:1]，在[2022-05-06 20:32:17]，访问了[com.example.community.service.FollowService.findFolloweeCount]。
2022-05-06 20:32:17,977 INFO [http-nio-8080-exec-10] c.e.c.a.ServiceLogAspect [ServiceLogAspect.java:38] 用户[0:0:0:0:0:0:0:1]，在[2022-05-06 20:32:17]，访问了[com.example.community.service.FollowService.findFollowerCount]。
2022-05-06 20:32:17,980 INFO [http-nio-8080-exec-10] c.e.c.a.ServiceLogAspect [ServiceLogAspect.java:38] 用户[0:0:0:0:0:0:0:1]，在[2022-05-06 20:32:17]，访问了[com.example.community.service.FollowService.hasFollowed]。
2022-05-06 20:32:17,981 INFO [http-nio-8080-exec-10] c.e.c.a.ServiceLogAspect [ServiceLogAspect.java:38] 用户[0:0:0:0:0:0:0:1]，在[2022-05-06 20:32:17]，访问了[com.example.community.service.MessageService.findLetterUnreadCount]。
2022-05-06 20:32:17,984 INFO [http-nio-8080-exec-10] c.e.c.a.ServiceLogAspect [ServiceLogAspect.java:38] 用户[0:0:0:0:0:0:0:1]，在[2022-05-06 20:32:17]，访问了[com.example.community.service.MessageService.findNoticeUnreadCount]。
2022-05-06 20:32:19,391 INFO [http-nio-8080-exec-5] c.e.c.a.ServiceLogAspect [ServiceLogAspect.java:38] 用户[0:0:0:0:0:0:0:1]，在[2022-05-06 20:32:19]，访问了[com.example.community.service.UserService.findLoginTicket]。
2022-05-06 20:32:19,393 INFO [http-nio-8080-exec-5] c.e.c.a.ServiceLogAspect [ServiceLogAspect.java:38] 用户[0:0:0:0:0:0:0:1]，在[2022-05-06 20:32:19]，访问了[com.example.community.service.UserService.findUserById]。
2022-05-06 20:32:19,395 INFO [http-nio-8080-exec-5] c.e.c.a.ServiceLogAspect [ServiceLogAspect.java:38] 用户[0:0:0:0:0:0:0:1]，在[2022-05-06 20:32:19]，访问了[com.example.community.service.DiscussPostService.findDiscussPostRows]。
2022-05-06 20:32:19,400 INFO [http-nio-8080-exec-5] c.e.c.a.ServiceLogAspect [ServiceLogAspect.java:38] 用户[0:0:0:0:0:0:0:1]，在[2022-05-06 20:32:19]，访问了[com.example.community.service.DiscussPostService.findDiscussPosts]。
2022-05-06 20:32:19,405 INFO [http-nio-8080-exec-5] c.e.c.a.ServiceLogAspect [ServiceLogAspect.java:38] 用户[0:0:0:0:0:0:0:1]，在[2022-05-06 20:32:19]，访问了[com.example.community.service.UserService.findUserById]。
2022-05-06 20:32:19,406 INFO [http-nio-8080-exec-5] c.e.c.a.ServiceLogAspect [ServiceLogAspect.java:38] 用户[0:0:0:0:0:0:0:1]，在[2022-05-06 20:32:19]，访问了[com.example.community.service.LikeService.findEntityLikeCount]。
2022-05-06 20:32:19,407 INFO [http-nio-8080-exec-5] c.e.c.a.ServiceLogAspect [ServiceLogAspect.java:38] 用户[0:0:0:0:0:0:0:1]，在[2022-05-06 20:32:19]，访问了[com.example.community.service.UserService.findUserById]。
2022-05-06 20:32:19,408 INFO [http-nio-8080-exec-5] c.e.c.a.ServiceLogAspect [ServiceLogAspect.java:38] 用户[0:0:0:0:0:0:0:1]，在[2022-05-06 20:32:19]，访问了[com.example.community.service.LikeService.findEntityLikeCount]。
2022-05-06 20:32:19,409 INFO [http-nio-8080-exec-5] c.e.c.a.ServiceLogAspect [ServiceLogAspect.java:38] 用户[0:0:0:0:0:0:0:1]，在[2022-05-06 20:32:19]，访问了[com.example.community.service.UserService.findUserById]。
2022-05-06 20:32:19,410 INFO [http-nio-8080-exec-5] c.e.c.a.ServiceLogAspect [ServiceLogAspect.java:38] 用户[0:0:0:0:0:0:0:1]，在[2022-05-06 20:32:19]，访问了[com.example.community.service.LikeService.findEntityLikeCount]。
2022-05-06 20:32:19,411 INFO [http-nio-8080-exec-5] c.e.c.a.ServiceLogAspect [ServiceLogAspect.java:38] 用户[0:0:0:0:0:0:0:1]，在[2022-05-06 20:32:19]，访问了[com.example.community.service.UserService.findUserById]。
2022-05-06 20:32:19,412 INFO [http-nio-8080-exec-5] c.e.c.a.ServiceLogAspect [ServiceLogAspect.java:38] 用户[0:0:0:0:0:0:0:1]，在[2022-05-06 20:32:19]，访问了[com.example.community.service.LikeService.findEntityLikeCount]。
2022-05-06 20:32:19,414 INFO [http-nio-8080-exec-5] c.e.c.a.ServiceLogAspect [ServiceLogAspect.java:38] 用户[0:0:0:0:0:0:0:1]，在[2022-05-06 20:32:19]，访问了[com.example.community.service.UserService.findUserById]。
2022-05-06 20:32:19,416 INFO [http-nio-8080-exec-5] c.e.c.a.ServiceLogAspect [ServiceLogAspect.java:38] 用户[0:0:0:0:0:0:0:1]，在[2022-05-06 20:32:19]，访问了[com.example.community.service.LikeService.findEntityLikeCount]。
2022-05-06 20:32:19,417 INFO [http-nio-8080-exec-5] c.e.c.a.ServiceLogAspect [ServiceLogAspect.java:38] 用户[0:0:0:0:0:0:0:1]，在[2022-05-06 20:32:19]，访问了[com.example.community.service.UserService.findUserById]。
2022-05-06 20:32:19,418 INFO [http-nio-8080-exec-5] c.e.c.a.ServiceLogAspect [ServiceLogAspect.java:38] 用户[0:0:0:0:0:0:0:1]，在[2022-05-06 20:32:19]，访问了[com.example.community.service.LikeService.findEntityLikeCount]。
2022-05-06 20:32:19,419 INFO [http-nio-8080-exec-5] c.e.c.a.ServiceLogAspect [ServiceLogAspect.java:38] 用户[0:0:0:0:0:0:0:1]，在[2022-05-06 20:32:19]，访问了[com.example.community.service.UserService.findUserById]。
2022-05-06 20:32:19,420 INFO [http-nio-8080-exec-5] c.e.c.a.ServiceLogAspect [ServiceLogAspect.java:38] 用户[0:0:0:0:0:0:0:1]，在[2022-05-06 20:32:19]，访问了[com.example.community.service.LikeService.findEntityLikeCount]。
2022-05-06 20:32:19,421 INFO [http-nio-8080-exec-5] c.e.c.a.ServiceLogAspect [ServiceLogAspect.java:38] 用户[0:0:0:0:0:0:0:1]，在[2022-05-06 20:32:19]，访问了[com.example.community.service.UserService.findUserById]。
2022-05-06 20:32:19,423 INFO [http-nio-8080-exec-5] c.e.c.a.ServiceLogAspect [ServiceLogAspect.java:38] 用户[0:0:0:0:0:0:0:1]，在[2022-05-06 20:32:19]，访问了[com.example.community.service.LikeService.findEntityLikeCount]。
2022-05-06 20:32:19,424 INFO [http-nio-8080-exec-5] c.e.c.a.ServiceLogAspect [ServiceLogAspect.java:38] 用户[0:0:0:0:0:0:0:1]，在[2022-05-06 20:32:19]，访问了[com.example.community.service.UserService.findUserById]。
2022-05-06 20:32:19,425 INFO [http-nio-8080-exec-5] c.e.c.a.ServiceLogAspect [ServiceLogAspect.java:38] 用户[0:0:0:0:0:0:0:1]，在[2022-05-06 20:32:19]，访问了[com.example.community.service.LikeService.findEntityLikeCount]。
2022-05-06 20:32:19,426 INFO [http-nio-8080-exec-5] c.e.c.a.ServiceLogAspect [ServiceLogAspect.java:38] 用户[0:0:0:0:0:0:0:1]，在[2022-05-06 20:32:19]，访问了[com.example.community.service.UserService.findUserById]。
2022-05-06 20:32:19,427 INFO [http-nio-8080-exec-5] c.e.c.a.ServiceLogAspect [ServiceLogAspect.java:38] 用户[0:0:0:0:0:0:0:1]，在[2022-05-06 20:32:19]，访问了[com.example.community.service.LikeService.findEntityLikeCount]。
2022-05-06 20:32:19,428 INFO [http-nio-8080-exec-5] c.e.c.a.ServiceLogAspect [ServiceLogAspect.java:38] 用户[0:0:0:0:0:0:0:1]，在[2022-05-06 20:32:19]，访问了[com.example.community.service.MessageService.findLetterUnreadCount]。
2022-05-06 20:32:19,430 INFO [http-nio-8080-exec-5] c.e.c.a.ServiceLogAspect [ServiceLogAspect.java:38] 用户[0:0:0:0:0:0:0:1]，在[2022-05-06 20:32:19]，访问了[com.example.community.service.MessageService.findNoticeUnreadCount]。
2022-05-06 20:32:26,244 INFO [org.springframework.kafka.KafkaListenerEndpointContainer#0-0-C-1] o.a.k.c.c.i.ConsumerCoordinator [AbstractCoordinator.java:966] [Consumer clientId=consumer-test-consumer-group-1, groupId=test-consumer-group] Resetting generation due to: consumer pro-actively leaving the group
2022-05-06 20:32:26,244 INFO [org.springframework.kafka.KafkaListenerEndpointContainer#0-0-C-1] o.a.k.c.c.i.ConsumerCoordinator [AbstractCoordinator.java:988] [Consumer clientId=consumer-test-consumer-group-1, groupId=test-consumer-group] Request joining group due to: consumer pro-actively leaving the group
2022-05-06 20:32:26,245 INFO [org.springframework.kafka.KafkaListenerEndpointContainer#0-0-C-1] o.a.k.c.c.KafkaConsumer [KafkaConsumer.java:1075] [Consumer clientId=consumer-test-consumer-group-1, groupId=test-consumer-group] Unsubscribed all topics or patterns and assigned partitions
2022-05-06 20:32:26,245 INFO [org.springframework.kafka.KafkaListenerEndpointContainer#0-0-C-1] o.a.k.c.c.i.ConsumerCoordinator [AbstractCoordinator.java:966] [Consumer clientId=consumer-test-consumer-group-1, groupId=test-consumer-group] Resetting generation due to: consumer pro-actively leaving the group
2022-05-06 20:32:26,245 INFO [org.springframework.kafka.KafkaListenerEndpointContainer#0-0-C-1] o.a.k.c.c.i.ConsumerCoordinator [AbstractCoordinator.java:988] [Consumer clientId=consumer-test-consumer-group-1, groupId=test-consumer-group] Request joining group due to: consumer pro-actively leaving the group
2022-05-06 20:32:26,246 INFO [org.springframework.kafka.KafkaListenerEndpointContainer#0-0-C-1] o.a.k.c.m.Metrics [Metrics.java:659] Metrics scheduler closed
2022-05-06 20:32:26,246 INFO [org.springframework.kafka.KafkaListenerEndpointContainer#0-0-C-1] o.a.k.c.m.Metrics [Metrics.java:663] Closing reporter org.apache.kafka.common.metrics.JmxReporter
2022-05-06 20:32:26,246 INFO [org.springframework.kafka.KafkaListenerEndpointContainer#0-0-C-1] o.a.k.c.m.Metrics [Metrics.java:669] Metrics reporters closed
2022-05-06 20:32:26,249 INFO [org.springframework.kafka.KafkaListenerEndpointContainer#0-0-C-1] o.a.k.c.u.AppInfoParser [AppInfoParser.java:83] App info kafka.consumer for consumer-test-consumer-group-1 unregistered
2022-05-06 20:32:26,249 INFO [org.springframework.kafka.KafkaListenerEndpointContainer#0-0-C-1] o.s.k.l.KafkaMessageListenerContainer [LogAccessor.java:292] test-consumer-group: Consumer stopped
2022-05-06 20:32:26,253 INFO [SpringApplicationShutdownHook] o.a.k.c.p.KafkaProducer [KafkaProducer.java:1189] [Producer clientId=producer-1] Closing the Kafka producer with timeoutMillis = 30000 ms.
2022-05-06 20:32:38,180 INFO [SpringApplicationShutdownHook] o.a.k.c.m.Metrics [Metrics.java:659] Metrics scheduler closed
2022-05-06 20:32:38,180 INFO [SpringApplicationShutdownHook] o.a.k.c.m.Metrics [Metrics.java:663] Closing reporter org.apache.kafka.common.metrics.JmxReporter
2022-05-06 20:32:38,180 INFO [SpringApplicationShutdownHook] o.a.k.c.m.Metrics [Metrics.java:669] Metrics reporters closed
2022-05-06 20:32:38,180 INFO [SpringApplicationShutdownHook] o.a.k.c.u.AppInfoParser [AppInfoParser.java:83] App info kafka.producer for producer-1 unregistered
2022-05-06 20:32:38,310 INFO [SpringApplicationShutdownHook] c.z.h.HikariDataSource [HikariDataSource.java:350] HikariPool-1 - Shutdown initiated...
2022-05-06 20:32:38,312 INFO [SpringApplicationShutdownHook] c.z.h.HikariDataSource [HikariDataSource.java:352] HikariPool-1 - Shutdown completed.
