2022-04-13 20:28:12,169 INFO [main] c.e.c.SensitiveTest [StartupInfoLogger.java:55] Starting SensitiveTest using Java 1.8.0_311 on LAPTOP-IS7H869C with PID 17000 (started by Xuuuuuuuu in D:\DevelopmentCode\community)
2022-04-13 20:28:12,173 INFO [main] c.e.c.SensitiveTest [SpringApplication.java:640] No active profile set, falling back to 1 default profile: "default"
2022-04-13 20:28:15,403 INFO [main] o.s.b.a.l.ConditionEvaluationReportLoggingListener [ConditionEvaluationReportLoggingListener.java:136] 

Error starting ApplicationContext. To display the conditions report re-run your application with 'debug' enabled.
2022-04-13 20:29:03,061 INFO [main] c.e.c.SensitiveTest [StartupInfoLogger.java:55] Starting SensitiveTest using Java 1.8.0_311 on LAPTOP-IS7H869C with PID 6064 (started by Xuuuuuuuu in D:\DevelopmentCode\community)
2022-04-13 20:29:03,079 INFO [main] c.e.c.SensitiveTest [SpringApplication.java:640] No active profile set, falling back to 1 default profile: "default"
2022-04-13 20:29:05,999 INFO [main] o.s.b.a.l.ConditionEvaluationReportLoggingListener [ConditionEvaluationReportLoggingListener.java:136] 

Error starting ApplicationContext. To display the conditions report re-run your application with 'debug' enabled.
2022-04-13 20:31:57,315 INFO [main] c.e.c.MapperTest [StartupInfoLogger.java:55] Starting MapperTest using Java 1.8.0_311 on LAPTOP-IS7H869C with PID 15948 (started by Xuuuuuuuu in D:\DevelopmentCode\community)
2022-04-13 20:31:57,315 INFO [main] c.e.c.MapperTest [SpringApplication.java:640] No active profile set, falling back to 1 default profile: "default"
2022-04-13 20:31:59,276 INFO [main] o.s.b.a.l.ConditionEvaluationReportLoggingListener [ConditionEvaluationReportLoggingListener.java:136] 

Error starting ApplicationContext. To display the conditions report re-run your application with 'debug' enabled.
2022-04-13 20:39:22,409 INFO [main] c.e.c.SensitiveTest [StartupInfoLogger.java:55] Starting SensitiveTest using Java 1.8.0_311 on LAPTOP-IS7H869C with PID 12428 (started by Xuuuuuuuu in D:\DevelopmentCode\community)
2022-04-13 20:39:22,428 INFO [main] c.e.c.SensitiveTest [SpringApplication.java:640] No active profile set, falling back to 1 default profile: "default"
2022-04-13 20:39:25,933 INFO [main] o.s.b.a.l.ConditionEvaluationReportLoggingListener [ConditionEvaluationReportLoggingListener.java:136] 

Error starting ApplicationContext. To display the conditions report re-run your application with 'debug' enabled.
2022-04-13 20:40:19,566 INFO [main] c.e.c.MapperTest [StartupInfoLogger.java:55] Starting MapperTest using Java 1.8.0_311 on LAPTOP-IS7H869C with PID 9736 (started by Xuuuuuuuu in D:\DevelopmentCode\community)
2022-04-13 20:40:19,566 INFO [main] c.e.c.MapperTest [SpringApplication.java:640] No active profile set, falling back to 1 default profile: "default"
2022-04-13 20:40:21,496 INFO [main] o.s.b.a.l.ConditionEvaluationReportLoggingListener [ConditionEvaluationReportLoggingListener.java:136] 

Error starting ApplicationContext. To display the conditions report re-run your application with 'debug' enabled.
2022-04-13 20:40:34,639 INFO [restartedMain] c.e.c.CommunityApplication [StartupInfoLogger.java:55] Starting CommunityApplication using Java 1.8.0_311 on LAPTOP-IS7H869C with PID 16852 (D:\DevelopmentCode\community\target\classes started by Xuuuuuuuu in D:\DevelopmentCode\community)
2022-04-13 20:40:34,639 INFO [restartedMain] c.e.c.CommunityApplication [SpringApplication.java:640] No active profile set, falling back to 1 default profile: "default"
2022-04-13 20:40:34,710 INFO [restartedMain] o.s.b.d.e.DevToolsPropertyDefaultsPostProcessor [DeferredLog.java:255] Devtools property defaults active! Set 'spring.devtools.add-properties' to 'false' to disable
2022-04-13 20:40:34,710 INFO [restartedMain] o.s.b.d.e.DevToolsPropertyDefaultsPostProcessor [DeferredLog.java:255] For additional web related logging consider setting the 'logging.level.web' property to 'DEBUG'
2022-04-13 20:40:35,910 INFO [restartedMain] o.s.b.w.e.t.TomcatWebServer [TomcatWebServer.java:108] Tomcat initialized with port(s): 8080 (http)
2022-04-13 20:40:35,913 INFO [restartedMain] o.a.c.h.Http11NioProtocol [DirectJDKLog.java:173] Initializing ProtocolHandler ["http-nio-8080"]
2022-04-13 20:40:35,913 INFO [restartedMain] o.a.c.c.StandardService [DirectJDKLog.java:173] Starting service [Tomcat]
2022-04-13 20:40:35,913 INFO [restartedMain] o.a.c.c.StandardEngine [DirectJDKLog.java:173] Starting Servlet engine: [Apache Tomcat/9.0.60]
2022-04-13 20:40:35,973 INFO [restartedMain] o.a.c.c.C.[.[.[/community] [DirectJDKLog.java:173] Initializing Spring embedded WebApplicationContext
2022-04-13 20:40:35,973 INFO [restartedMain] o.s.b.w.s.c.ServletWebServerApplicationContext [ServletWebServerApplicationContext.java:290] Root WebApplicationContext: initialization completed in 1263 ms
2022-04-13 20:40:36,428 INFO [restartedMain] o.a.c.c.StandardService [DirectJDKLog.java:173] Stopping service [Tomcat]
2022-04-13 20:40:36,444 INFO [restartedMain] o.s.b.a.l.ConditionEvaluationReportLoggingListener [ConditionEvaluationReportLoggingListener.java:136] 

Error starting ApplicationContext. To display the conditions report re-run your application with 'debug' enabled.
2022-04-13 20:41:10,056 INFO [restartedMain] c.e.c.CommunityApplication [StartupInfoLogger.java:55] Starting CommunityApplication using Java 1.8.0_311 on LAPTOP-IS7H869C with PID 10044 (D:\DevelopmentCode\community\target\classes started by Xuuuuuuuu in D:\DevelopmentCode\community)
2022-04-13 20:41:10,056 INFO [restartedMain] c.e.c.CommunityApplication [SpringApplication.java:640] No active profile set, falling back to 1 default profile: "default"
2022-04-13 20:41:10,104 INFO [restartedMain] o.s.b.d.e.DevToolsPropertyDefaultsPostProcessor [DeferredLog.java:255] Devtools property defaults active! Set 'spring.devtools.add-properties' to 'false' to disable
2022-04-13 20:41:10,104 INFO [restartedMain] o.s.b.d.e.DevToolsPropertyDefaultsPostProcessor [DeferredLog.java:255] For additional web related logging consider setting the 'logging.level.web' property to 'DEBUG'
2022-04-13 20:41:11,139 INFO [restartedMain] o.s.b.w.e.t.TomcatWebServer [TomcatWebServer.java:108] Tomcat initialized with port(s): 8080 (http)
2022-04-13 20:41:11,154 INFO [restartedMain] o.a.c.h.Http11NioProtocol [DirectJDKLog.java:173] Initializing ProtocolHandler ["http-nio-8080"]
2022-04-13 20:41:11,154 INFO [restartedMain] o.a.c.c.StandardService [DirectJDKLog.java:173] Starting service [Tomcat]
2022-04-13 20:41:11,154 INFO [restartedMain] o.a.c.c.StandardEngine [DirectJDKLog.java:173] Starting Servlet engine: [Apache Tomcat/9.0.60]
2022-04-13 20:41:11,217 INFO [restartedMain] o.a.c.c.C.[.[.[/community] [DirectJDKLog.java:173] Initializing Spring embedded WebApplicationContext
2022-04-13 20:41:11,217 INFO [restartedMain] o.s.b.w.s.c.ServletWebServerApplicationContext [ServletWebServerApplicationContext.java:290] Root WebApplicationContext: initialization completed in 1113 ms
2022-04-13 20:41:11,751 INFO [restartedMain] o.s.b.a.w.s.WelcomePageHandlerMapping [WelcomePageHandlerMapping.java:57] Adding welcome page template: index
2022-04-13 20:41:11,845 INFO [restartedMain] o.s.b.d.a.OptionalLiveReloadServer [OptionalLiveReloadServer.java:58] LiveReload server is running on port 35729
2022-04-13 20:41:11,861 INFO [restartedMain] o.a.c.h.Http11NioProtocol [DirectJDKLog.java:173] Starting ProtocolHandler ["http-nio-8080"]
2022-04-13 20:41:11,876 INFO [restartedMain] o.s.b.w.e.t.TomcatWebServer [TomcatWebServer.java:220] Tomcat started on port(s): 8080 (http) with context path '/community'
2022-04-13 20:41:11,892 INFO [restartedMain] c.e.c.CommunityApplication [StartupInfoLogger.java:61] Started CommunityApplication in 2.281 seconds (JVM running for 3.359)
2022-04-13 20:42:12,039 INFO [main] c.e.c.MapperTest [StartupInfoLogger.java:55] Starting MapperTest using Java 1.8.0_311 on LAPTOP-IS7H869C with PID 8780 (started by Xuuuuuuuu in D:\DevelopmentCode\community)
2022-04-13 20:42:12,039 INFO [main] c.e.c.MapperTest [SpringApplication.java:640] No active profile set, falling back to 1 default profile: "default"
2022-04-13 20:42:14,653 INFO [main] o.s.b.a.w.s.WelcomePageHandlerMapping [WelcomePageHandlerMapping.java:57] Adding welcome page template: index
2022-04-13 20:42:14,925 INFO [main] c.e.c.MapperTest [StartupInfoLogger.java:61] Started MapperTest in 3.398 seconds (JVM running for 4.508)
2022-04-13 20:42:15,270 INFO [main] c.z.h.HikariDataSource [HikariDataSource.java:110] HikariPool-1 - Starting...
2022-04-13 20:42:15,505 INFO [main] c.z.h.HikariDataSource [HikariDataSource.java:123] HikariPool-1 - Start completed.
2022-04-13 20:42:15,615 INFO [SpringApplicationShutdownHook] c.z.h.HikariDataSource [HikariDataSource.java:350] HikariPool-1 - Shutdown initiated...
2022-04-13 20:42:15,630 INFO [SpringApplicationShutdownHook] c.z.h.HikariDataSource [HikariDataSource.java:352] HikariPool-1 - Shutdown completed.
2022-04-13 20:42:53,910 INFO [restartedMain] c.e.c.CommunityApplication [StartupInfoLogger.java:55] Starting CommunityApplication using Java 1.8.0_311 on LAPTOP-IS7H869C with PID 10044 (D:\DevelopmentCode\community\target\classes started by Xuuuuuuuu in D:\DevelopmentCode\community)
2022-04-13 20:42:53,910 INFO [restartedMain] c.e.c.CommunityApplication [SpringApplication.java:640] No active profile set, falling back to 1 default profile: "default"
2022-04-13 20:42:54,334 INFO [restartedMain] o.s.b.w.e.t.TomcatWebServer [TomcatWebServer.java:108] Tomcat initialized with port(s): 8080 (http)
2022-04-13 20:42:54,334 INFO [restartedMain] o.a.c.h.Http11NioProtocol [DirectJDKLog.java:173] Initializing ProtocolHandler ["http-nio-8080"]
2022-04-13 20:42:54,334 INFO [restartedMain] o.a.c.c.StandardService [DirectJDKLog.java:173] Starting service [Tomcat]
2022-04-13 20:42:54,334 INFO [restartedMain] o.a.c.c.StandardEngine [DirectJDKLog.java:173] Starting Servlet engine: [Apache Tomcat/9.0.60]
2022-04-13 20:42:54,365 INFO [restartedMain] o.a.c.c.C.[.[.[/community] [DirectJDKLog.java:173] Initializing Spring embedded WebApplicationContext
2022-04-13 20:42:54,365 INFO [restartedMain] o.s.b.w.s.c.ServletWebServerApplicationContext [ServletWebServerApplicationContext.java:290] Root WebApplicationContext: initialization completed in 455 ms
2022-04-13 20:42:54,538 INFO [restartedMain] o.s.b.a.w.s.WelcomePageHandlerMapping [WelcomePageHandlerMapping.java:57] Adding welcome page template: index
2022-04-13 20:42:54,601 INFO [restartedMain] o.s.b.d.a.OptionalLiveReloadServer [OptionalLiveReloadServer.java:58] LiveReload server is running on port 35729
2022-04-13 20:42:54,618 INFO [restartedMain] o.a.c.h.Http11NioProtocol [DirectJDKLog.java:173] Starting ProtocolHandler ["http-nio-8080"]
2022-04-13 20:42:54,618 INFO [restartedMain] o.s.b.w.e.t.TomcatWebServer [TomcatWebServer.java:220] Tomcat started on port(s): 8080 (http) with context path '/community'
2022-04-13 20:42:54,632 INFO [restartedMain] c.e.c.CommunityApplication [StartupInfoLogger.java:61] Started CommunityApplication in 0.769 seconds (JVM running for 106.101)
2022-04-13 20:42:54,632 INFO [restartedMain] o.s.b.d.a.ConditionEvaluationDeltaLoggingListener [ConditionEvaluationDeltaLoggingListener.java:63] Condition evaluation unchanged
2022-04-13 20:42:55,322 INFO [main] c.e.c.MapperTest [StartupInfoLogger.java:55] Starting MapperTest using Java 1.8.0_311 on LAPTOP-IS7H869C with PID 15064 (started by Xuuuuuuuu in D:\DevelopmentCode\community)
2022-04-13 20:42:55,338 INFO [main] c.e.c.MapperTest [SpringApplication.java:640] No active profile set, falling back to 1 default profile: "default"
2022-04-13 20:42:56,829 INFO [restartedMain] c.e.c.CommunityApplication [StartupInfoLogger.java:55] Starting CommunityApplication using Java 1.8.0_311 on LAPTOP-IS7H869C with PID 10044 (D:\DevelopmentCode\community\target\classes started by Xuuuuuuuu in D:\DevelopmentCode\community)
2022-04-13 20:42:56,829 INFO [restartedMain] c.e.c.CommunityApplication [SpringApplication.java:640] No active profile set, falling back to 1 default profile: "default"
2022-04-13 20:42:57,150 INFO [restartedMain] o.s.b.w.e.t.TomcatWebServer [TomcatWebServer.java:108] Tomcat initialized with port(s): 8080 (http)
2022-04-13 20:42:57,152 INFO [restartedMain] o.a.c.h.Http11NioProtocol [DirectJDKLog.java:173] Initializing ProtocolHandler ["http-nio-8080"]
2022-04-13 20:42:57,152 INFO [restartedMain] o.a.c.c.StandardService [DirectJDKLog.java:173] Starting service [Tomcat]
2022-04-13 20:42:57,152 INFO [restartedMain] o.a.c.c.StandardEngine [DirectJDKLog.java:173] Starting Servlet engine: [Apache Tomcat/9.0.60]
2022-04-13 20:42:57,159 INFO [restartedMain] o.a.c.c.C.[.[.[/community] [DirectJDKLog.java:173] Initializing Spring embedded WebApplicationContext
2022-04-13 20:42:57,159 INFO [restartedMain] o.s.b.w.s.c.ServletWebServerApplicationContext [ServletWebServerApplicationContext.java:290] Root WebApplicationContext: initialization completed in 314 ms
2022-04-13 20:42:57,346 INFO [restartedMain] o.s.b.a.w.s.WelcomePageHandlerMapping [WelcomePageHandlerMapping.java:57] Adding welcome page template: index
2022-04-13 20:42:57,409 INFO [restartedMain] o.s.b.d.a.OptionalLiveReloadServer [OptionalLiveReloadServer.java:58] LiveReload server is running on port 35729
2022-04-13 20:42:57,425 INFO [restartedMain] o.a.c.h.Http11NioProtocol [DirectJDKLog.java:173] Starting ProtocolHandler ["http-nio-8080"]
2022-04-13 20:42:57,425 INFO [restartedMain] o.s.b.w.e.t.TomcatWebServer [TomcatWebServer.java:220] Tomcat started on port(s): 8080 (http) with context path '/community'
2022-04-13 20:42:57,425 INFO [restartedMain] c.e.c.CommunityApplication [StartupInfoLogger.java:61] Started CommunityApplication in 0.643 seconds (JVM running for 108.899)
2022-04-13 20:42:57,425 INFO [restartedMain] o.s.b.d.a.ConditionEvaluationDeltaLoggingListener [ConditionEvaluationDeltaLoggingListener.java:63] Condition evaluation unchanged
2022-04-13 20:42:58,037 INFO [main] o.s.b.a.w.s.WelcomePageHandlerMapping [WelcomePageHandlerMapping.java:57] Adding welcome page template: index
2022-04-13 20:42:58,383 INFO [main] c.e.c.MapperTest [StartupInfoLogger.java:61] Started MapperTest in 3.535 seconds (JVM running for 4.728)
2022-04-13 20:42:58,712 INFO [main] c.z.h.HikariDataSource [HikariDataSource.java:110] HikariPool-1 - Starting...
2022-04-13 20:42:58,932 INFO [main] c.z.h.HikariDataSource [HikariDataSource.java:123] HikariPool-1 - Start completed.
2022-04-13 20:42:59,058 INFO [SpringApplicationShutdownHook] c.z.h.HikariDataSource [HikariDataSource.java:350] HikariPool-1 - Shutdown initiated...
2022-04-13 20:42:59,073 INFO [SpringApplicationShutdownHook] c.z.h.HikariDataSource [HikariDataSource.java:352] HikariPool-1 - Shutdown completed.
2022-04-13 20:43:06,222 INFO [main] c.e.c.SensitiveTest [StartupInfoLogger.java:55] Starting SensitiveTest using Java 1.8.0_311 on LAPTOP-IS7H869C with PID 16248 (started by Xuuuuuuuu in D:\DevelopmentCode\community)
2022-04-13 20:43:06,222 INFO [main] c.e.c.SensitiveTest [SpringApplication.java:640] No active profile set, falling back to 1 default profile: "default"
2022-04-13 20:43:09,799 INFO [main] o.s.b.a.w.s.WelcomePageHandlerMapping [WelcomePageHandlerMapping.java:57] Adding welcome page template: index
2022-04-13 20:43:10,206 INFO [main] c.e.c.SensitiveTest [StartupInfoLogger.java:61] Started SensitiveTest in 4.61 seconds (JVM running for 6.072)
2022-04-13 20:44:17,346 INFO [main] c.e.c.SensitiveTest [StartupInfoLogger.java:55] Starting SensitiveTest using Java 1.8.0_311 on LAPTOP-IS7H869C with PID 15852 (started by Xuuuuuuuu in D:\DevelopmentCode\community)
2022-04-13 20:44:17,350 INFO [main] c.e.c.SensitiveTest [SpringApplication.java:640] No active profile set, falling back to 1 default profile: "default"
2022-04-13 20:44:22,551 INFO [main] o.s.b.a.w.s.WelcomePageHandlerMapping [WelcomePageHandlerMapping.java:57] Adding welcome page template: index
2022-04-13 20:44:23,076 INFO [main] c.e.c.SensitiveTest [StartupInfoLogger.java:61] Started SensitiveTest in 6.403 seconds (JVM running for 7.764)
2022-04-13 20:44:50,692 INFO [main] c.e.c.SensitiveTest [StartupInfoLogger.java:55] Starting SensitiveTest using Java 1.8.0_311 on LAPTOP-IS7H869C with PID 6792 (started by Xuuuuuuuu in D:\DevelopmentCode\community)
2022-04-13 20:44:50,697 INFO [main] c.e.c.SensitiveTest [SpringApplication.java:640] No active profile set, falling back to 1 default profile: "default"
2022-04-13 20:44:53,823 INFO [main] o.s.b.a.w.s.WelcomePageHandlerMapping [WelcomePageHandlerMapping.java:57] Adding welcome page template: index
2022-04-13 20:44:54,383 INFO [main] c.e.c.SensitiveTest [StartupInfoLogger.java:61] Started SensitiveTest in 4.475 seconds (JVM running for 5.798)
2022-04-13 20:45:53,264 INFO [main] c.e.c.SensitiveTest [StartupInfoLogger.java:55] Starting SensitiveTest using Java 1.8.0_311 on LAPTOP-IS7H869C with PID 468 (started by Xuuuuuuuu in D:\DevelopmentCode\community)
2022-04-13 20:45:53,264 INFO [main] c.e.c.SensitiveTest [SpringApplication.java:640] No active profile set, falling back to 1 default profile: "default"
2022-04-13 20:45:55,726 INFO [main] o.s.b.a.w.s.WelcomePageHandlerMapping [WelcomePageHandlerMapping.java:57] Adding welcome page template: index
2022-04-13 20:45:56,024 INFO [main] c.e.c.SensitiveTest [StartupInfoLogger.java:61] Started SensitiveTest in 3.227 seconds (JVM running for 4.126)
2022-04-13 21:28:36,501 INFO [restartedMain] c.e.c.CommunityApplication [StartupInfoLogger.java:55] Starting CommunityApplication using Java 1.8.0_311 on LAPTOP-IS7H869C with PID 10044 (D:\DevelopmentCode\community\target\classes started by Xuuuuuuuu in D:\DevelopmentCode\community)
2022-04-13 21:28:36,503 INFO [restartedMain] c.e.c.CommunityApplication [SpringApplication.java:640] No active profile set, falling back to 1 default profile: "default"
2022-04-13 21:28:37,024 INFO [restartedMain] o.s.b.w.e.t.TomcatWebServer [TomcatWebServer.java:108] Tomcat initialized with port(s): 8080 (http)
2022-04-13 21:28:37,025 INFO [restartedMain] o.a.c.h.Http11NioProtocol [DirectJDKLog.java:173] Initializing ProtocolHandler ["http-nio-8080"]
2022-04-13 21:28:37,025 INFO [restartedMain] o.a.c.c.StandardService [DirectJDKLog.java:173] Starting service [Tomcat]
2022-04-13 21:28:37,025 INFO [restartedMain] o.a.c.c.StandardEngine [DirectJDKLog.java:173] Starting Servlet engine: [Apache Tomcat/9.0.60]
2022-04-13 21:28:37,050 INFO [restartedMain] o.a.c.c.C.[.[.[/community] [DirectJDKLog.java:173] Initializing Spring embedded WebApplicationContext
2022-04-13 21:28:37,050 INFO [restartedMain] o.s.b.w.s.c.ServletWebServerApplicationContext [ServletWebServerApplicationContext.java:290] Root WebApplicationContext: initialization completed in 538 ms
2022-04-13 21:28:37,151 INFO [restartedMain] o.s.b.a.w.s.WelcomePageHandlerMapping [WelcomePageHandlerMapping.java:57] Adding welcome page template: index
2022-04-13 21:28:37,264 INFO [restartedMain] o.a.c.c.StandardService [DirectJDKLog.java:173] Stopping service [Tomcat]
2022-04-13 21:28:37,270 INFO [restartedMain] o.s.b.a.l.ConditionEvaluationReportLoggingListener [ConditionEvaluationReportLoggingListener.java:136] 

Error starting ApplicationContext. To display the conditions report re-run your application with 'debug' enabled.
2022-04-13 21:28:39,840 INFO [restartedMain] c.e.c.CommunityApplication [StartupInfoLogger.java:55] Starting CommunityApplication using Java 1.8.0_311 on LAPTOP-IS7H869C with PID 10044 (D:\DevelopmentCode\community\target\classes started by Xuuuuuuuu in D:\DevelopmentCode\community)
2022-04-13 21:28:39,840 INFO [restartedMain] c.e.c.CommunityApplication [SpringApplication.java:640] No active profile set, falling back to 1 default profile: "default"
2022-04-13 21:28:40,300 INFO [restartedMain] o.s.b.w.e.t.TomcatWebServer [TomcatWebServer.java:108] Tomcat initialized with port(s): 8080 (http)
2022-04-13 21:28:40,305 INFO [restartedMain] o.a.c.h.Http11NioProtocol [DirectJDKLog.java:173] Initializing ProtocolHandler ["http-nio-8080"]
2022-04-13 21:28:40,305 INFO [restartedMain] o.a.c.c.StandardService [DirectJDKLog.java:173] Starting service [Tomcat]
2022-04-13 21:28:40,305 INFO [restartedMain] o.a.c.c.StandardEngine [DirectJDKLog.java:173] Starting Servlet engine: [Apache Tomcat/9.0.60]
2022-04-13 21:28:40,315 INFO [restartedMain] o.a.c.c.C.[.[.[/community] [DirectJDKLog.java:173] Initializing Spring embedded WebApplicationContext
2022-04-13 21:28:40,315 INFO [restartedMain] o.s.b.w.s.c.ServletWebServerApplicationContext [ServletWebServerApplicationContext.java:290] Root WebApplicationContext: initialization completed in 470 ms
2022-04-13 21:28:40,480 INFO [restartedMain] o.s.b.a.w.s.WelcomePageHandlerMapping [WelcomePageHandlerMapping.java:57] Adding welcome page template: index
2022-04-13 21:28:40,525 INFO [restartedMain] o.s.b.d.a.OptionalLiveReloadServer [OptionalLiveReloadServer.java:58] LiveReload server is running on port 35729
2022-04-13 21:28:40,530 INFO [restartedMain] o.a.c.h.Http11NioProtocol [DirectJDKLog.java:173] Starting ProtocolHandler ["http-nio-8080"]
2022-04-13 21:28:40,541 INFO [restartedMain] o.s.b.w.e.t.TomcatWebServer [TomcatWebServer.java:220] Tomcat started on port(s): 8080 (http) with context path '/community'
2022-04-13 21:28:40,541 INFO [restartedMain] c.e.c.CommunityApplication [StartupInfoLogger.java:61] Started CommunityApplication in 0.752 seconds (JVM running for 2852.008)
2022-04-13 21:28:40,541 INFO [restartedMain] o.s.b.d.a.ConditionEvaluationDeltaLoggingListener [ConditionEvaluationDeltaLoggingListener.java:63] Condition evaluation unchanged
2022-04-13 21:43:14,715 INFO [restartedMain] c.e.c.CommunityApplication [StartupInfoLogger.java:55] Starting CommunityApplication using Java 1.8.0_311 on LAPTOP-IS7H869C with PID 10044 (D:\DevelopmentCode\community\target\classes started by Xuuuuuuuu in D:\DevelopmentCode\community)
2022-04-13 21:43:14,715 INFO [restartedMain] c.e.c.CommunityApplication [SpringApplication.java:640] No active profile set, falling back to 1 default profile: "default"
2022-04-13 21:43:14,985 INFO [restartedMain] o.s.b.w.e.t.TomcatWebServer [TomcatWebServer.java:108] Tomcat initialized with port(s): 8080 (http)
2022-04-13 21:43:14,985 INFO [restartedMain] o.a.c.h.Http11NioProtocol [DirectJDKLog.java:173] Initializing ProtocolHandler ["http-nio-8080"]
2022-04-13 21:43:14,985 INFO [restartedMain] o.a.c.c.StandardService [DirectJDKLog.java:173] Starting service [Tomcat]
2022-04-13 21:43:14,985 INFO [restartedMain] o.a.c.c.StandardEngine [DirectJDKLog.java:173] Starting Servlet engine: [Apache Tomcat/9.0.60]
2022-04-13 21:43:14,995 INFO [restartedMain] o.a.c.c.C.[.[.[/community] [DirectJDKLog.java:173] Initializing Spring embedded WebApplicationContext
2022-04-13 21:43:14,995 INFO [restartedMain] o.s.b.w.s.c.ServletWebServerApplicationContext [ServletWebServerApplicationContext.java:290] Root WebApplicationContext: initialization completed in 280 ms
2022-04-13 21:43:15,155 INFO [restartedMain] o.s.b.a.w.s.WelcomePageHandlerMapping [WelcomePageHandlerMapping.java:57] Adding welcome page template: index
2022-04-13 21:43:15,245 INFO [restartedMain] o.s.b.d.a.OptionalLiveReloadServer [OptionalLiveReloadServer.java:58] LiveReload server is running on port 35729
2022-04-13 21:43:15,266 INFO [restartedMain] o.a.c.h.Http11NioProtocol [DirectJDKLog.java:173] Starting ProtocolHandler ["http-nio-8080"]
2022-04-13 21:43:15,270 INFO [restartedMain] o.s.b.w.e.t.TomcatWebServer [TomcatWebServer.java:220] Tomcat started on port(s): 8080 (http) with context path '/community'
2022-04-13 21:43:15,275 INFO [restartedMain] c.e.c.CommunityApplication [StartupInfoLogger.java:61] Started CommunityApplication in 0.599 seconds (JVM running for 3726.74)
2022-04-13 21:43:15,283 INFO [restartedMain] o.s.b.d.a.ConditionEvaluationDeltaLoggingListener [ConditionEvaluationDeltaLoggingListener.java:63] Condition evaluation unchanged
2022-04-13 21:43:23,520 INFO [restartedMain] c.e.c.CommunityApplication [StartupInfoLogger.java:55] Starting CommunityApplication using Java 1.8.0_311 on LAPTOP-IS7H869C with PID 3136 (D:\DevelopmentCode\community\target\classes started by Xuuuuuuuu in D:\DevelopmentCode\community)
2022-04-13 21:43:23,524 INFO [restartedMain] c.e.c.CommunityApplication [SpringApplication.java:640] No active profile set, falling back to 1 default profile: "default"
2022-04-13 21:43:23,604 INFO [restartedMain] o.s.b.d.e.DevToolsPropertyDefaultsPostProcessor [DeferredLog.java:255] Devtools property defaults active! Set 'spring.devtools.add-properties' to 'false' to disable
2022-04-13 21:43:23,605 INFO [restartedMain] o.s.b.d.e.DevToolsPropertyDefaultsPostProcessor [DeferredLog.java:255] For additional web related logging consider setting the 'logging.level.web' property to 'DEBUG'
2022-04-13 21:43:25,436 INFO [restartedMain] o.s.b.w.e.t.TomcatWebServer [TomcatWebServer.java:108] Tomcat initialized with port(s): 8080 (http)
2022-04-13 21:43:25,436 INFO [restartedMain] o.a.c.h.Http11NioProtocol [DirectJDKLog.java:173] Initializing ProtocolHandler ["http-nio-8080"]
2022-04-13 21:43:25,436 INFO [restartedMain] o.a.c.c.StandardService [DirectJDKLog.java:173] Starting service [Tomcat]
2022-04-13 21:43:25,436 INFO [restartedMain] o.a.c.c.StandardEngine [DirectJDKLog.java:173] Starting Servlet engine: [Apache Tomcat/9.0.60]
2022-04-13 21:43:25,519 INFO [restartedMain] o.a.c.c.C.[.[.[/community] [DirectJDKLog.java:173] Initializing Spring embedded WebApplicationContext
2022-04-13 21:43:25,519 INFO [restartedMain] o.s.b.w.s.c.ServletWebServerApplicationContext [ServletWebServerApplicationContext.java:290] Root WebApplicationContext: initialization completed in 1912 ms
2022-04-13 21:43:26,070 INFO [restartedMain] o.s.b.a.w.s.WelcomePageHandlerMapping [WelcomePageHandlerMapping.java:57] Adding welcome page template: index
2022-04-13 21:43:26,171 INFO [restartedMain] o.s.b.d.a.OptionalLiveReloadServer [OptionalLiveReloadServer.java:58] LiveReload server is running on port 35729
2022-04-13 21:43:26,187 INFO [restartedMain] o.a.c.h.Http11NioProtocol [DirectJDKLog.java:173] Starting ProtocolHandler ["http-nio-8080"]
2022-04-13 21:43:26,216 INFO [restartedMain] o.s.b.w.e.t.TomcatWebServer [TomcatWebServer.java:220] Tomcat started on port(s): 8080 (http) with context path '/community'
2022-04-13 21:43:26,218 INFO [restartedMain] c.e.c.CommunityApplication [StartupInfoLogger.java:61] Started CommunityApplication in 3.738 seconds (JVM running for 5.147)
2022-04-13 21:44:04,187 INFO [http-nio-8080-exec-4] o.a.c.c.C.[.[.[/community] [DirectJDKLog.java:173] Initializing Spring DispatcherServlet 'dispatcherServlet'
2022-04-13 21:44:04,187 INFO [http-nio-8080-exec-4] o.s.w.s.DispatcherServlet [FrameworkServlet.java:525] Initializing Servlet 'dispatcherServlet'
2022-04-13 21:44:04,188 INFO [http-nio-8080-exec-4] o.s.w.s.DispatcherServlet [FrameworkServlet.java:547] Completed initialization in 1 ms
2022-04-13 21:44:06,170 INFO [http-nio-8080-exec-9] c.z.h.HikariDataSource [HikariDataSource.java:110] HikariPool-1 - Starting...
2022-04-13 21:44:06,310 INFO [http-nio-8080-exec-9] c.z.h.HikariDataSource [HikariDataSource.java:123] HikariPool-1 - Start completed.
2022-04-13 21:47:38,048 INFO [SpringApplicationShutdownHook] c.z.h.HikariDataSource [HikariDataSource.java:350] HikariPool-1 - Shutdown initiated...
2022-04-13 21:47:38,064 INFO [SpringApplicationShutdownHook] c.z.h.HikariDataSource [HikariDataSource.java:352] HikariPool-1 - Shutdown completed.
2022-04-13 21:47:41,682 INFO [restartedMain] c.e.c.CommunityApplication [StartupInfoLogger.java:55] Starting CommunityApplication using Java 1.8.0_311 on LAPTOP-IS7H869C with PID 5204 (D:\DevelopmentCode\community\target\classes started by Xuuuuuuuu in D:\DevelopmentCode\community)
2022-04-13 21:47:41,682 INFO [restartedMain] c.e.c.CommunityApplication [SpringApplication.java:640] No active profile set, falling back to 1 default profile: "default"
2022-04-13 21:47:41,745 INFO [restartedMain] o.s.b.d.e.DevToolsPropertyDefaultsPostProcessor [DeferredLog.java:255] Devtools property defaults active! Set 'spring.devtools.add-properties' to 'false' to disable
2022-04-13 21:47:41,745 INFO [restartedMain] o.s.b.d.e.DevToolsPropertyDefaultsPostProcessor [DeferredLog.java:255] For additional web related logging consider setting the 'logging.level.web' property to 'DEBUG'
2022-04-13 21:47:42,752 INFO [restartedMain] o.s.b.w.e.t.TomcatWebServer [TomcatWebServer.java:108] Tomcat initialized with port(s): 8080 (http)
2022-04-13 21:47:42,766 INFO [restartedMain] o.a.c.h.Http11NioProtocol [DirectJDKLog.java:173] Initializing ProtocolHandler ["http-nio-8080"]
2022-04-13 21:47:42,766 INFO [restartedMain] o.a.c.c.StandardService [DirectJDKLog.java:173] Starting service [Tomcat]
2022-04-13 21:47:42,766 INFO [restartedMain] o.a.c.c.StandardEngine [DirectJDKLog.java:173] Starting Servlet engine: [Apache Tomcat/9.0.60]
2022-04-13 21:47:42,822 INFO [restartedMain] o.a.c.c.C.[.[.[/community] [DirectJDKLog.java:173] Initializing Spring embedded WebApplicationContext
2022-04-13 21:47:42,822 INFO [restartedMain] o.s.b.w.s.c.ServletWebServerApplicationContext [ServletWebServerApplicationContext.java:290] Root WebApplicationContext: initialization completed in 1077 ms
2022-04-13 21:47:43,323 INFO [restartedMain] o.s.b.a.w.s.WelcomePageHandlerMapping [WelcomePageHandlerMapping.java:57] Adding welcome page template: index
2022-04-13 21:47:43,425 INFO [restartedMain] o.s.b.d.a.OptionalLiveReloadServer [OptionalLiveReloadServer.java:58] LiveReload server is running on port 35729
2022-04-13 21:47:43,441 INFO [restartedMain] o.a.c.h.Http11NioProtocol [DirectJDKLog.java:173] Starting ProtocolHandler ["http-nio-8080"]
2022-04-13 21:47:43,456 INFO [restartedMain] o.s.b.w.e.t.TomcatWebServer [TomcatWebServer.java:220] Tomcat started on port(s): 8080 (http) with context path '/community'
2022-04-13 21:47:43,472 INFO [restartedMain] c.e.c.CommunityApplication [StartupInfoLogger.java:61] Started CommunityApplication in 2.185 seconds (JVM running for 3.48)
2022-04-13 21:48:07,279 INFO [restartedMain] c.e.c.CommunityApplication [StartupInfoLogger.java:55] Starting CommunityApplication using Java 1.8.0_311 on LAPTOP-IS7H869C with PID 11480 (D:\DevelopmentCode\community\target\classes started by Xuuuuuuuu in D:\DevelopmentCode\community)
2022-04-13 21:48:07,279 INFO [restartedMain] c.e.c.CommunityApplication [SpringApplication.java:640] No active profile set, falling back to 1 default profile: "default"
2022-04-13 21:48:07,342 INFO [restartedMain] o.s.b.d.e.DevToolsPropertyDefaultsPostProcessor [DeferredLog.java:255] Devtools property defaults active! Set 'spring.devtools.add-properties' to 'false' to disable
2022-04-13 21:48:07,342 INFO [restartedMain] o.s.b.d.e.DevToolsPropertyDefaultsPostProcessor [DeferredLog.java:255] For additional web related logging consider setting the 'logging.level.web' property to 'DEBUG'
2022-04-13 21:48:08,345 INFO [restartedMain] o.s.b.w.e.t.TomcatWebServer [TomcatWebServer.java:108] Tomcat initialized with port(s): 8080 (http)
2022-04-13 21:48:08,345 INFO [restartedMain] o.a.c.h.Http11NioProtocol [DirectJDKLog.java:173] Initializing ProtocolHandler ["http-nio-8080"]
2022-04-13 21:48:08,345 INFO [restartedMain] o.a.c.c.StandardService [DirectJDKLog.java:173] Starting service [Tomcat]
2022-04-13 21:48:08,345 INFO [restartedMain] o.a.c.c.StandardEngine [DirectJDKLog.java:173] Starting Servlet engine: [Apache Tomcat/9.0.60]
2022-04-13 21:48:08,414 INFO [restartedMain] o.a.c.c.C.[.[.[/community] [DirectJDKLog.java:173] Initializing Spring embedded WebApplicationContext
2022-04-13 21:48:08,414 INFO [restartedMain] o.s.b.w.s.c.ServletWebServerApplicationContext [ServletWebServerApplicationContext.java:290] Root WebApplicationContext: initialization completed in 1072 ms
2022-04-13 21:48:08,920 INFO [restartedMain] o.s.b.a.w.s.WelcomePageHandlerMapping [WelcomePageHandlerMapping.java:57] Adding welcome page template: index
2022-04-13 21:48:09,024 INFO [restartedMain] o.s.b.d.a.OptionalLiveReloadServer [OptionalLiveReloadServer.java:58] LiveReload server is running on port 35729
2022-04-13 21:48:09,039 INFO [restartedMain] o.a.c.h.Http11NioProtocol [DirectJDKLog.java:173] Starting ProtocolHandler ["http-nio-8080"]
2022-04-13 21:48:09,054 INFO [restartedMain] o.s.b.w.e.t.TomcatWebServer [TomcatWebServer.java:220] Tomcat started on port(s): 8080 (http) with context path '/community'
2022-04-13 21:48:09,063 INFO [restartedMain] c.e.c.CommunityApplication [StartupInfoLogger.java:61] Started CommunityApplication in 2.204 seconds (JVM running for 3.63)
2022-04-13 21:48:21,297 INFO [http-nio-8080-exec-1] o.a.c.c.C.[.[.[/community] [DirectJDKLog.java:173] Initializing Spring DispatcherServlet 'dispatcherServlet'
2022-04-13 21:48:21,298 INFO [http-nio-8080-exec-1] o.s.w.s.DispatcherServlet [FrameworkServlet.java:525] Initializing Servlet 'dispatcherServlet'
2022-04-13 21:48:21,299 INFO [http-nio-8080-exec-1] o.s.w.s.DispatcherServlet [FrameworkServlet.java:547] Completed initialization in 1 ms
