2022-05-01 20:24:49,860 ERROR [restartedMain] o.s.b.SpringApplication [SpringApplication.java:830] Application run failed
org.springframework.beans.factory.BeanCreationException: Error creating bean with name 'sqlSessionFactory' defined in class path resource [org/mybatis/spring/boot/autoconfigure/MybatisAutoConfiguration.class]: Bean instantiation via factory method failed; nested exception is org.springframework.beans.BeanInstantiationException: Failed to instantiate [org.apache.ibatis.session.SqlSessionFactory]: Factory method 'sqlSessionFactory' threw exception; nested exception is org.springframework.core.NestedIOException: Failed to parse mapping resource: 'file [D:\DevelopmentCode\community\target\classes\mapper\comment-mapper.xml]'; nested exception is org.apache.ibatis.builder.BuilderException: Error parsing Mapper XML. The XML location is 'file [D:\DevelopmentCode\community\target\classes\mapper\comment-mapper.xml]'. Cause: org.apache.ibatis.builder.BuilderException: Error resolving class. Cause: org.apache.ibatis.type.TypeException: Could not resolve type alias 'Comment'.  Cause: java.lang.ClassNotFoundException: Cannot find class: Comment
	at org.springframework.beans.factory.support.ConstructorResolver.instantiate(ConstructorResolver.java:658)
	at org.springframework.beans.factory.support.ConstructorResolver.instantiateUsingFactoryMethod(ConstructorResolver.java:638)
	at org.springframework.beans.factory.support.AbstractAutowireCapableBeanFactory.instantiateUsingFactoryMethod(AbstractAutowireCapableBeanFactory.java:1352)
	at org.springframework.beans.factory.support.AbstractAutowireCapableBeanFactory.createBeanInstance(AbstractAutowireCapableBeanFactory.java:1195)
	at org.springframework.beans.factory.support.AbstractAutowireCapableBeanFactory.doCreateBean(AbstractAutowireCapableBeanFactory.java:582)
	at org.springframework.beans.factory.support.AbstractAutowireCapableBeanFactory.createBean(AbstractAutowireCapableBeanFactory.java:542)
	at org.springframework.beans.factory.support.AbstractBeanFactory.lambda$doGetBean$0(AbstractBeanFactory.java:335)
	at org.springframework.beans.factory.support.DefaultSingletonBeanRegistry.getSingleton(DefaultSingletonBeanRegistry.java:234)
	at org.springframework.beans.factory.support.AbstractBeanFactory.doGetBean(AbstractBeanFactory.java:333)
	at org.springframework.beans.factory.support.AbstractBeanFactory.getBean(AbstractBeanFactory.java:208)
	at org.springframework.beans.factory.support.DefaultListableBeanFactory.preInstantiateSingletons(DefaultListableBeanFactory.java:953)
	at org.springframework.context.support.AbstractApplicationContext.finishBeanFactoryInitialization(AbstractApplicationContext.java:918)
	at org.springframework.context.support.AbstractApplicationContext.refresh(AbstractApplicationContext.java:583)
	at org.springframework.boot.web.servlet.context.ServletWebServerApplicationContext.refresh(ServletWebServerApplicationContext.java:145)
	at org.springframework.boot.SpringApplication.refresh(SpringApplication.java:740)
	at org.springframework.boot.SpringApplication.refreshContext(SpringApplication.java:415)
	at org.springframework.boot.SpringApplication.run(SpringApplication.java:303)
	at org.springframework.boot.SpringApplication.run(SpringApplication.java:1312)
	at org.springframework.boot.SpringApplication.run(SpringApplication.java:1301)
	at com.example.community.CommunityApplication.main(CommunityApplication.java:10)
	at sun.reflect.NativeMethodAccessorImpl.invoke0(Native Method)
	at sun.reflect.NativeMethodAccessorImpl.invoke(NativeMethodAccessorImpl.java:62)
	at sun.reflect.DelegatingMethodAccessorImpl.invoke(DelegatingMethodAccessorImpl.java:43)
	at java.lang.reflect.Method.invoke(Method.java:498)
	at org.springframework.boot.devtools.restart.RestartLauncher.run(RestartLauncher.java:49)
Caused by: org.springframework.beans.BeanInstantiationException: Failed to instantiate [org.apache.ibatis.session.SqlSessionFactory]: Factory method 'sqlSessionFactory' threw exception; nested exception is org.springframework.core.NestedIOException: Failed to parse mapping resource: 'file [D:\DevelopmentCode\community\target\classes\mapper\comment-mapper.xml]'; nested exception is org.apache.ibatis.builder.BuilderException: Error parsing Mapper XML. The XML location is 'file [D:\DevelopmentCode\community\target\classes\mapper\comment-mapper.xml]'. Cause: org.apache.ibatis.builder.BuilderException: Error resolving class. Cause: org.apache.ibatis.type.TypeException: Could not resolve type alias 'Comment'.  Cause: java.lang.ClassNotFoundException: Cannot find class: Comment
	at org.springframework.beans.factory.support.SimpleInstantiationStrategy.instantiate(SimpleInstantiationStrategy.java:185)
	at org.springframework.beans.factory.support.ConstructorResolver.instantiate(ConstructorResolver.java:653)
	... 24 common frames omitted
Caused by: org.springframework.core.NestedIOException: Failed to parse mapping resource: 'file [D:\DevelopmentCode\community\target\classes\mapper\comment-mapper.xml]'; nested exception is org.apache.ibatis.builder.BuilderException: Error parsing Mapper XML. The XML location is 'file [D:\DevelopmentCode\community\target\classes\mapper\comment-mapper.xml]'. Cause: org.apache.ibatis.builder.BuilderException: Error resolving class. Cause: org.apache.ibatis.type.TypeException: Could not resolve type alias 'Comment'.  Cause: java.lang.ClassNotFoundException: Cannot find class: Comment
	at org.mybatis.spring.SqlSessionFactoryBean.buildSqlSessionFactory(SqlSessionFactoryBean.java:534)
	at org.mybatis.spring.SqlSessionFactoryBean.afterPropertiesSet(SqlSessionFactoryBean.java:424)
	at org.mybatis.spring.SqlSessionFactoryBean.getObject(SqlSessionFactoryBean.java:554)
	at org.mybatis.spring.boot.autoconfigure.MybatisAutoConfiguration.sqlSessionFactory(MybatisAutoConfiguration.java:150)
	at org.mybatis.spring.boot.autoconfigure.MybatisAutoConfiguration$$EnhancerBySpringCGLIB$$eb019b76.CGLIB$sqlSessionFactory$1(<generated>)
	at org.mybatis.spring.boot.autoconfigure.MybatisAutoConfiguration$$EnhancerBySpringCGLIB$$eb019b76$$FastClassBySpringCGLIB$$5f9b1674.invoke(<generated>)
	at org.springframework.cglib.proxy.MethodProxy.invokeSuper(MethodProxy.java:244)
	at org.springframework.context.annotation.ConfigurationClassEnhancer$BeanMethodInterceptor.intercept(ConfigurationClassEnhancer.java:331)
	at org.mybatis.spring.boot.autoconfigure.MybatisAutoConfiguration$$EnhancerBySpringCGLIB$$eb019b76.sqlSessionFactory(<generated>)
	at sun.reflect.NativeMethodAccessorImpl.invoke0(Native Method)
	at sun.reflect.NativeMethodAccessorImpl.invoke(NativeMethodAccessorImpl.java:62)
	at sun.reflect.DelegatingMethodAccessorImpl.invoke(DelegatingMethodAccessorImpl.java:43)
	at java.lang.reflect.Method.invoke(Method.java:498)
	at org.springframework.beans.factory.support.SimpleInstantiationStrategy.instantiate(SimpleInstantiationStrategy.java:154)
	... 25 common frames omitted
Caused by: org.apache.ibatis.builder.BuilderException: Error parsing Mapper XML. The XML location is 'file [D:\DevelopmentCode\community\target\classes\mapper\comment-mapper.xml]'. Cause: org.apache.ibatis.builder.BuilderException: Error resolving class. Cause: org.apache.ibatis.type.TypeException: Could not resolve type alias 'Comment'.  Cause: java.lang.ClassNotFoundException: Cannot find class: Comment
	at org.apache.ibatis.builder.xml.XMLMapperBuilder.configurationElement(XMLMapperBuilder.java:122)
	at org.apache.ibatis.builder.xml.XMLMapperBuilder.parse(XMLMapperBuilder.java:94)
	at org.mybatis.spring.SqlSessionFactoryBean.buildSqlSessionFactory(SqlSessionFactoryBean.java:532)
	... 38 common frames omitted
Caused by: org.apache.ibatis.builder.BuilderException: Error resolving class. Cause: org.apache.ibatis.type.TypeException: Could not resolve type alias 'Comment'.  Cause: java.lang.ClassNotFoundException: Cannot find class: Comment
	at org.apache.ibatis.builder.BaseBuilder.resolveClass(BaseBuilder.java:118)
	at org.apache.ibatis.builder.xml.XMLStatementBuilder.parseStatementNode(XMLStatementBuilder.java:102)
	at org.apache.ibatis.builder.xml.XMLMapperBuilder.buildStatementFromContext(XMLMapperBuilder.java:137)
	at org.apache.ibatis.builder.xml.XMLMapperBuilder.buildStatementFromContext(XMLMapperBuilder.java:130)
	at org.apache.ibatis.builder.xml.XMLMapperBuilder.configurationElement(XMLMapperBuilder.java:120)
	... 40 common frames omitted
Caused by: org.apache.ibatis.type.TypeException: Could not resolve type alias 'Comment'.  Cause: java.lang.ClassNotFoundException: Cannot find class: Comment
	at org.apache.ibatis.type.TypeAliasRegistry.resolveAlias(TypeAliasRegistry.java:120)
	at org.apache.ibatis.builder.BaseBuilder.resolveAlias(BaseBuilder.java:149)
	at org.apache.ibatis.builder.BaseBuilder.resolveClass(BaseBuilder.java:116)
	... 44 common frames omitted
Caused by: java.lang.ClassNotFoundException: Cannot find class: Comment
	at org.apache.ibatis.io.ClassLoaderWrapper.classForName(ClassLoaderWrapper.java:200)
	at org.apache.ibatis.io.ClassLoaderWrapper.classForName(ClassLoaderWrapper.java:89)
	at org.apache.ibatis.io.Resources.classForName(Resources.java:261)
	at org.apache.ibatis.type.TypeAliasRegistry.resolveAlias(TypeAliasRegistry.java:116)
	... 46 common frames omitted
2022-05-01 20:26:10,019 ERROR [main] o.s.k.s.LoggingProducerListener [LogAccessor.java:261] Exception thrown when sending a message with key='null' and payload='你好' to topic test:
org.apache.kafka.common.errors.TimeoutException: Topic test not present in metadata after 60000 ms.
2022-05-01 20:34:07,264 ERROR [kafka-producer-network-thread | producer-1] o.s.k.s.LoggingProducerListener [LogAccessor.java:261] Exception thrown when sending a message with key='null' and payload='你好' to topic test:
org.apache.kafka.common.KafkaException: Producer is closed forcefully.
	at org.apache.kafka.clients.producer.internals.RecordAccumulator.abortBatches(RecordAccumulator.java:760)
	at org.apache.kafka.clients.producer.internals.RecordAccumulator.abortIncompleteBatches(RecordAccumulator.java:747)
	at org.apache.kafka.clients.producer.internals.Sender.run(Sender.java:283)
	at java.lang.Thread.run(Thread.java:748)
2022-05-01 20:34:07,264 ERROR [kafka-producer-network-thread | producer-1] o.s.k.s.LoggingProducerListener [LogAccessor.java:261] Exception thrown when sending a message with key='null' and payload='在吗' to topic test:
org.apache.kafka.common.KafkaException: Producer is closed forcefully.
	at org.apache.kafka.clients.producer.internals.RecordAccumulator.abortBatches(RecordAccumulator.java:760)
	at org.apache.kafka.clients.producer.internals.RecordAccumulator.abortIncompleteBatches(RecordAccumulator.java:747)
	at org.apache.kafka.clients.producer.internals.Sender.run(Sender.java:283)
	at java.lang.Thread.run(Thread.java:748)
2022-05-01 20:35:53,570 ERROR [kafka-producer-network-thread | producer-1] o.s.k.s.LoggingProducerListener [LogAccessor.java:261] Exception thrown when sending a message with key='null' and payload='你好' to topic test:
org.apache.kafka.common.KafkaException: Producer is closed forcefully.
	at org.apache.kafka.clients.producer.internals.RecordAccumulator.abortBatches(RecordAccumulator.java:760)
	at org.apache.kafka.clients.producer.internals.RecordAccumulator.abortIncompleteBatches(RecordAccumulator.java:747)
	at org.apache.kafka.clients.producer.internals.Sender.run(Sender.java:283)
	at java.lang.Thread.run(Thread.java:748)
2022-05-01 20:35:53,576 ERROR [kafka-producer-network-thread | producer-1] o.s.k.s.LoggingProducerListener [LogAccessor.java:261] Exception thrown when sending a message with key='null' and payload='在吗' to topic test:
org.apache.kafka.common.KafkaException: Producer is closed forcefully.
	at org.apache.kafka.clients.producer.internals.RecordAccumulator.abortBatches(RecordAccumulator.java:760)
	at org.apache.kafka.clients.producer.internals.RecordAccumulator.abortIncompleteBatches(RecordAccumulator.java:747)
	at org.apache.kafka.clients.producer.internals.Sender.run(Sender.java:283)
	at java.lang.Thread.run(Thread.java:748)
2022-05-01 20:46:50,843 ERROR [kafka-producer-network-thread | producer-1] o.s.k.s.LoggingProducerListener [LogAccessor.java:261] Exception thrown when sending a message with key='null' and payload='你好' to topic test:
org.apache.kafka.common.KafkaException: Producer is closed forcefully.
	at org.apache.kafka.clients.producer.internals.RecordAccumulator.abortBatches(RecordAccumulator.java:760)
	at org.apache.kafka.clients.producer.internals.RecordAccumulator.abortIncompleteBatches(RecordAccumulator.java:747)
	at org.apache.kafka.clients.producer.internals.Sender.run(Sender.java:283)
	at java.lang.Thread.run(Thread.java:748)
2022-05-01 20:46:50,857 ERROR [kafka-producer-network-thread | producer-1] o.s.k.s.LoggingProducerListener [LogAccessor.java:261] Exception thrown when sending a message with key='null' and payload='在吗' to topic test:
org.apache.kafka.common.KafkaException: Producer is closed forcefully.
	at org.apache.kafka.clients.producer.internals.RecordAccumulator.abortBatches(RecordAccumulator.java:760)
	at org.apache.kafka.clients.producer.internals.RecordAccumulator.abortIncompleteBatches(RecordAccumulator.java:747)
	at org.apache.kafka.clients.producer.internals.Sender.run(Sender.java:283)
	at java.lang.Thread.run(Thread.java:748)
2022-05-01 20:50:46,358 ERROR [kafka-producer-network-thread | producer-1] o.s.k.s.LoggingProducerListener [LogAccessor.java:261] Exception thrown when sending a message with key='null' and payload='你好' to topic test:
org.apache.kafka.common.KafkaException: Producer is closed forcefully.
	at org.apache.kafka.clients.producer.internals.RecordAccumulator.abortBatches(RecordAccumulator.java:760)
	at org.apache.kafka.clients.producer.internals.RecordAccumulator.abortIncompleteBatches(RecordAccumulator.java:747)
	at org.apache.kafka.clients.producer.internals.Sender.run(Sender.java:283)
	at java.lang.Thread.run(Thread.java:748)
2022-05-01 20:50:46,361 ERROR [kafka-producer-network-thread | producer-1] o.s.k.s.LoggingProducerListener [LogAccessor.java:261] Exception thrown when sending a message with key='null' and payload='在吗' to topic test:
org.apache.kafka.common.KafkaException: Producer is closed forcefully.
	at org.apache.kafka.clients.producer.internals.RecordAccumulator.abortBatches(RecordAccumulator.java:760)
	at org.apache.kafka.clients.producer.internals.RecordAccumulator.abortIncompleteBatches(RecordAccumulator.java:747)
	at org.apache.kafka.clients.producer.internals.Sender.run(Sender.java:283)
	at java.lang.Thread.run(Thread.java:748)
